<?xml version="1.0" encoding="UTF-8"?>
<coverage generated="1774420774270" clover="3.2.0">
  <project timestamp="1774420774271" name="All files">
    <metrics statements="1212" coveredstatements="731" conditionals="1024" coveredconditionals="542" methods="319" coveredmethods="173" elements="2555" coveredelements="1446" complexity="0" loc="1212" ncloc="1212" packages="9" files="52" classes="52"/>
    <package name="app">
      <metrics statements="421" coveredstatements="289" conditionals="429" coveredconditionals="263" methods="129" coveredmethods="70"/>
      <file name="_layout.tsx" path="D:\Android\Apk\SalesInsight\app\_layout.tsx">
        <metrics statements="25" coveredstatements="0" conditionals="13" coveredconditionals="0" methods="9" coveredmethods="0"/>
        <line num="10" count="0" type="stmt"/>
        <line num="19" count="0" type="stmt"/>
        <line num="23" count="0" type="stmt"/>
        <line num="26" count="0" type="stmt"/>
        <line num="27" count="0" type="stmt"/>
        <line num="28" count="0" type="stmt"/>
        <line num="29" count="0" type="stmt"/>
        <line num="30" count="0" type="stmt"/>
        <line num="31" count="0" type="stmt"/>
        <line num="33" count="0" type="stmt"/>
        <line num="34" count="0" type="stmt"/>
        <line num="35" count="0" type="stmt"/>
        <line num="38" count="0" type="stmt"/>
        <line num="41" count="0" type="cond" truecount="0" falsecount="3"/>
        <line num="43" count="0" type="stmt"/>
        <line num="44" count="0" type="cond" truecount="0" falsecount="2"/>
        <line num="45" count="0" type="stmt"/>
        <line num="47" count="0" type="stmt"/>
        <line num="50" count="0" type="stmt"/>
        <line num="51" count="0" type="cond" truecount="0" falsecount="4"/>
        <line num="52" count="0" type="stmt"/>
        <line num="55" count="0" type="stmt"/>
        <line num="56" count="0" type="stmt"/>
        <line num="59" count="0" type="stmt"/>
        <line num="82" count="0" type="stmt"/>
      </file>
      <file name="about.tsx" path="D:\Android\Apk\SalesInsight\app\about.tsx">
        <metrics statements="74" coveredstatements="49" conditionals="74" coveredconditionals="47" methods="25" coveredmethods="20"/>
        <line num="46" count="1" type="stmt"/>
        <line num="48" count="1" type="stmt"/>
        <line num="49" count="1" type="stmt"/>
        <line num="80" count="4" type="stmt"/>
        <line num="81" count="4" type="cond" truecount="1" falsecount="1"/>
        <line num="82" count="0" type="stmt"/>
        <line num="85" count="4" type="cond" truecount="1" falsecount="1"/>
        <line num="86" count="4" type="stmt"/>
        <line num="87" count="4" type="cond" truecount="1" falsecount="1"/>
        <line num="88" count="4" type="stmt"/>
        <line num="92" count="0" type="stmt"/>
        <line num="96" count="28" type="stmt"/>
        <line num="105" count="12" type="stmt"/>
        <line num="112" count="12" type="stmt"/>
        <line num="136" count="8" type="stmt"/>
        <line num="143" count="8" type="stmt"/>
        <line num="162" count="4" type="stmt"/>
        <line num="176" count="5" type="stmt"/>
        <line num="177" count="5" type="stmt"/>
        <line num="178" count="5" type="stmt"/>
        <line num="179" count="5" type="stmt"/>
        <line num="180" count="5" type="stmt"/>
        <line num="182" count="5" type="stmt"/>
        <line num="183" count="4" type="stmt"/>
        <line num="203" count="5" type="stmt"/>
        <line num="204" count="5" type="stmt"/>
        <line num="205" count="5" type="stmt"/>
        <line num="206" count="5" type="stmt"/>
        <line num="207" count="5" type="stmt"/>
        <line num="208" count="5" type="stmt"/>
        <line num="209" count="5" type="stmt"/>
        <line num="210" count="5" type="stmt"/>
        <line num="212" count="5" type="stmt"/>
        <line num="213" count="0" type="cond" truecount="0" falsecount="4"/>
        <line num="214" count="0" type="stmt"/>
        <line num="215" count="0" type="stmt"/>
        <line num="218" count="0" type="stmt"/>
        <line num="219" count="0" type="cond" truecount="0" falsecount="2"/>
        <line num="220" count="0" type="stmt"/>
        <line num="223" count="0" type="stmt"/>
        <line num="226" count="0" type="stmt"/>
        <line num="227" count="0" type="cond" truecount="0" falsecount="2"/>
        <line num="228" count="0" type="stmt"/>
        <line num="230" count="0" type="stmt"/>
        <line num="232" count="0" type="stmt"/>
        <line num="236" count="5" type="stmt"/>
        <line num="237" count="1" type="cond" truecount="1" falsecount="1"/>
        <line num="238" count="0" type="stmt"/>
        <line num="239" count="0" type="stmt"/>
        <line num="242" count="1" type="stmt"/>
        <line num="243" count="1" type="stmt"/>
        <line num="244" count="1" type="stmt"/>
        <line num="245" count="1" type="stmt"/>
        <line num="247" count="1" type="cond" truecount="1" falsecount="1"/>
        <line num="248" count="1" type="stmt"/>
        <line num="256" count="1" type="stmt"/>
        <line num="257" count="0" type="cond" truecount="0" falsecount="2"/>
        <line num="258" count="0" type="stmt"/>
        <line num="264" count="1" type="stmt"/>
        <line num="267" count="0" type="stmt"/>
        <line num="269" count="0" type="cond" truecount="0" falsecount="2"/>
        <line num="270" count="0" type="stmt"/>
        <line num="272" count="1" type="stmt"/>
        <line num="276" count="5" type="stmt"/>
        <line num="277" count="1" type="stmt"/>
        <line num="278" count="1" type="stmt"/>
        <line num="283" count="0" type="stmt"/>
        <line num="287" count="5" type="stmt"/>
        <line num="292" count="5" type="stmt"/>
        <line num="296" count="5" type="stmt"/>
        <line num="349" count="0" type="cond" truecount="2" falsecount="0"/>
        <line num="359" count="0" type="stmt"/>
        <line num="360" count="0" type="stmt"/>
        <line num="388" count="1" type="stmt"/>
      </file>
      <file name="appbar-examples.tsx" path="D:\Android\Apk\SalesInsight\app\appbar-examples.tsx">
        <metrics statements="8" coveredstatements="0" conditionals="4" coveredconditionals="0" methods="11" coveredmethods="0"/>
        <line num="10" count="0" type="stmt"/>
        <line num="19" count="0" type="stmt"/>
        <line num="20" count="0" type="stmt"/>
        <line num="22" count="0" type="stmt"/>
        <line num="39" count="0" type="cond" truecount="0" falsecount="2"/>
        <line num="92" count="0" type="stmt"/>
        <line num="93" count="0" type="cond" truecount="0" falsecount="2"/>
        <line num="102" count="0" type="stmt"/>
      </file>
      <file name="index.tsx" path="D:\Android\Apk\SalesInsight\app\index.tsx">
        <metrics statements="6" coveredstatements="0" conditionals="4" coveredconditionals="0" methods="1" coveredmethods="0"/>
        <line num="8" count="0" type="stmt"/>
        <line num="10" count="0" type="cond" truecount="0" falsecount="2"/>
        <line num="11" count="0" type="stmt"/>
        <line num="14" count="0" type="cond" truecount="0" falsecount="2"/>
        <line num="15" count="0" type="stmt"/>
        <line num="18" count="0" type="stmt"/>
      </file>
      <file name="login.tsx" path="D:\Android\Apk\SalesInsight\app\login.tsx">
        <metrics statements="271" coveredstatements="215" conditionals="266" coveredconditionals="182" methods="65" coveredmethods="40"/>
        <line num="53" count="1" type="stmt"/>
        <line num="54" count="1" type="stmt"/>
        <line num="55" count="1" type="stmt"/>
        <line num="58" count="62" type="stmt"/>
        <line num="67" count="62" type="stmt"/>
        <line num="68" count="62" type="stmt"/>
        <line num="69" count="62" type="stmt"/>
        <line num="70" count="62" type="stmt"/>
        <line num="71" count="62" type="stmt"/>
        <line num="72" count="62" type="stmt"/>
        <line num="73" count="62" type="stmt"/>
        <line num="75" count="62" type="stmt"/>
        <line num="76" count="62" type="stmt"/>
        <line num="77" count="62" type="stmt"/>
        <line num="78" count="62" type="stmt"/>
        <line num="79" count="62" type="stmt"/>
        <line num="80" count="62" type="stmt"/>
        <line num="81" count="62" type="stmt"/>
        <line num="82" count="62" type="stmt"/>
        <line num="83" count="62" type="stmt"/>
        <line num="84" count="62" type="stmt"/>
        <line num="85" count="62" type="stmt"/>
        <line num="86" count="62" type="stmt"/>
        <line num="87" count="62" type="stmt"/>
        <line num="88" count="62" type="stmt"/>
        <line num="89" count="62" type="stmt"/>
        <line num="90" count="62" type="stmt"/>
        <line num="91" count="62" type="stmt"/>
        <line num="92" count="62" type="stmt"/>
        <line num="93" count="62" type="stmt"/>
        <line num="94" count="62" type="stmt"/>
        <line num="96" count="62" type="stmt"/>
        <line num="97" count="62" type="stmt"/>
        <line num="98" count="62" type="stmt"/>
        <line num="99" count="62" type="stmt"/>
        <line num="100" count="62" type="stmt"/>
        <line num="101" count="62" type="stmt"/>
        <line num="102" count="19" type="cond" truecount="2" falsecount="0"/>
        <line num="103" count="2" type="stmt"/>
        <line num="106" count="17" type="cond" truecount="2" falsecount="0"/>
        <line num="107" count="2" type="stmt"/>
        <line num="110" count="15" type="stmt"/>
        <line num="112" count="62" type="stmt"/>
        <line num="115" count="62" type="cond" truecount="6" falsecount="0"/>
        <line num="121" count="62" type="cond" truecount="3" falsecount="0"/>
        <line num="123" count="62" type="stmt"/>
        <line num="124" count="20" type="stmt"/>
        <line num="125" count="20" type="stmt"/>
        <line num="127" count="20" type="stmt"/>
        <line num="128" count="20" type="stmt"/>
        <line num="130" count="20" type="cond" truecount="1" falsecount="1"/>
        <line num="131" count="0" type="stmt"/>
        <line num="132" count="0" type="stmt"/>
        <line num="133" count="0" type="stmt"/>
        <line num="134" count="0" type="stmt"/>
        <line num="137" count="20" type="stmt"/>
        <line num="138" count="20" type="stmt"/>
        <line num="139" count="20" type="stmt"/>
        <line num="141" count="20" type="stmt"/>
        <line num="142" count="20" type="stmt"/>
        <line num="143" count="20" type="cond" truecount="2" falsecount="0"/>
        <line num="144" count="19" type="stmt"/>
        <line num="146" count="20" type="stmt"/>
        <line num="147" count="20" type="stmt"/>
        <line num="149" count="0" type="stmt"/>
        <line num="150" count="0" type="stmt"/>
        <line num="152" count="0" type="cond" truecount="0" falsecount="4"/>
        <line num="155" count="0" type="stmt"/>
        <line num="156" count="0" type="stmt"/>
        <line num="158" count="20" type="stmt"/>
        <line num="162" count="62" type="stmt"/>
        <line num="163" count="11" type="stmt"/>
        <line num="166" count="62" type="stmt"/>
        <line num="167" count="11" type="stmt"/>
        <line num="169" count="11" type="cond" truecount="2" falsecount="0"/>
        <line num="170" count="8" type="stmt"/>
        <line num="174" count="62" type="stmt"/>
        <line num="175" count="11" type="stmt"/>
        <line num="181" count="11" type="stmt"/>
        <line num="187" count="11" type="stmt"/>
        <line num="194" count="11" type="stmt"/>
        <line num="195" count="11" type="stmt"/>
        <line num="196" count="11" type="stmt"/>
        <line num="198" count="11" type="stmt"/>
        <line num="199" count="11" type="stmt"/>
        <line num="200" count="11" type="stmt"/>
        <line num="201" count="11" type="stmt"/>
        <line num="205" count="62" type="stmt"/>
        <line num="206" count="11" type="stmt"/>
        <line num="214" count="62" type="stmt"/>
        <line num="215" count="19" type="cond" truecount="2" falsecount="0"/>
        <line num="216" count="14" type="stmt"/>
        <line num="217" count="14" type="stmt"/>
        <line num="218" count="14" type="stmt"/>
        <line num="219" count="14" type="stmt"/>
        <line num="222" count="5" type="stmt"/>
        <line num="223" count="5" type="stmt"/>
        <line num="226" count="0" type="stmt"/>
        <line num="237" count="0" type="stmt"/>
        <line num="248" count="0" type="stmt"/>
        <line num="259" count="5" type="stmt"/>
        <line num="260" count="5" type="stmt"/>
        <line num="287" count="5" type="stmt"/>
        <line num="288" count="5" type="stmt"/>
        <line num="289" count="5" type="stmt"/>
        <line num="293" count="62" type="stmt"/>
        <line num="294" count="11" type="stmt"/>
        <line num="297" count="62" type="stmt"/>
        <line num="298" count="11" type="stmt"/>
        <line num="299" count="0" type="cond" truecount="0" falsecount="2"/>
        <line num="300" count="0" type="stmt"/>
        <line num="304" count="11" type="stmt"/>
        <line num="307" count="62" type="stmt"/>
        <line num="308" count="12" type="cond" truecount="4" falsecount="0"/>
        <line num="309" count="11" type="stmt"/>
        <line num="312" count="1" type="stmt"/>
        <line num="313" count="1" type="stmt"/>
        <line num="316" count="62" type="stmt"/>
        <line num="317" count="1" type="stmt"/>
        <line num="318" count="1" type="stmt"/>
        <line num="319" count="1" type="stmt"/>
        <line num="320" count="1" type="stmt"/>
        <line num="321" count="1" type="stmt"/>
        <line num="322" count="1" type="stmt"/>
        <line num="324" count="0" type="stmt"/>
        <line num="327" count="1" type="stmt"/>
        <line num="329" count="0" type="stmt"/>
        <line num="331" count="0" type="cond" truecount="0" falsecount="2"/>
        <line num="334" count="0" type="stmt"/>
        <line num="335" count="0" type="stmt"/>
        <line num="336" count="0" type="stmt"/>
        <line num="338" count="1" type="stmt"/>
        <line num="342" count="62" type="stmt"/>
        <line num="343" count="40" type="cond" truecount="2" falsecount="0"/>
        <line num="351" count="39" type="stmt"/>
        <line num="354" count="1" type="stmt"/>
        <line num="355" count="1" type="stmt"/>
        <line num="365" count="62" type="stmt"/>
        <line num="372" count="62" type="stmt"/>
        <line num="380" count="62" type="stmt"/>
        <line num="387" count="62" type="stmt"/>
        <line num="398" count="62" type="stmt"/>
        <line num="403" count="62" type="stmt"/>
        <line num="404" count="5" type="stmt"/>
        <line num="405" count="5" type="stmt"/>
        <line num="408" count="62" type="stmt"/>
        <line num="409" count="5" type="stmt"/>
        <line num="410" count="5" type="stmt"/>
        <line num="413" count="62" type="stmt"/>
        <line num="414" count="8" type="stmt"/>
        <line num="415" count="8" type="stmt"/>
        <line num="416" count="8" type="stmt"/>
        <line num="418" count="8" type="cond" truecount="2" falsecount="0"/>
        <line num="419" count="1" type="stmt"/>
        <line num="420" count="1" type="stmt"/>
        <line num="421" count="1" type="stmt"/>
        <line num="422" count="1" type="stmt"/>
        <line num="425" count="7" type="stmt"/>
        <line num="428" count="62" type="stmt"/>
        <line num="429" count="2" type="cond" truecount="1" falsecount="1"/>
        <line num="430" count="0" type="stmt"/>
        <line num="433" count="2" type="stmt"/>
        <line num="434" count="2" type="stmt"/>
        <line num="438" count="0" type="stmt"/>
        <line num="439" count="1" type="stmt"/>
        <line num="445" count="62" type="stmt"/>
        <line num="446" count="6" type="stmt"/>
        <line num="448" count="6" type="cond" truecount="2" falsecount="0"/>
        <line num="449" count="1" type="stmt"/>
        <line num="451" count="6" type="cond" truecount="2" falsecount="0"/>
        <line num="452" count="1" type="stmt"/>
        <line num="455" count="6" type="stmt"/>
        <line num="456" count="6" type="stmt"/>
        <line num="459" count="62" type="stmt"/>
        <line num="460" count="4" type="cond" truecount="4" falsecount="1"/>
        <line num="461" count="0" type="stmt"/>
        <line num="464" count="4" type="stmt"/>
        <line num="465" count="4" type="cond" truecount="1" falsecount="1"/>
        <line num="466" count="0" type="stmt"/>
        <line num="469" count="4" type="cond" truecount="2" falsecount="0"/>
        <line num="470" count="1" type="stmt"/>
        <line num="473" count="3" type="stmt"/>
        <line num="474" count="3" type="cond" truecount="2" falsecount="0"/>
        <line num="475" count="1" type="stmt"/>
        <line num="478" count="2" type="stmt"/>
        <line num="479" count="2" type="stmt"/>
        <line num="480" count="2" type="stmt"/>
        <line num="481" count="2" type="stmt"/>
        <line num="483" count="0" type="cond" truecount="0" falsecount="2"/>
        <line num="484" count="0" type="stmt"/>
        <line num="486" count="2" type="stmt"/>
        <line num="490" count="62" type="stmt"/>
        <line num="491" count="2" type="cond" truecount="4" falsecount="1"/>
        <line num="492" count="0" type="stmt"/>
        <line num="495" count="2" type="stmt"/>
        <line num="496" count="2" type="cond" truecount="1" falsecount="1"/>
        <line num="497" count="0" type="stmt"/>
        <line num="500" count="2" type="cond" truecount="1" falsecount="1"/>
        <line num="501" count="0" type="stmt"/>
        <line num="504" count="2" type="cond" truecount="1" falsecount="1"/>
        <line num="505" count="0" type="cond" truecount="0" falsecount="2"/>
        <line num="508" count="0" type="stmt"/>
        <line num="509" count="0" type="stmt"/>
        <line num="512" count="2" type="stmt"/>
        <line num="513" count="2" type="cond" truecount="1" falsecount="1"/>
        <line num="514" count="0" type="stmt"/>
        <line num="517" count="2" type="stmt"/>
        <line num="518" count="2" type="stmt"/>
        <line num="519" count="2" type="stmt"/>
        <line num="521" count="2" type="stmt"/>
        <line num="522" count="1" type="cond" truecount="1" falsecount="1"/>
        <line num="523" count="0" type="stmt"/>
        <line num="526" count="1" type="stmt"/>
        <line num="533" count="1" type="stmt"/>
        <line num="534" count="1" type="stmt"/>
        <line num="537" count="0" type="cond" truecount="0" falsecount="2"/>
        <line num="540" count="0" type="stmt"/>
        <line num="542" count="1" type="stmt"/>
        <line num="559" count="62" type="stmt"/>
        <line num="560" count="3" type="cond" truecount="6" falsecount="1"/>
        <line num="561" count="0" type="stmt"/>
        <line num="564" count="3" type="stmt"/>
        <line num="565" count="3" type="cond" truecount="1" falsecount="1"/>
        <line num="566" count="0" type="stmt"/>
        <line num="569" count="3" type="stmt"/>
        <line num="570" count="3" type="cond" truecount="1" falsecount="1"/>
        <line num="571" count="0" type="stmt"/>
        <line num="574" count="3" type="stmt"/>
        <line num="575" count="3" type="stmt"/>
        <line num="576" count="3" type="stmt"/>
        <line num="577" count="3" type="stmt"/>
        <line num="578" count="1" type="stmt"/>
        <line num="580" count="1" type="cond" truecount="3" falsecount="1"/>
        <line num="581" count="0" type="stmt"/>
        <line num="585" count="1" type="cond" truecount="3" falsecount="1"/>
        <line num="591" count="1" type="cond" truecount="3" falsecount="1"/>
        <line num="592" count="1" type="stmt"/>
        <line num="595" count="1" type="stmt"/>
        <line num="596" count="1" type="stmt"/>
        <line num="598" count="2" type="stmt"/>
        <line num="612" count="62" type="stmt"/>
        <line num="613" count="42" type="cond" truecount="2" falsecount="0"/>
        <line num="621" count="39" type="stmt"/>
        <line num="624" count="3" type="stmt"/>
        <line num="625" count="3" type="stmt"/>
        <line num="635" count="62" type="cond" truecount="1" falsecount="1"/>
        <line num="636" count="0" type="stmt"/>
        <line num="639" count="62" type="cond" truecount="1" falsecount="1"/>
        <line num="640" count="0" type="stmt"/>
        <line num="643" count="62" type="stmt"/>
        <line num="658" count="0" type="cond" truecount="0" falsecount="2"/>
        <line num="739" count="0" type="stmt"/>
        <line num="741" count="0" type="stmt"/>
        <line num="742" count="0" type="stmt"/>
        <line num="783" count="0" type="stmt"/>
        <line num="784" count="0" type="stmt"/>
        <line num="787" count="0" type="stmt"/>
        <line num="828" count="0" type="cond" truecount="0" falsecount="2"/>
        <line num="857" count="0" type="stmt"/>
        <line num="858" count="0" type="stmt"/>
        <line num="860" count="1" type="cond" truecount="1" falsecount="1"/>
        <line num="875" count="44" type="stmt"/>
        <line num="911" count="44" type="stmt"/>
        <line num="931" count="0" type="stmt"/>
        <line num="932" count="0" type="stmt"/>
        <line num="935" count="1" type="stmt"/>
        <line num="950" count="16" type="stmt"/>
        <line num="973" count="0" type="stmt"/>
        <line num="974" count="0" type="stmt"/>
        <line num="977" count="15" type="stmt"/>
        <line num="1012" count="1" type="stmt"/>
      </file>
      <file name="modal.tsx" path="D:\Android\Apk\SalesInsight\app\modal.tsx">
        <metrics statements="3" coveredstatements="0" conditionals="0" coveredconditionals="0" methods="1" coveredmethods="0"/>
        <line num="9" count="0" type="stmt"/>
        <line num="11" count="0" type="stmt"/>
        <line num="21" count="0" type="stmt"/>
      </file>
      <file name="navigation-panel.tsx" path="D:\Android\Apk\SalesInsight\app\navigation-panel.tsx">
        <metrics statements="34" coveredstatements="25" conditionals="68" coveredconditionals="34" methods="17" coveredmethods="10"/>
        <line num="23" count="6" type="stmt"/>
        <line num="28" count="9" type="stmt"/>
        <line num="29" count="9" type="cond" truecount="2" falsecount="0"/>
        <line num="30" count="9" type="stmt"/>
        <line num="37" count="9" type="cond" truecount="3" falsecount="1"/>
        <line num="61" count="2" type="stmt"/>
        <line num="62" count="2" type="stmt"/>
        <line num="70" count="0" type="stmt"/>
        <line num="80" count="0" type="stmt"/>
        <line num="83" count="4" type="stmt"/>
        <line num="84" count="4" type="stmt"/>
        <line num="85" count="2" type="stmt"/>
        <line num="87" count="2" type="stmt"/>
        <line num="88" count="2" type="cond" truecount="1" falsecount="1"/>
        <line num="89" count="0" type="stmt"/>
        <line num="93" count="2" type="stmt"/>
        <line num="101" count="0" type="stmt"/>
        <line num="102" count="2" type="stmt"/>
        <line num="127" count="0" type="stmt"/>
        <line num="128" count="0" type="stmt"/>
        <line num="130" count="0" type="stmt"/>
        <line num="137" count="0" type="stmt"/>
        <line num="166" count="3" type="stmt"/>
        <line num="167" count="3" type="stmt"/>
        <line num="168" count="3" type="stmt"/>
        <line num="169" count="3" type="stmt"/>
        <line num="170" count="3" type="cond" truecount="2" falsecount="2"/>
        <line num="171" count="3" type="stmt"/>
        <line num="173" count="3" type="stmt"/>
        <line num="180" count="0" type="stmt"/>
        <line num="184" count="3" type="stmt"/>
        <line num="191" count="1" type="stmt"/>
        <line num="202" count="3" type="stmt"/>
        <line num="234" count="1" type="stmt"/>
      </file>
    </package>
    <package name="app.(tabs)">
      <metrics statements="70" coveredstatements="0" conditionals="42" coveredconditionals="0" methods="19" coveredmethods="0"/>
      <file name="_layout.tsx" path="D:\Android\Apk\SalesInsight\app\(tabs)\_layout.tsx">
        <metrics statements="6" coveredstatements="0" conditionals="4" coveredconditionals="0" methods="1" coveredmethods="0"/>
        <line num="8" count="0" type="stmt"/>
        <line num="10" count="0" type="cond" truecount="0" falsecount="2"/>
        <line num="11" count="0" type="stmt"/>
        <line num="14" count="0" type="cond" truecount="0" falsecount="2"/>
        <line num="15" count="0" type="stmt"/>
        <line num="18" count="0" type="stmt"/>
      </file>
      <file name="create.tsx" path="D:\Android\Apk\SalesInsight\app\(tabs)\create.tsx">
        <metrics statements="2" coveredstatements="0" conditionals="0" coveredconditionals="0" methods="1" coveredmethods="0"/>
        <line num="8" count="0" type="stmt"/>
        <line num="22" count="0" type="stmt"/>
      </file>
      <file name="explore.tsx" path="D:\Android\Apk\SalesInsight\app\(tabs)\explore.tsx">
        <metrics statements="2" coveredstatements="0" conditionals="0" coveredconditionals="0" methods="1" coveredmethods="0"/>
        <line num="13" count="0" type="stmt"/>
        <line num="101" count="0" type="stmt"/>
      </file>
      <file name="index.tsx" path="D:\Android\Apk\SalesInsight\app\(tabs)\index.tsx">
        <metrics statements="46" coveredstatements="0" conditionals="30" coveredconditionals="0" methods="9" coveredmethods="0"/>
        <line num="22" count="0" type="stmt"/>
        <line num="23" count="0" type="stmt"/>
        <line num="25" count="0" type="stmt"/>
        <line num="28" count="0" type="stmt"/>
        <line num="29" count="0" type="stmt"/>
        <line num="30" count="0" type="stmt"/>
        <line num="31" count="0" type="stmt"/>
        <line num="32" count="0" type="stmt"/>
        <line num="33" count="0" type="stmt"/>
        <line num="34" count="0" type="stmt"/>
        <line num="35" count="0" type="stmt"/>
        <line num="37" count="0" type="cond" truecount="0" falsecount="2"/>
        <line num="40" count="0" type="cond" truecount="0" falsecount="2"/>
        <line num="42" count="0" type="stmt"/>
        <line num="43" count="0" type="stmt"/>
        <line num="44" count="0" type="stmt"/>
        <line num="45" count="0" type="stmt"/>
        <line num="46" count="0" type="stmt"/>
        <line num="47" count="0" type="stmt"/>
        <line num="48" count="0" type="stmt"/>
        <line num="49" count="0" type="stmt"/>
        <line num="50" count="0" type="stmt"/>
        <line num="51" count="0" type="stmt"/>
        <line num="53" count="0" type="stmt"/>
        <line num="54" count="0" type="stmt"/>
        <line num="73" count="0" type="stmt"/>
        <line num="89" count="0" type="stmt"/>
        <line num="102" count="0" type="stmt"/>
        <line num="115" count="0" type="stmt"/>
        <line num="128" count="0" type="stmt"/>
        <line num="134" count="0" type="stmt"/>
        <line num="135" count="0" type="stmt"/>
        <line num="136" count="0" type="stmt"/>
        <line num="139" count="0" type="stmt"/>
        <line num="146" count="0" type="stmt"/>
        <line num="149" count="0" type="stmt"/>
        <line num="153" count="0" type="stmt"/>
        <line num="157" count="0" type="stmt"/>
        <line num="162" count="0" type="stmt"/>
        <line num="174" count="0" type="stmt"/>
        <line num="187" count="0" type="stmt"/>
        <line num="211" count="0" type="cond" truecount="0" falsecount="2"/>
        <line num="212" count="0" type="stmt"/>
        <line num="240" count="0" type="stmt"/>
        <line num="241" count="0" type="cond" truecount="0" falsecount="2"/>
        <line num="253" count="0" type="stmt"/>
      </file>
      <file name="logout.tsx" path="D:\Android\Apk\SalesInsight\app\(tabs)\logout.tsx">
        <metrics statements="7" coveredstatements="0" conditionals="0" coveredconditionals="0" methods="4" coveredmethods="0"/>
        <line num="8" count="0" type="stmt"/>
        <line num="9" count="0" type="stmt"/>
        <line num="11" count="0" type="stmt"/>
        <line num="13" count="0" type="stmt"/>
        <line num="15" count="0" type="stmt"/>
        <line num="19" count="0" type="stmt"/>
        <line num="25" count="0" type="stmt"/>
      </file>
      <file name="notifications.tsx" path="D:\Android\Apk\SalesInsight\app\(tabs)\notifications.tsx">
        <metrics statements="2" coveredstatements="0" conditionals="0" coveredconditionals="0" methods="1" coveredmethods="0"/>
        <line num="8" count="0" type="stmt"/>
        <line num="22" count="0" type="stmt"/>
      </file>
      <file name="profile.tsx" path="D:\Android\Apk\SalesInsight\app\(tabs)\profile.tsx">
        <metrics statements="5" coveredstatements="0" conditionals="8" coveredconditionals="0" methods="2" coveredmethods="0"/>
        <line num="10" count="0" type="stmt"/>
        <line num="11" count="0" type="stmt"/>
        <line num="13" count="0" type="stmt"/>
        <line num="28" count="0" type="cond" truecount="0" falsecount="2"/>
        <line num="37" count="0" type="stmt"/>
      </file>
    </package>
    <package name="app.qsr-reports">
      <metrics statements="48" coveredstatements="0" conditionals="16" coveredconditionals="0" methods="17" coveredmethods="0"/>
      <file name="_layout.tsx" path="D:\Android\Apk\SalesInsight\app\qsr-reports\_layout.tsx">
        <metrics statements="6" coveredstatements="0" conditionals="4" coveredconditionals="0" methods="1" coveredmethods="0"/>
        <line num="7" count="0" type="stmt"/>
        <line num="9" count="0" type="cond" truecount="0" falsecount="2"/>
        <line num="10" count="0" type="stmt"/>
        <line num="13" count="0" type="cond" truecount="0" falsecount="2"/>
        <line num="14" count="0" type="stmt"/>
        <line num="17" count="0" type="stmt"/>
      </file>
      <file name="sales-summary.tsx" path="D:\Android\Apk\SalesInsight\app\qsr-reports\sales-summary.tsx">
        <metrics statements="21" coveredstatements="0" conditionals="6" coveredconditionals="0" methods="8" coveredmethods="0"/>
        <line num="16" count="0" type="stmt"/>
        <line num="17" count="0" type="cond" truecount="0" falsecount="2"/>
        <line num="22" count="0" type="stmt"/>
        <line num="23" count="0" type="stmt"/>
        <line num="24" count="0" type="stmt"/>
        <line num="25" count="0" type="stmt"/>
        <line num="27" count="0" type="stmt"/>
        <line num="28" count="0" type="stmt"/>
        <line num="31" count="0" type="cond" truecount="0" falsecount="2"/>
        <line num="32" count="0" type="stmt"/>
        <line num="35" count="0" type="cond" truecount="0" falsecount="2"/>
        <line num="36" count="0" type="stmt"/>
        <line num="40" count="0" type="stmt"/>
        <line num="56" count="0" type="stmt"/>
        <line num="61" count="0" type="stmt"/>
        <line num="74" count="0" type="stmt"/>
        <line num="77" count="0" type="stmt"/>
        <line num="78" count="0" type="stmt"/>
        <line num="81" count="0" type="stmt"/>
        <line num="82" count="0" type="stmt"/>
        <line num="89" count="0" type="stmt"/>
      </file>
      <file name="sales.tsx" path="D:\Android\Apk\SalesInsight\app\qsr-reports\sales.tsx">
        <metrics statements="21" coveredstatements="0" conditionals="6" coveredconditionals="0" methods="8" coveredmethods="0"/>
        <line num="16" count="0" type="stmt"/>
        <line num="17" count="0" type="cond" truecount="0" falsecount="2"/>
        <line num="22" count="0" type="stmt"/>
        <line num="23" count="0" type="stmt"/>
        <line num="24" count="0" type="stmt"/>
        <line num="25" count="0" type="stmt"/>
        <line num="27" count="0" type="stmt"/>
        <line num="28" count="0" type="stmt"/>
        <line num="31" count="0" type="cond" truecount="0" falsecount="2"/>
        <line num="32" count="0" type="stmt"/>
        <line num="35" count="0" type="cond" truecount="0" falsecount="2"/>
        <line num="36" count="0" type="stmt"/>
        <line num="40" count="0" type="stmt"/>
        <line num="56" count="0" type="stmt"/>
        <line num="61" count="0" type="stmt"/>
        <line num="74" count="0" type="stmt"/>
        <line num="77" count="0" type="stmt"/>
        <line num="78" count="0" type="stmt"/>
        <line num="81" count="0" type="stmt"/>
        <line num="82" count="0" type="stmt"/>
        <line num="89" count="0" type="stmt"/>
      </file>
    </package>
    <package name="components">
      <metrics statements="212" coveredstatements="135" conditionals="120" coveredconditionals="55" methods="53" coveredmethods="29"/>
      <file name="AppFooter.tsx" path="D:\Android\Apk\SalesInsight\components\AppFooter.tsx">
        <metrics statements="2" coveredstatements="0" conditionals="6" coveredconditionals="0" methods="1" coveredmethods="0"/>
        <line num="11" count="0" type="stmt"/>
        <line num="19" count="0" type="stmt"/>
      </file>
      <file name="ConfirmLogoutModal.tsx" path="D:\Android\Apk\SalesInsight\components\ConfirmLogoutModal.tsx">
        <metrics statements="20" coveredstatements="20" conditionals="23" coveredconditionals="17" methods="5" coveredmethods="5"/>
        <line num="26" count="12" type="stmt"/>
        <line num="27" count="12" type="stmt"/>
        <line num="28" count="12" type="stmt"/>
        <line num="29" count="12" type="stmt"/>
        <line num="31" count="12" type="stmt"/>
        <line num="32" count="10" type="cond" truecount="2" falsecount="0"/>
        <line num="33" count="4" type="stmt"/>
        <line num="34" count="4" type="stmt"/>
        <line num="53" count="4" type="stmt"/>
        <line num="56" count="6" type="cond" truecount="2" falsecount="0"/>
        <line num="57" count="4" type="stmt"/>
        <line num="60" count="2" type="stmt"/>
        <line num="77" count="2" type="cond" truecount="1" falsecount="1"/>
        <line num="78" count="2" type="stmt"/>
        <line num="83" count="12" type="cond" truecount="2" falsecount="0"/>
        <line num="84" count="6" type="stmt"/>
        <line num="87" count="6" type="stmt"/>
        <line num="123" count="4" type="stmt"/>
        <line num="133" count="4" type="stmt"/>
        <line num="154" count="1" type="stmt"/>
      </file>
      <file name="ForceUpdateModal.tsx" path="D:\Android\Apk\SalesInsight\components\ForceUpdateModal.tsx">
        <metrics statements="4" coveredstatements="3" conditionals="9" coveredconditionals="5" methods="3" coveredmethods="2"/>
        <line num="21" count="1" type="stmt"/>
        <line num="22" count="0" type="stmt"/>
        <line num="45" count="1" type="stmt"/>
        <line num="65" count="1" type="stmt"/>
      </file>
      <file name="PreLoader.tsx" path="D:\Android\Apk\SalesInsight\components\PreLoader.tsx">
        <metrics statements="9" coveredstatements="0" conditionals="4" coveredconditionals="0" methods="3" coveredmethods="0"/>
        <line num="19" count="0" type="stmt"/>
        <line num="20" count="0" type="stmt"/>
        <line num="22" count="0" type="stmt"/>
        <line num="23" count="0" type="stmt"/>
        <line num="56" count="0" type="stmt"/>
        <line num="58" count="0" type="stmt"/>
        <line num="59" count="0" type="stmt"/>
        <line num="63" count="0" type="stmt"/>
        <line num="82" count="0" type="stmt"/>
      </file>
      <file name="UatRibbon.tsx" path="D:\Android\Apk\SalesInsight\components\UatRibbon.tsx">
        <metrics statements="4" coveredstatements="0" conditionals="2" coveredconditionals="0" methods="1" coveredmethods="0"/>
        <line num="7" count="0" type="cond" truecount="0" falsecount="2"/>
        <line num="8" count="0" type="stmt"/>
        <line num="11" count="0" type="stmt"/>
        <line num="20" count="0" type="stmt"/>
      </file>
      <file name="UpdateDownloadModal.tsx" path="D:\Android\Apk\SalesInsight\components\UpdateDownloadModal.tsx">
        <metrics statements="10" coveredstatements="9" conditionals="18" coveredconditionals="16" methods="4" coveredmethods="3"/>
        <line num="27" count="2" type="stmt"/>
        <line num="29" count="2" type="stmt"/>
        <line num="30" count="2" type="stmt"/>
        <line num="37" count="2" type="stmt"/>
        <line num="42" count="2" type="stmt"/>
        <line num="43" count="2" type="stmt"/>
        <line num="45" count="2" type="stmt"/>
        <line num="46" count="0" type="stmt"/>
        <line num="77" count="1" type="cond" truecount="1" falsecount="1"/>
        <line num="87" count="1" type="stmt"/>
      </file>
      <file name="auth-provider.tsx" path="D:\Android\Apk\SalesInsight\components\auth-provider.tsx">
        <metrics statements="91" coveredstatements="71" conditionals="33" coveredconditionals="16" methods="12" coveredmethods="11"/>
        <line num="56" count="1" type="stmt"/>
        <line num="58" count="1" type="stmt"/>
        <line num="64" count="1" type="stmt"/>
        <line num="65" count="1" type="stmt"/>
        <line num="66" count="1" type="stmt"/>
        <line num="72" count="1" type="stmt"/>
        <line num="73" count="1" type="stmt"/>
        <line num="78" count="11" type="stmt"/>
        <line num="79" count="11" type="stmt"/>
        <line num="80" count="11" type="stmt"/>
        <line num="81" count="11" type="stmt"/>
        <line num="82" count="11" type="stmt"/>
        <line num="83" count="11" type="stmt"/>
        <line num="84" count="11" type="stmt"/>
        <line num="85" count="11" type="stmt"/>
        <line num="87" count="11" type="stmt"/>
        <line num="88" count="4" type="stmt"/>
        <line num="99" count="4" type="stmt"/>
        <line num="109" count="4" type="cond" truecount="1" falsecount="1"/>
        <line num="110" count="0" type="stmt"/>
        <line num="113" count="4" type="stmt"/>
        <line num="114" count="4" type="cond" truecount="1" falsecount="1"/>
        <line num="115" count="4" type="stmt"/>
        <line num="116" count="4" type="stmt"/>
        <line num="117" count="4" type="stmt"/>
        <line num="118" count="4" type="stmt"/>
        <line num="119" count="4" type="stmt"/>
        <line num="120" count="4" type="stmt"/>
        <line num="123" count="4" type="stmt"/>
        <line num="125" count="4" type="stmt"/>
        <line num="126" count="4" type="stmt"/>
        <line num="130" count="11" type="stmt"/>
        <line num="142" count="1" type="stmt"/>
        <line num="143" count="1" type="stmt"/>
        <line num="144" count="1" type="cond" truecount="1" falsecount="1"/>
        <line num="145" count="1" type="cond" truecount="1" falsecount="1"/>
        <line num="146" count="1" type="cond" truecount="1" falsecount="1"/>
        <line num="148" count="1" type="stmt"/>
        <line num="154" count="1" type="cond" truecount="1" falsecount="1"/>
        <line num="155" count="1" type="stmt"/>
        <line num="157" count="0" type="stmt"/>
        <line num="160" count="1" type="cond" truecount="1" falsecount="1"/>
        <line num="161" count="1" type="stmt"/>
        <line num="167" count="1" type="stmt"/>
        <line num="169" count="1" type="cond" truecount="1" falsecount="1"/>
        <line num="170" count="1" type="stmt"/>
        <line num="171" count="1" type="stmt"/>
        <line num="172" count="1" type="stmt"/>
        <line num="173" count="1" type="stmt"/>
        <line num="174" count="1" type="stmt"/>
        <line num="176" count="1" type="stmt"/>
        <line num="181" count="11" type="stmt"/>
        <line num="192" count="1" type="stmt"/>
        <line num="196" count="11" type="stmt"/>
        <line num="197" count="1" type="cond" truecount="3" falsecount="1"/>
        <line num="198" count="0" type="stmt"/>
        <line num="201" count="1" type="stmt"/>
        <line num="202" count="1" type="cond" truecount="1" falsecount="1"/>
        <line num="203" count="1" type="stmt"/>
        <line num="204" count="1" type="stmt"/>
        <line num="205" count="1" type="stmt"/>
        <line num="206" count="1" type="stmt"/>
        <line num="212" count="0" type="stmt"/>
        <line num="213" count="0" type="cond" truecount="0" falsecount="2"/>
        <line num="214" count="0" type="stmt"/>
        <line num="217" count="0" type="stmt"/>
        <line num="218" count="0" type="stmt"/>
        <line num="225" count="0" type="stmt"/>
        <line num="226" count="0" type="stmt"/>
        <line num="227" count="0" type="stmt"/>
        <line num="228" count="0" type="stmt"/>
        <line num="230" count="0" type="cond" truecount="0" falsecount="2"/>
        <line num="231" count="0" type="stmt"/>
        <line num="237" count="0" type="stmt"/>
        <line num="241" count="11" type="stmt"/>
        <line num="242" count="0" type="stmt"/>
        <line num="248" count="0" type="stmt"/>
        <line num="249" count="0" type="stmt"/>
        <line num="250" count="0" type="stmt"/>
        <line num="253" count="11" type="stmt"/>
        <line num="254" count="1" type="stmt"/>
        <line num="255" count="1" type="stmt"/>
        <line num="256" count="1" type="stmt"/>
        <line num="257" count="1" type="stmt"/>
        <line num="260" count="11" type="stmt"/>
        <line num="261" count="11" type="stmt"/>
        <line num="292" count="11" type="stmt"/>
        <line num="296" count="11" type="stmt"/>
        <line num="297" count="11" type="cond" truecount="1" falsecount="1"/>
        <line num="298" count="0" type="stmt"/>
        <line num="300" count="11" type="stmt"/>
      </file>
      <file name="external-link.tsx" path="D:\Android\Apk\SalesInsight\components\external-link.tsx">
        <metrics statements="4" coveredstatements="0" conditionals="2" coveredconditionals="0" methods="2" coveredmethods="0"/>
        <line num="8" count="0" type="stmt"/>
        <line num="14" count="0" type="cond" truecount="0" falsecount="2"/>
        <line num="16" count="0" type="stmt"/>
        <line num="18" count="0" type="stmt"/>
      </file>
      <file name="global-loader-provider.tsx" path="D:\Android\Apk\SalesInsight\components\global-loader-provider.tsx">
        <metrics statements="16" coveredstatements="0" conditionals="6" coveredconditionals="0" methods="7" coveredmethods="0"/>
        <line num="11" count="0" type="stmt"/>
        <line num="14" count="0" type="stmt"/>
        <line num="15" count="0" type="stmt"/>
        <line num="17" count="0" type="stmt"/>
        <line num="18" count="0" type="cond" truecount="0" falsecount="2"/>
        <line num="19" count="0" type="stmt"/>
        <line num="22" count="0" type="stmt"/>
        <line num="23" count="0" type="stmt"/>
        <line num="26" count="0" type="stmt"/>
        <line num="27" count="0" type="stmt"/>
        <line num="29" count="0" type="stmt"/>
        <line num="42" count="0" type="stmt"/>
        <line num="43" count="0" type="cond" truecount="0" falsecount="2"/>
        <line num="44" count="0" type="stmt"/>
        <line num="46" count="0" type="stmt"/>
        <line num="49" count="0" type="stmt"/>
      </file>
      <file name="haptic-tab.tsx" path="D:\Android\Apk\SalesInsight\components\haptic-tab.tsx">
        <metrics statements="4" coveredstatements="0" conditionals="2" coveredconditionals="0" methods="2" coveredmethods="0"/>
        <line num="6" count="0" type="stmt"/>
        <line num="10" count="0" type="cond" truecount="0" falsecount="2"/>
        <line num="12" count="0" type="stmt"/>
        <line num="14" count="0" type="stmt"/>
      </file>
      <file name="hello-wave.tsx" path="D:\Android\Apk\SalesInsight\components\hello-wave.tsx">
        <metrics statements="1" coveredstatements="0" conditionals="0" coveredconditionals="0" methods="1" coveredmethods="0"/>
        <line num="4" count="0" type="stmt"/>
      </file>
      <file name="logout-confirmation-provider.tsx" path="D:\Android\Apk\SalesInsight\components\logout-confirmation-provider.tsx">
        <metrics statements="33" coveredstatements="32" conditionals="2" coveredconditionals="1" methods="8" coveredmethods="8"/>
        <line num="16" count="1" type="stmt"/>
        <line num="19" count="7" type="stmt"/>
        <line num="20" count="7" type="stmt"/>
        <line num="21" count="7" type="stmt"/>
        <line num="22" count="7" type="stmt"/>
        <line num="23" count="7" type="stmt"/>
        <line num="24" count="7" type="stmt"/>
        <line num="26" count="7" type="stmt"/>
        <line num="27" count="2" type="stmt"/>
        <line num="28" count="2" type="stmt"/>
        <line num="31" count="7" type="stmt"/>
        <line num="32" count="1" type="stmt"/>
        <line num="33" count="1" type="stmt"/>
        <line num="34" count="1" type="stmt"/>
        <line num="37" count="7" type="stmt"/>
        <line num="38" count="1" type="stmt"/>
        <line num="39" count="1" type="stmt"/>
        <line num="41" count="1" type="stmt"/>
        <line num="43" count="1" type="stmt"/>
        <line num="45" count="1" type="stmt"/>
        <line num="46" count="1" type="stmt"/>
        <line num="47" count="1" type="stmt"/>
        <line num="49" count="1" type="stmt"/>
        <line num="50" count="1" type="stmt"/>
        <line num="51" count="1" type="stmt"/>
        <line num="55" count="7" type="stmt"/>
        <line num="56" count="2" type="stmt"/>
        <line num="60" count="7" type="stmt"/>
        <line num="67" count="1" type="stmt"/>
        <line num="76" count="2" type="stmt"/>
        <line num="77" count="2" type="cond" truecount="1" falsecount="1"/>
        <line num="78" count="0" type="stmt"/>
        <line num="81" count="2" type="stmt"/>
      </file>
      <file name="parallax-scroll-view.tsx" path="D:\Android\Apk\SalesInsight\components\parallax-scroll-view.tsx">
        <metrics statements="9" coveredstatements="0" conditionals="2" coveredconditionals="0" methods="2" coveredmethods="0"/>
        <line num="14" count="0" type="stmt"/>
        <line num="26" count="0" type="stmt"/>
        <line num="27" count="0" type="cond" truecount="0" falsecount="2"/>
        <line num="28" count="0" type="stmt"/>
        <line num="29" count="0" type="stmt"/>
        <line num="30" count="0" type="stmt"/>
        <line num="31" count="0" type="stmt"/>
        <line num="47" count="0" type="stmt"/>
        <line num="65" count="0" type="stmt"/>
      </file>
      <file name="themed-text.tsx" path="D:\Android\Apk\SalesInsight\components\themed-text.tsx">
        <metrics statements="3" coveredstatements="0" conditionals="11" coveredconditionals="0" methods="1" coveredmethods="0"/>
        <line num="18" count="0" type="stmt"/>
        <line num="20" count="0" type="stmt"/>
        <line num="36" count="0" type="stmt"/>
      </file>
      <file name="themed-view.tsx" path="D:\Android\Apk\SalesInsight\components\themed-view.tsx">
        <metrics statements="2" coveredstatements="0" conditionals="0" coveredconditionals="0" methods="1" coveredmethods="0"/>
        <line num="11" count="0" type="stmt"/>
        <line num="13" count="0" type="stmt"/>
      </file>
    </package>
    <package name="components.about">
      <metrics statements="2" coveredstatements="2" conditionals="0" coveredconditionals="0" methods="1" coveredmethods="1"/>
      <file name="AboutCard.tsx" path="D:\Android\Apk\SalesInsight\components\about\AboutCard.tsx">
        <metrics statements="2" coveredstatements="2" conditionals="0" coveredconditionals="0" methods="1" coveredmethods="1"/>
        <line num="12" count="20" type="stmt"/>
        <line num="26" count="1" type="stmt"/>
      </file>
    </package>
    <package name="components.navigation">
      <metrics statements="84" coveredstatements="21" conditionals="131" coveredconditionals="47" methods="24" coveredmethods="6"/>
      <file name="AppBar.tsx" path="D:\Android\Apk\SalesInsight\components\navigation\AppBar.tsx">
        <metrics statements="22" coveredstatements="16" conditionals="53" coveredconditionals="37" methods="6" coveredmethods="3"/>
        <line num="72" count="3" type="stmt"/>
        <line num="73" count="3" type="cond" truecount="2" falsecount="0"/>
        <line num="75" count="3" type="stmt"/>
        <line num="76" count="1" type="cond" truecount="1" falsecount="1"/>
        <line num="77" count="1" type="stmt"/>
        <line num="81" count="3" type="stmt"/>
        <line num="82" count="1" type="cond" truecount="1" falsecount="1"/>
        <line num="83" count="0" type="stmt"/>
        <line num="84" count="0" type="stmt"/>
        <line num="87" count="1" type="stmt"/>
        <line num="88" count="1" type="stmt"/>
        <line num="89" count="2" type="stmt"/>
        <line num="90" count="2" type="cond" truecount="2" falsecount="0"/>
        <line num="91" count="1" type="stmt"/>
        <line num="92" count="1" type="stmt"/>
        <line num="94" count="1" type="stmt"/>
        <line num="100" count="3" type="stmt"/>
        <line num="132" count="0" type="stmt"/>
        <line num="146" count="0" type="cond" truecount="0" falsecount="2"/>
        <line num="161" count="0" type="stmt"/>
        <line num="162" count="0" type="stmt"/>
        <line num="169" count="1" type="stmt"/>
      </file>
      <file name="AppBarAction.tsx" path="D:\Android\Apk\SalesInsight\components\navigation\AppBarAction.tsx">
        <metrics statements="3" coveredstatements="3" conditionals="15" coveredconditionals="8" methods="2" coveredmethods="2"/>
        <line num="28" count="2" type="stmt"/>
        <line num="37" count="2" type="cond" truecount="2" falsecount="2"/>
        <line num="49" count="1" type="stmt"/>
      </file>
      <file name="AppBarTitle.tsx" path="D:\Android\Apk\SalesInsight\components\navigation\AppBarTitle.tsx">
        <metrics statements="2" coveredstatements="2" conditionals="4" coveredconditionals="2" methods="1" coveredmethods="1"/>
        <line num="23" count="3" type="stmt"/>
        <line num="37" count="1" type="stmt"/>
      </file>
      <file name="BottomNavBar.tsx" path="D:\Android\Apk\SalesInsight\components\navigation\BottomNavBar.tsx">
        <metrics statements="34" coveredstatements="0" conditionals="28" coveredconditionals="0" methods="8" coveredmethods="0"/>
        <line num="14" count="0" type="stmt"/>
        <line num="15" count="0" type="stmt"/>
        <line num="16" count="0" type="stmt"/>
        <line num="17" count="0" type="cond" truecount="0" falsecount="2"/>
        <line num="18" count="0" type="stmt"/>
        <line num="19" count="0" type="stmt"/>
        <line num="20" count="0" type="cond" truecount="0" falsecount="2"/>
        <line num="21" count="0" type="stmt"/>
        <line num="23" count="0" type="stmt"/>
        <line num="26" count="0" type="stmt"/>
        <line num="35" count="0" type="stmt"/>
        <line num="39" count="0" type="stmt"/>
        <line num="40" count="0" type="cond" truecount="0" falsecount="2"/>
        <line num="41" count="0" type="cond" truecount="0" falsecount="2"/>
        <line num="42" count="0" type="stmt"/>
        <line num="43" count="0" type="stmt"/>
        <line num="45" count="0" type="cond" truecount="0" falsecount="2"/>
        <line num="51" count="0" type="stmt"/>
        <line num="52" count="0" type="cond" truecount="0" falsecount="4"/>
        <line num="53" count="0" type="stmt"/>
        <line num="59" count="0" type="cond" truecount="0" falsecount="4"/>
        <line num="60" count="0" type="stmt"/>
        <line num="62" count="0" type="stmt"/>
        <line num="65" count="0" type="cond" truecount="0" falsecount="2"/>
        <line num="66" count="0" type="cond" truecount="0" falsecount="4"/>
        <line num="67" count="0" type="stmt"/>
        <line num="68" count="0" type="stmt"/>
        <line num="71" count="0" type="stmt"/>
        <line num="75" count="0" type="stmt"/>
        <line num="76" count="0" type="cond" truecount="0" falsecount="2"/>
        <line num="77" count="0" type="stmt"/>
        <line num="79" count="0" type="stmt"/>
        <line num="85" count="0" type="stmt"/>
        <line num="103" count="0" type="stmt"/>
      </file>
      <file name="BottomNavItem.tsx" path="D:\Android\Apk\SalesInsight\components\navigation\BottomNavItem.tsx">
        <metrics statements="3" coveredstatements="0" conditionals="13" coveredconditionals="0" methods="2" coveredmethods="0"/>
        <line num="24" count="0" type="stmt"/>
        <line num="32" count="0" type="cond" truecount="0" falsecount="2"/>
        <line num="49" count="0" type="stmt"/>
      </file>
      <file name="StandaloneBottomNavBar.tsx" path="D:\Android\Apk\SalesInsight\components\navigation\StandaloneBottomNavBar.tsx">
        <metrics statements="19" coveredstatements="0" conditionals="18" coveredconditionals="0" methods="5" coveredmethods="0"/>
        <line num="17" count="0" type="stmt"/>
        <line num="18" count="0" type="stmt"/>
        <line num="19" count="0" type="stmt"/>
        <line num="20" count="0" type="stmt"/>
        <line num="21" count="0" type="stmt"/>
        <line num="22" count="0" type="cond" truecount="0" falsecount="2"/>
        <line num="23" count="0" type="stmt"/>
        <line num="25" count="0" type="stmt"/>
        <line num="28" count="0" type="stmt"/>
        <line num="36" count="0" type="stmt"/>
        <line num="40" count="0" type="stmt"/>
        <line num="52" count="0" type="cond" truecount="0" falsecount="2"/>
        <line num="56" count="0" type="cond" truecount="0" falsecount="2"/>
        <line num="57" count="0" type="stmt"/>
        <line num="60" count="0" type="cond" truecount="0" falsecount="4"/>
        <line num="61" count="0" type="stmt"/>
        <line num="62" count="0" type="stmt"/>
        <line num="65" count="0" type="stmt"/>
        <line num="75" count="0" type="stmt"/>
      </file>
      <file name="bottom-nav-config.ts" path="D:\Android\Apk\SalesInsight\components\navigation\bottom-nav-config.ts">
        <metrics statements="1" coveredstatements="0" conditionals="0" coveredconditionals="0" methods="0" coveredmethods="0"/>
        <line num="14" count="0" type="stmt"/>
      </file>
    </package>
    <package name="components.ui">
      <metrics statements="8" coveredstatements="0" conditionals="11" coveredconditionals="0" methods="5" coveredmethods="0"/>
      <file name="collapsible.tsx" path="D:\Android\Apk\SalesInsight\components\ui\collapsible.tsx">
        <metrics statements="5" coveredstatements="0" conditionals="8" coveredconditionals="0" methods="3" coveredmethods="0"/>
        <line num="11" count="0" type="stmt"/>
        <line num="12" count="0" type="cond" truecount="0" falsecount="2"/>
        <line num="14" count="0" type="stmt"/>
        <line num="18" count="0" type="stmt"/>
        <line num="35" count="0" type="stmt"/>
      </file>
      <file name="icon-symbol.ios.tsx" path="D:\Android\Apk\SalesInsight\components\ui\icon-symbol.ios.tsx">
        <metrics statements="1" coveredstatements="0" conditionals="2" coveredconditionals="0" methods="1" coveredmethods="0"/>
        <line num="17" count="0" type="stmt"/>
      </file>
      <file name="icon-symbol.tsx" path="D:\Android\Apk\SalesInsight\components\ui\icon-symbol.tsx">
        <metrics statements="2" coveredstatements="0" conditionals="1" coveredconditionals="0" methods="1" coveredmethods="0"/>
        <line num="16" count="0" type="stmt"/>
        <line num="40" count="0" type="stmt"/>
      </file>
    </package>
    <package name="services">
      <metrics statements="296" coveredstatements="216" conditionals="209" coveredconditionals="121" methods="48" coveredmethods="44"/>
      <file name="appUpdateService.ts" path="D:\Android\Apk\SalesInsight\services\appUpdateService.ts">
        <metrics statements="98" coveredstatements="54" conditionals="71" coveredconditionals="25" methods="12" coveredmethods="9"/>
        <line num="7" count="1" type="stmt"/>
        <line num="8" count="1" type="cond" truecount="1" falsecount="1"/>
        <line num="9" count="1" type="stmt"/>
        <line num="10" count="1" type="stmt"/>
        <line num="11" count="1" type="stmt"/>
        <line num="12" count="1" type="stmt"/>
        <line num="13" count="1" type="stmt"/>
        <line num="31" count="0" type="stmt"/>
        <line num="36" count="0" type="cond" truecount="0" falsecount="2"/>
        <line num="42" count="4" type="cond" truecount="3" falsecount="1"/>
        <line num="46" count="4" type="stmt"/>
        <line num="47" count="11" type="stmt"/>
        <line num="48" count="11" type="cond" truecount="4" falsecount="0"/>
        <line num="49" count="2" type="stmt"/>
        <line num="52" count="2" type="stmt"/>
        <line num="56" count="1" type="cond" truecount="2" falsecount="2"/>
        <line num="57" count="0" type="stmt"/>
        <line num="60" count="1" type="stmt"/>
        <line num="61" count="1" type="cond" truecount="1" falsecount="1"/>
        <line num="62" count="0" type="stmt"/>
        <line num="65" count="1" type="stmt"/>
        <line num="72" count="1" type="cond" truecount="1" falsecount="1"/>
        <line num="73" count="0" type="stmt"/>
        <line num="76" count="1" type="cond" truecount="2" falsecount="2"/>
        <line num="77" count="0" type="stmt"/>
        <line num="80" count="1" type="stmt"/>
        <line num="81" count="1" type="cond" truecount="1" falsecount="1"/>
        <line num="82" count="0" type="stmt"/>
        <line num="85" count="1" type="stmt"/>
        <line num="95" count="1" type="stmt"/>
        <line num="96" count="1" type="cond" truecount="1" falsecount="1"/>
        <line num="97" count="0" type="stmt"/>
        <line num="100" count="1" type="stmt"/>
        <line num="101" count="1" type="cond" truecount="1" falsecount="1"/>
        <line num="102" count="0" type="stmt"/>
        <line num="105" count="1" type="stmt"/>
        <line num="106" count="1" type="cond" truecount="1" falsecount="1"/>
        <line num="107" count="0" type="stmt"/>
        <line num="110" count="1" type="stmt"/>
        <line num="114" count="2" type="cond" truecount="1" falsecount="1"/>
        <line num="115" count="2" type="cond" truecount="1" falsecount="1"/>
        <line num="116" count="0" type="stmt"/>
        <line num="119" count="2" type="stmt"/>
        <line num="120" count="2" type="stmt"/>
        <line num="122" count="2" type="stmt"/>
        <line num="123" count="2" type="stmt"/>
        <line num="125" count="0" type="stmt"/>
        <line num="131" count="1" type="stmt"/>
        <line num="132" count="1" type="stmt"/>
        <line num="136" count="1" type="stmt"/>
        <line num="137" count="1" type="stmt"/>
        <line num="139" count="1" type="stmt"/>
        <line num="146" count="1" type="cond" truecount="1" falsecount="1"/>
        <line num="147" count="0" type="stmt"/>
        <line num="150" count="1" type="stmt"/>
        <line num="152" count="1" type="stmt"/>
        <line num="153" count="1" type="stmt"/>
        <line num="154" count="1" type="stmt"/>
        <line num="156" count="0" type="stmt"/>
        <line num="159" count="1" type="stmt"/>
        <line num="160" count="1" type="cond" truecount="1" falsecount="1"/>
        <line num="161" count="0" type="stmt"/>
        <line num="164" count="1" type="stmt"/>
        <line num="171" count="0" type="stmt"/>
        <line num="172" count="0" type="cond" truecount="0" falsecount="2"/>
        <line num="180" count="1" type="cond" truecount="1" falsecount="1"/>
        <line num="181" count="1" type="stmt"/>
        <line num="185" count="0" type="cond" truecount="0" falsecount="2"/>
        <line num="187" count="0" type="cond" truecount="0" falsecount="2"/>
        <line num="188" count="0" type="stmt"/>
        <line num="191" count="0" type="cond" truecount="0" falsecount="2"/>
        <line num="192" count="0" type="cond" truecount="0" falsecount="2"/>
        <line num="193" count="0" type="stmt"/>
        <line num="196" count="0" type="stmt"/>
        <line num="197" count="0" type="stmt"/>
        <line num="199" count="0" type="stmt"/>
        <line num="209" count="0" type="cond" truecount="0" falsecount="2"/>
        <line num="213" count="0" type="stmt"/>
        <line num="221" count="0" type="stmt"/>
        <line num="222" count="0" type="cond" truecount="0" falsecount="2"/>
        <line num="223" count="0" type="stmt"/>
        <line num="226" count="0" type="stmt"/>
        <line num="232" count="0" type="stmt"/>
        <line num="233" count="0" type="cond" truecount="0" falsecount="4"/>
        <line num="235" count="0" type="stmt"/>
        <line num="242" count="0" type="stmt"/>
        <line num="243" count="0" type="stmt"/>
        <line num="244" count="0" type="stmt"/>
        <line num="245" count="0" type="stmt"/>
        <line num="246" count="0" type="stmt"/>
        <line num="248" count="0" type="cond" truecount="0" falsecount="2"/>
        <line num="252" count="0" type="stmt"/>
        <line num="253" count="0" type="cond" truecount="0" falsecount="2"/>
        <line num="257" count="1" type="stmt"/>
        <line num="258" count="1" type="stmt"/>
        <line num="260" count="1" type="cond" truecount="1" falsecount="1"/>
        <line num="261" count="0" type="stmt"/>
        <line num="264" count="1" type="stmt"/>
      </file>
      <file name="auth-api.ts" path="D:\Android\Apk\SalesInsight\services\auth-api.ts">
        <metrics statements="117" coveredstatements="93" conditionals="103" coveredconditionals="69" methods="15" coveredmethods="14"/>
        <line num="7" count="1" type="stmt"/>
        <line num="11" count="0" type="stmt"/>
        <line num="12" count="0" type="stmt"/>
        <line num="13" count="0" type="stmt"/>
        <line num="15" count="0" type="stmt"/>
        <line num="20" count="6" type="stmt"/>
        <line num="21" count="6" type="stmt"/>
        <line num="22" count="6" type="cond" truecount="1" falsecount="1"/>
        <line num="23" count="6" type="cond" truecount="1" falsecount="1"/>
        <line num="24" count="6" type="stmt"/>
        <line num="28" count="6" type="stmt"/>
        <line num="31" count="1" type="stmt"/>
        <line num="32" count="1" type="stmt"/>
        <line num="52" count="63" type="cond" truecount="2" falsecount="0"/>
        <line num="56" count="37" type="cond" truecount="2" falsecount="0"/>
        <line num="57" count="13" type="stmt"/>
        <line num="60" count="24" type="stmt"/>
        <line num="61" count="90" type="stmt"/>
        <line num="62" count="90" type="cond" truecount="4" falsecount="0"/>
        <line num="63" count="8" type="stmt"/>
        <line num="67" count="16" type="stmt"/>
        <line num="71" count="3" type="cond" truecount="1" falsecount="1"/>
        <line num="72" count="0" type="stmt"/>
        <line num="75" count="3" type="stmt"/>
        <line num="76" count="3" type="cond" truecount="2" falsecount="0"/>
        <line num="77" count="1" type="stmt"/>
        <line num="80" count="2" type="stmt"/>
        <line num="81" count="2" type="cond" truecount="1" falsecount="1"/>
        <line num="82" count="2" type="stmt"/>
        <line num="83" count="2" type="cond" truecount="1" falsecount="1"/>
        <line num="84" count="2" type="stmt"/>
        <line num="88" count="0" type="stmt"/>
        <line num="92" count="3" type="stmt"/>
        <line num="93" count="3" type="cond" truecount="2" falsecount="0"/>
        <line num="94" count="1" type="stmt"/>
        <line num="97" count="2" type="cond" truecount="1" falsecount="1"/>
        <line num="98" count="0" type="stmt"/>
        <line num="101" count="2" type="stmt"/>
        <line num="102" count="2" type="stmt"/>
        <line num="103" count="6" type="stmt"/>
        <line num="104" count="6" type="cond" truecount="1" falsecount="1"/>
        <line num="105" count="0" type="stmt"/>
        <line num="109" count="2" type="cond" truecount="1" falsecount="1"/>
        <line num="110" count="2" type="stmt"/>
        <line num="113" count="0" type="stmt"/>
        <line num="117" count="3" type="stmt"/>
        <line num="118" count="3" type="cond" truecount="1" falsecount="1"/>
        <line num="119" count="0" type="stmt"/>
        <line num="122" count="3" type="cond" truecount="1" falsecount="1"/>
        <line num="123" count="0" type="stmt"/>
        <line num="126" count="3" type="stmt"/>
        <line num="127" count="3" type="stmt"/>
        <line num="128" count="9" type="stmt"/>
        <line num="129" count="9" type="cond" truecount="1" falsecount="1"/>
        <line num="130" count="0" type="stmt"/>
        <line num="134" count="3" type="cond" truecount="2" falsecount="0"/>
        <line num="135" count="2" type="stmt"/>
        <line num="138" count="1" type="stmt"/>
        <line num="142" count="5" type="stmt"/>
        <line num="143" count="5" type="cond" truecount="2" falsecount="0"/>
        <line num="144" count="2" type="stmt"/>
        <line num="147" count="3" type="cond" truecount="4" falsecount="0"/>
        <line num="148" count="2" type="stmt"/>
        <line num="151" count="1" type="stmt"/>
        <line num="155" count="2" type="stmt"/>
        <line num="156" count="2" type="stmt"/>
        <line num="157" count="2" type="cond" truecount="1" falsecount="1"/>
        <line num="159" count="2" type="cond" truecount="4" falsecount="0"/>
        <line num="160" count="1" type="stmt"/>
        <line num="163" count="1" type="cond" truecount="1" falsecount="1"/>
        <line num="164" count="0" type="stmt"/>
        <line num="167" count="1" type="cond" truecount="3" falsecount="2"/>
        <line num="168" count="1" type="stmt"/>
        <line num="171" count="0" type="cond" truecount="0" falsecount="4"/>
        <line num="175" count="3" type="stmt"/>
        <line num="178" count="5" type="cond" truecount="1" falsecount="1"/>
        <line num="179" count="0" type="stmt"/>
        <line num="182" count="5" type="cond" truecount="1" falsecount="1"/>
        <line num="183" count="5" type="cond" truecount="1" falsecount="1"/>
        <line num="185" count="5" type="cond" truecount="1" falsecount="1"/>
        <line num="186" count="5" type="stmt"/>
        <line num="188" count="5" type="cond" truecount="1" falsecount="1"/>
        <line num="189" count="0" type="stmt"/>
        <line num="192" count="5" type="cond" truecount="2" falsecount="0"/>
        <line num="193" count="2" type="stmt"/>
        <line num="198" count="3" type="cond" truecount="1" falsecount="1"/>
        <line num="199" count="0" type="stmt"/>
        <line num="202" count="3" type="cond" truecount="2" falsecount="0"/>
        <line num="203" count="1" type="stmt"/>
        <line num="206" count="2" type="cond" truecount="3" falsecount="1"/>
        <line num="207" count="2" type="stmt"/>
        <line num="210" count="0" type="stmt"/>
        <line num="213" count="3" type="stmt"/>
        <line num="215" count="3" type="stmt"/>
        <line num="216" count="3" type="cond" truecount="3" falsecount="0"/>
        <line num="218" count="3" type="cond" truecount="3" falsecount="0"/>
        <line num="221" count="3" type="stmt"/>
        <line num="229" count="1" type="stmt"/>
        <line num="244" count="6" type="stmt"/>
        <line num="245" count="6" type="stmt"/>
        <line num="247" count="6" type="stmt"/>
        <line num="249" count="6" type="stmt"/>
        <line num="250" count="6" type="stmt"/>
        <line num="262" count="3" type="stmt"/>
        <line num="264" count="3" type="stmt"/>
        <line num="265" count="3" type="cond" truecount="1" falsecount="1"/>
        <line num="266" count="3" type="stmt"/>
        <line num="276" count="3" type="cond" truecount="4" falsecount="0"/>
        <line num="277" count="1" type="stmt"/>
        <line num="280" count="2" type="cond" truecount="1" falsecount="1"/>
        <line num="281" count="2" type="stmt"/>
        <line num="284" count="0" type="cond" truecount="0" falsecount="2"/>
        <line num="285" count="0" type="stmt"/>
        <line num="287" count="0" type="stmt"/>
        <line num="290" count="0" type="cond" truecount="0" falsecount="4"/>
        <line num="291" count="0" type="stmt"/>
        <line num="294" count="0" type="stmt"/>
      </file>
      <file name="auth-storage.ts" path="D:\Android\Apk\SalesInsight\services\auth-storage.ts">
        <metrics statements="71" coveredstatements="60" conditionals="24" coveredconditionals="19" methods="18" coveredmethods="18"/>
        <line num="5" count="1" type="stmt"/>
        <line num="6" count="1" type="stmt"/>
        <line num="7" count="1" type="stmt"/>
        <line num="8" count="1" type="stmt"/>
        <line num="9" count="1" type="stmt"/>
        <line num="10" count="1" type="stmt"/>
        <line num="22" count="1" type="stmt"/>
        <line num="28" count="1" type="stmt"/>
        <line num="33" count="1" type="stmt"/>
        <line num="34" count="1" type="stmt"/>
        <line num="41" count="1" type="stmt"/>
        <line num="42" count="1" type="stmt"/>
        <line num="44" count="0" type="stmt"/>
        <line num="49" count="1" type="stmt"/>
        <line num="50" count="1" type="stmt"/>
        <line num="57" count="1" type="stmt"/>
        <line num="58" count="1" type="stmt"/>
        <line num="65" count="2" type="stmt"/>
        <line num="66" count="2" type="stmt"/>
        <line num="68" count="0" type="stmt"/>
        <line num="73" count="1" type="stmt"/>
        <line num="74" count="1" type="stmt"/>
        <line num="81" count="1" type="stmt"/>
        <line num="82" count="1" type="stmt"/>
        <line num="89" count="3" type="stmt"/>
        <line num="90" count="3" type="stmt"/>
        <line num="91" count="3" type="cond" truecount="1" falsecount="1"/>
        <line num="92" count="0" type="stmt"/>
        <line num="95" count="3" type="stmt"/>
        <line num="96" count="3" type="cond" truecount="4" falsecount="0"/>
        <line num="97" count="1" type="stmt"/>
        <line num="100" count="2" type="stmt"/>
        <line num="105" count="0" type="stmt"/>
        <line num="110" count="1" type="stmt"/>
        <line num="111" count="1" type="stmt"/>
        <line num="118" count="1" type="stmt"/>
        <line num="119" count="1" type="stmt"/>
        <line num="130" count="2" type="stmt"/>
        <line num="131" count="2" type="stmt"/>
        <line num="132" count="2" type="cond" truecount="1" falsecount="1"/>
        <line num="133" count="0" type="stmt"/>
        <line num="136" count="2" type="stmt"/>
        <line num="137" count="1" type="stmt"/>
        <line num="143" count="1" type="stmt"/>
        <line num="148" count="1" type="stmt"/>
        <line num="149" count="1" type="stmt"/>
        <line num="156" count="1" type="stmt"/>
        <line num="157" count="1" type="stmt"/>
        <line num="168" count="2" type="stmt"/>
        <line num="169" count="2" type="stmt"/>
        <line num="170" count="2" type="cond" truecount="1" falsecount="1"/>
        <line num="171" count="0" type="stmt"/>
        <line num="174" count="2" type="stmt"/>
        <line num="175" count="2" type="cond" truecount="4" falsecount="0"/>
        <line num="176" count="1" type="stmt"/>
        <line num="178" count="1" type="cond" truecount="3" falsecount="1"/>
        <line num="179" count="0" type="stmt"/>
        <line num="182" count="1" type="stmt"/>
        <line num="187" count="0" type="stmt"/>
        <line num="192" count="1" type="stmt"/>
        <line num="193" count="1" type="stmt"/>
        <line num="200" count="1" type="stmt"/>
        <line num="201" count="1" type="cond" truecount="1" falsecount="1"/>
        <line num="202" count="0" type="stmt"/>
        <line num="203" count="0" type="stmt"/>
        <line num="206" count="1" type="stmt"/>
        <line num="213" count="1" type="stmt"/>
        <line num="214" count="1" type="stmt"/>
        <line num="216" count="0" type="stmt"/>
        <line num="221" count="1" type="stmt"/>
        <line num="222" count="1" type="stmt"/>
      </file>
      <file name="biometric-auth.ts" path="D:\Android\Apk\SalesInsight\services\biometric-auth.ts">
        <metrics statements="10" coveredstatements="9" conditionals="11" coveredconditionals="8" methods="3" coveredmethods="3"/>
        <line num="12" count="2" type="cond" truecount="2" falsecount="0"/>
        <line num="13" count="1" type="stmt"/>
        <line num="16" count="1" type="cond" truecount="1" falsecount="1"/>
        <line num="20" count="1" type="stmt"/>
        <line num="23" count="0" type="stmt"/>
        <line num="27" count="2" type="stmt"/>
        <line num="33" count="2" type="cond" truecount="3" falsecount="0"/>
        <line num="35" count="2" type="stmt"/>
        <line num="45" count="1" type="stmt"/>
        <line num="52" count="1" type="stmt"/>
      </file>
    </package>
    <package name="utils">
      <metrics statements="71" coveredstatements="68" conditionals="66" coveredconditionals="56" methods="23" coveredmethods="23"/>
      <file name="access-control.ts" path="D:\Android\Apk\SalesInsight\utils\access-control.ts">
        <metrics statements="15" coveredstatements="13" conditionals="14" coveredconditionals="12" methods="5" coveredmethods="5"/>
        <line num="4" count="5" type="stmt"/>
        <line num="8" count="5" type="cond" truecount="2" falsecount="0"/>
        <line num="12" count="5" type="cond" truecount="2" falsecount="0"/>
        <line num="13" count="2" type="stmt"/>
        <line num="16" count="3" type="cond" truecount="2" falsecount="0"/>
        <line num="17" count="1" type="stmt"/>
        <line num="20" count="2" type="stmt"/>
        <line num="24" count="2" type="cond" truecount="2" falsecount="0"/>
        <line num="28" count="6" type="cond" truecount="1" falsecount="1"/>
        <line num="29" count="0" type="stmt"/>
        <line num="32" count="6" type="cond" truecount="2" falsecount="0"/>
        <line num="33" count="3" type="stmt"/>
        <line num="36" count="3" type="cond" truecount="1" falsecount="1"/>
        <line num="37" count="3" type="stmt"/>
        <line num="40" count="0" type="stmt"/>
      </file>
      <file name="app-config.ts" path="D:\Android\Apk\SalesInsight\utils\app-config.ts">
        <metrics statements="26" coveredstatements="26" conditionals="32" coveredconditionals="30" methods="10" coveredmethods="10"/>
        <line num="13" count="30" type="cond" truecount="4" falsecount="0"/>
        <line num="17" count="2" type="stmt"/>
        <line num="18" count="2" type="stmt"/>
        <line num="19" count="2" type="stmt"/>
        <line num="20" count="2" type="stmt"/>
        <line num="22" count="2" type="stmt"/>
        <line num="26" count="14" type="stmt"/>
        <line num="27" count="14" type="cond" truecount="2" falsecount="0"/>
        <line num="28" count="6" type="stmt"/>
        <line num="31" count="8" type="stmt"/>
        <line num="32" count="8" type="cond" truecount="2" falsecount="0"/>
        <line num="33" count="6" type="stmt"/>
        <line num="36" count="2" type="cond" truecount="1" falsecount="1"/>
        <line num="40" count="3" type="stmt"/>
        <line num="44" count="3" type="stmt"/>
        <line num="45" count="3" type="cond" truecount="1" falsecount="1"/>
        <line num="49" count="65" type="stmt"/>
        <line num="50" count="65" type="cond" truecount="4" falsecount="0"/>
        <line num="54" count="2" type="stmt"/>
        <line num="55" count="2" type="cond" truecount="4" falsecount="0"/>
        <line num="59" count="2" type="stmt"/>
        <line num="60" count="2" type="cond" truecount="4" falsecount="0"/>
        <line num="64" count="2" type="stmt"/>
        <line num="65" count="2" type="cond" truecount="4" falsecount="0"/>
        <line num="69" count="2" type="stmt"/>
        <line num="70" count="2" type="cond" truecount="4" falsecount="0"/>
      </file>
      <file name="check-internet.ts" path="D:\Android\Apk\SalesInsight\utils\check-internet.ts">
        <metrics statements="5" coveredstatements="5" conditionals="2" coveredconditionals="2" methods="2" coveredmethods="2"/>
        <line num="6" count="7" type="stmt"/>
        <line num="7" count="7" type="stmt"/>
        <line num="8" count="7" type="cond" truecount="2" falsecount="0"/>
        <line num="12" count="1" type="stmt"/>
        <line num="13" count="1" type="stmt"/>
      </file>
      <file name="deviceInfo.ts" path="D:\Android\Apk\SalesInsight\utils\deviceInfo.ts">
        <metrics statements="9" coveredstatements="9" conditionals="8" coveredconditionals="4" methods="1" coveredmethods="1"/>
        <line num="8" count="2" type="stmt"/>
        <line num="9" count="2" type="stmt"/>
        <line num="13" count="2" type="stmt"/>
        <line num="14" count="1" type="cond" truecount="1" falsecount="1"/>
        <line num="15" count="1" type="stmt"/>
        <line num="17" count="1" type="cond" truecount="1" falsecount="1"/>
        <line num="18" count="1" type="stmt"/>
        <line num="20" count="1" type="stmt"/>
        <line num="22" count="1" type="cond" truecount="2" falsecount="2"/>
      </file>
      <file name="versionCompare.ts" path="D:\Android\Apk\SalesInsight\utils\versionCompare.ts">
        <metrics statements="16" coveredstatements="15" conditionals="10" coveredconditionals="8" methods="5" coveredmethods="5"/>
        <line num="2" count="54" type="stmt"/>
        <line num="3" count="54" type="cond" truecount="1" falsecount="1"/>
        <line num="4" count="0" type="stmt"/>
        <line num="7" count="161" type="stmt"/>
        <line num="11" count="27" type="stmt"/>
        <line num="12" count="27" type="stmt"/>
        <line num="13" count="27" type="stmt"/>
        <line num="15" count="27" type="stmt"/>
        <line num="16" count="78" type="cond" truecount="2" falsecount="0"/>
        <line num="17" count="78" type="cond" truecount="1" falsecount="1"/>
        <line num="19" count="78" type="cond" truecount="2" falsecount="0"/>
        <line num="20" count="4" type="stmt"/>
        <line num="22" count="74" type="cond" truecount="2" falsecount="0"/>
        <line num="23" count="2" type="stmt"/>
        <line num="27" count="21" type="stmt"/>
        <line num="31" count="22" type="stmt"/>
      </file>
    </package>
  </project>
</coverage>
