{"D:\\Android\\Apk\\SalesInsight\\app\\_layout.tsx": {"path":"D:\\Android\\Apk\\SalesInsight\\app\\_layout.tsx","statementMap":{"0":{"start":{"line":10,"column":0},"end":{"line":10,"column":53}},"1":{"start":{"line":19,"column":33},"end":{"line":21,"column":1}},"2":{"start":{"line":23,"column":0},"end":{"line":23,"column":57}},"3":{"start":{"line":26,"column":22},"end":{"line":26,"column":38}},"4":{"start":{"line":27,"column":26},"end":{"line":27,"column":35}},"5":{"start":{"line":28,"column":17},"end":{"line":28,"column":28}},"6":{"start":{"line":29,"column":26},"end":{"line":29,"column":50}},"7":{"start":{"line":30,"column":58},"end":{"line":30,"column":73}},"8":{"start":{"line":31,"column":44},"end":{"line":31,"column":59}},"9":{"start":{"line":33,"column":2},"end":{"line":39,"column":9}},"10":{"start":{"line":34,"column":18},"end":{"line":36,"column":11}},"11":{"start":{"line":35,"column":6},"end":{"line":35,"column":36}},"12":{"start":{"line":38,"column":4},"end":{"line":38,"column":37}},"13":{"start":{"line":38,"column":17},"end":{"line":38,"column":36}},"14":{"start":{"line":41,"column":18},"end":{"line":41,"column":87}},"15":{"start":{"line":43,"column":2},"end":{"line":48,"column":16}},"16":{"start":{"line":44,"column":4},"end":{"line":46,"column":5}},"17":{"start":{"line":45,"column":6},"end":{"line":45,"column":13}},"18":{"start":{"line":47,"column":4},"end":{"line":47,"column":45}},"19":{"start":{"line":50,"column":2},"end":{"line":57,"column":39}},"20":{"start":{"line":51,"column":4},"end":{"line":53,"column":5}},"21":{"start":{"line":52,"column":6},"end":{"line":52,"column":13}},"22":{"start":{"line":55,"column":4},"end":{"line":55,"column":27}},"23":{"start":{"line":56,"column":4},"end":{"line":56,"column":29}},"24":{"start":{"line":59,"column":2},"end":{"line":78,"column":4}},"25":{"start":{"line":82,"column":2},"end":{"line":90,"column":4}}},"fnMap":{"0":{"name":"(anonymous_0)","decl":{"start":{"line":23,"column":47},"end":{"line":23,"column":48}},"loc":{"start":{"line":23,"column":53},"end":{"line":23,"column":55}},"line":23},"1":{"name":"RootLayoutContent","decl":{"start":{"line":25,"column":9},"end":{"line":25,"column":26}},"loc":{"start":{"line":25,"column":29},"end":{"line":79,"column":1}},"line":25},"2":{"name":"(anonymous_2)","decl":{"start":{"line":33,"column":12},"end":{"line":33,"column":13}},"loc":{"start":{"line":33,"column":18},"end":{"line":39,"column":3}},"line":33},"3":{"name":"(anonymous_3)","decl":{"start":{"line":34,"column":29},"end":{"line":34,"column":30}},"loc":{"start":{"line":34,"column":35},"end":{"line":36,"column":5}},"line":34},"4":{"name":"(anonymous_4)","decl":{"start":{"line":38,"column":11},"end":{"line":38,"column":12}},"loc":{"start":{"line":38,"column":17},"end":{"line":38,"column":36}},"line":38},"5":{"name":"(anonymous_5)","decl":{"start":{"line":43,"column":12},"end":{"line":43,"column":13}},"loc":{"start":{"line":43,"column":18},"end":{"line":48,"column":3}},"line":43},"6":{"name":"(anonymous_6)","decl":{"start":{"line":47,"column":35},"end":{"line":47,"column":36}},"loc":{"start":{"line":47,"column":41},"end":{"line":47,"column":43}},"line":47},"7":{"name":"(anonymous_7)","decl":{"start":{"line":50,"column":12},"end":{"line":50,"column":13}},"loc":{"start":{"line":50,"column":18},"end":{"line":57,"column":3}},"line":50},"8":{"name":"RootLayout","decl":{"start":{"line":81,"column":24},"end":{"line":81,"column":34}},"loc":{"start":{"line":81,"column":37},"end":{"line":91,"column":1}},"line":81}},"branchMap":{"0":{"loc":{"start":{"line":41,"column":26},"end":{"line":41,"column":86}},"type":"binary-expr","locations":[{"start":{"line":41,"column":26},"end":{"line":41,"column":46}},{"start":{"line":41,"column":50},"end":{"line":41,"column":62}},{"start":{"line":41,"column":66},"end":{"line":41,"column":86}}],"line":41},"1":{"loc":{"start":{"line":44,"column":4},"end":{"line":46,"column":5}},"type":"if","locations":[{"start":{"line":44,"column":4},"end":{"line":46,"column":5}},{"start":{},"end":{}}],"line":44},"2":{"loc":{"start":{"line":51,"column":4},"end":{"line":53,"column":5}},"type":"if","locations":[{"start":{"line":51,"column":4},"end":{"line":53,"column":5}},{"start":{},"end":{}}],"line":51},"3":{"loc":{"start":{"line":51,"column":8},"end":{"line":51,"column":33}},"type":"binary-expr","locations":[{"start":{"line":51,"column":8},"end":{"line":51,"column":16}},{"start":{"line":51,"column":20},"end":{"line":51,"column":33}}],"line":51},"4":{"loc":{"start":{"line":60,"column":26},"end":{"line":60,"column":75}},"type":"cond-expr","locations":[{"start":{"line":60,"column":51},"end":{"line":60,"column":60}},{"start":{"line":60,"column":63},"end":{"line":60,"column":75}}],"line":60},"5":{"loc":{"start":{"line":73,"column":9},"end":{"line":73,"column":40}},"type":"cond-expr","locations":[{"start":{"line":73,"column":20},"end":{"line":73,"column":33}},{"start":{"line":73,"column":36},"end":{"line":73,"column":40}}],"line":73}},"s":{"0":0,"1":0,"2":0,"3":0,"4":0,"5":0,"6":0,"7":0,"8":0,"9":0,"10":0,"11":0,"12":0,"13":0,"14":0,"15":0,"16":0,"17":0,"18":0,"19":0,"20":0,"21":0,"22":0,"23":0,"24":0,"25":0},"f":{"0":0,"1":0,"2":0,"3":0,"4":0,"5":0,"6":0,"7":0,"8":0},"b":{"0":[0,0,0],"1":[0,0],"2":[0,0],"3":[0,0],"4":[0,0],"5":[0,0]}}
,"D:\\Android\\Apk\\SalesInsight\\app\\about.tsx": {"path":"D:\\Android\\Apk\\SalesInsight\\app\\about.tsx","statementMap":{"0":{"start":{"line":46,"column":17},"end":{"line":46,"column":52}},"1":{"start":{"line":48,"column":21},"end":{"line":48,"column":29}},"2":{"start":{"line":49,"column":16},"end":{"line":49,"column":61}},"3":{"start":{"line":80,"column":26},"end":{"line":80,"column":78}},"4":{"start":{"line":81,"column":2},"end":{"line":83,"column":3}},"5":{"start":{"line":82,"column":4},"end":{"line":82,"column":48}},"6":{"start":{"line":85,"column":2},"end":{"line":90,"column":3}},"7":{"start":{"line":86,"column":19},"end":{"line":86,"column":44}},"8":{"start":{"line":87,"column":4},"end":{"line":89,"column":5}},"9":{"start":{"line":88,"column":6},"end":{"line":88,"column":41}},"10":{"start":{"line":92,"column":2},"end":{"line":92,"column":25}},"11":{"start":{"line":96,"column":2},"end":{"line":101,"column":4}},"12":{"start":{"line":105,"column":2},"end":{"line":125,"column":4}},"13":{"start":{"line":112,"column":30},"end":{"line":116,"column":7}},"14":{"start":{"line":136,"column":2},"end":{"line":158,"column":4}},"15":{"start":{"line":143,"column":30},"end":{"line":148,"column":7}},"16":{"start":{"line":162,"column":2},"end":{"line":172,"column":4}},"17":{"start":{"line":176,"column":35},"end":{"line":176,"column":53}},"18":{"start":{"line":177,"column":50},"end":{"line":177,"column":65}},"19":{"start":{"line":178,"column":19},"end":{"line":178,"column":56}},"20":{"start":{"line":179,"column":24},"end":{"line":179,"column":62}},"21":{"start":{"line":180,"column":20},"end":{"line":180,"column":60}},"22":{"start":{"line":182,"column":2},"end":{"line":201,"column":43}},"23":{"start":{"line":183,"column":4},"end":{"line":200,"column":15}},"24":{"start":{"line":203,"column":22},"end":{"line":203,"column":62}},"25":{"start":{"line":203,"column":36},"end":{"line":203,"column":57}},"26":{"start":{"line":204,"column":25},"end":{"line":204,"column":68}},"27":{"start":{"line":204,"column":39},"end":{"line":204,"column":63}},"28":{"start":{"line":205,"column":23},"end":{"line":205,"column":64}},"29":{"start":{"line":205,"column":37},"end":{"line":205,"column":59}},"30":{"start":{"line":206,"column":23},"end":{"line":206,"column":64}},"31":{"start":{"line":206,"column":37},"end":{"line":206,"column":59}},"32":{"start":{"line":207,"column":24},"end":{"line":207,"column":66}},"33":{"start":{"line":207,"column":38},"end":{"line":207,"column":61}},"34":{"start":{"line":208,"column":25},"end":{"line":208,"column":63}},"35":{"start":{"line":208,"column":39},"end":{"line":208,"column":58}},"36":{"start":{"line":209,"column":27},"end":{"line":209,"column":82}},"37":{"start":{"line":209,"column":41},"end":{"line":209,"column":65}},"38":{"start":{"line":210,"column":27},"end":{"line":210,"column":79}},"39":{"start":{"line":210,"column":41},"end":{"line":210,"column":62}},"40":{"start":{"line":212,"column":26},"end":{"line":234,"column":3}},"41":{"start":{"line":213,"column":4},"end":{"line":216,"column":5}},"42":{"start":{"line":214,"column":6},"end":{"line":214,"column":75}},"43":{"start":{"line":215,"column":6},"end":{"line":215,"column":13}},"44":{"start":{"line":218,"column":4},"end":{"line":233,"column":5}},"45":{"start":{"line":219,"column":6},"end":{"line":224,"column":7}},"46":{"start":{"line":220,"column":8},"end":{"line":222,"column":11}},"47":{"start":{"line":223,"column":8},"end":{"line":223,"column":15}},"48":{"start":{"line":226,"column":22},"end":{"line":226,"column":51}},"49":{"start":{"line":227,"column":6},"end":{"line":229,"column":7}},"50":{"start":{"line":228,"column":8},"end":{"line":228,"column":43}},"51":{"start":{"line":230,"column":6},"end":{"line":230,"column":33}},"52":{"start":{"line":232,"column":6},"end":{"line":232,"column":99}},"53":{"start":{"line":236,"column":32},"end":{"line":274,"column":3}},"54":{"start":{"line":237,"column":4},"end":{"line":240,"column":5}},"55":{"start":{"line":238,"column":6},"end":{"line":238,"column":75}},"56":{"start":{"line":239,"column":6},"end":{"line":239,"column":13}},"57":{"start":{"line":242,"column":4},"end":{"line":242,"column":30}},"58":{"start":{"line":243,"column":4},"end":{"line":273,"column":5}},"59":{"start":{"line":244,"column":26},"end":{"line":244,"column":55}},"60":{"start":{"line":245,"column":25},"end":{"line":245,"column":80}},"61":{"start":{"line":247,"column":6},"end":{"line":265,"column":7}},"62":{"start":{"line":248,"column":8},"end":{"line":263,"column":10}},"63":{"start":{"line":256,"column":16},"end":{"line":259,"column":19}},"64":{"start":{"line":257,"column":34},"end":{"line":257,"column":104}},"65":{"start":{"line":258,"column":18},"end":{"line":258,"column":56}},"66":{"start":{"line":264,"column":8},"end":{"line":264,"column":15}},"67":{"start":{"line":267,"column":6},"end":{"line":267,"column":94}},"68":{"start":{"line":269,"column":22},"end":{"line":269,"column":103}},"69":{"start":{"line":270,"column":6},"end":{"line":270,"column":50}},"70":{"start":{"line":272,"column":6},"end":{"line":272,"column":33}},"71":{"start":{"line":276,"column":22},"end":{"line":285,"column":3}},"72":{"start":{"line":277,"column":4},"end":{"line":284,"column":5}},"73":{"start":{"line":278,"column":6},"end":{"line":281,"column":9}},"74":{"start":{"line":283,"column":6},"end":{"line":283,"column":90}},"75":{"start":{"line":287,"column":33},"end":{"line":290,"column":3}},"76":{"start":{"line":292,"column":28},"end":{"line":294,"column":3}},"77":{"start":{"line":296,"column":2},"end":{"line":385,"column":4}},"78":{"start":{"line":349,"column":75},"end":{"line":349,"column":111}},"79":{"start":{"line":359,"column":71},"end":{"line":359,"column":109}},"80":{"start":{"line":360,"column":71},"end":{"line":360,"column":109}},"81":{"start":{"line":388,"column":15},"end":{"line":691,"column":2}}},"fnMap":{"0":{"name":"getLastUpdatedLabel","decl":{"start":{"line":79,"column":9},"end":{"line":79,"column":28}},"loc":{"start":{"line":79,"column":39},"end":{"line":93,"column":1}},"line":79},"1":{"name":"InfoRow","decl":{"start":{"line":95,"column":9},"end":{"line":95,"column":16}},"loc":{"start":{"line":95,"column":66},"end":{"line":102,"column":1}},"line":95},"2":{"name":"LinkRow","decl":{"start":{"line":104,"column":9},"end":{"line":104,"column":16}},"loc":{"start":{"line":104,"column":76},"end":{"line":126,"column":1}},"line":104},"3":{"name":"(anonymous_3)","decl":{"start":{"line":112,"column":13},"end":{"line":112,"column":14}},"loc":{"start":{"line":112,"column":30},"end":{"line":116,"column":7}},"line":112},"4":{"name":"ActionButton","decl":{"start":{"line":128,"column":9},"end":{"line":128,"column":21}},"loc":{"start":{"line":135,"column":22},"end":{"line":159,"column":1}},"line":135},"5":{"name":"(anonymous_5)","decl":{"start":{"line":143,"column":13},"end":{"line":143,"column":14}},"loc":{"start":{"line":143,"column":30},"end":{"line":148,"column":7}},"line":143},"6":{"name":"HeroStat","decl":{"start":{"line":161,"column":9},"end":{"line":161,"column":17}},"loc":{"start":{"line":161,"column":63},"end":{"line":173,"column":1}},"line":161},"7":{"name":"AboutAppScreen","decl":{"start":{"line":175,"column":24},"end":{"line":175,"column":38}},"loc":{"start":{"line":175,"column":41},"end":{"line":386,"column":1}},"line":175},"8":{"name":"(anonymous_8)","decl":{"start":{"line":182,"column":12},"end":{"line":182,"column":13}},"loc":{"start":{"line":182,"column":18},"end":{"line":201,"column":3}},"line":182},"9":{"name":"(anonymous_9)","decl":{"start":{"line":203,"column":30},"end":{"line":203,"column":31}},"loc":{"start":{"line":203,"column":36},"end":{"line":203,"column":57}},"line":203},"10":{"name":"(anonymous_10)","decl":{"start":{"line":204,"column":33},"end":{"line":204,"column":34}},"loc":{"start":{"line":204,"column":39},"end":{"line":204,"column":63}},"line":204},"11":{"name":"(anonymous_11)","decl":{"start":{"line":205,"column":31},"end":{"line":205,"column":32}},"loc":{"start":{"line":205,"column":37},"end":{"line":205,"column":59}},"line":205},"12":{"name":"(anonymous_12)","decl":{"start":{"line":206,"column":31},"end":{"line":206,"column":32}},"loc":{"start":{"line":206,"column":37},"end":{"line":206,"column":59}},"line":206},"13":{"name":"(anonymous_13)","decl":{"start":{"line":207,"column":32},"end":{"line":207,"column":33}},"loc":{"start":{"line":207,"column":38},"end":{"line":207,"column":61}},"line":207},"14":{"name":"(anonymous_14)","decl":{"start":{"line":208,"column":33},"end":{"line":208,"column":34}},"loc":{"start":{"line":208,"column":39},"end":{"line":208,"column":58}},"line":208},"15":{"name":"(anonymous_15)","decl":{"start":{"line":209,"column":35},"end":{"line":209,"column":36}},"loc":{"start":{"line":209,"column":41},"end":{"line":209,"column":65}},"line":209},"16":{"name":"(anonymous_16)","decl":{"start":{"line":210,"column":35},"end":{"line":210,"column":36}},"loc":{"start":{"line":210,"column":41},"end":{"line":210,"column":62}},"line":210},"17":{"name":"(anonymous_17)","decl":{"start":{"line":212,"column":26},"end":{"line":212,"column":27}},"loc":{"start":{"line":212,"column":49},"end":{"line":234,"column":3}},"line":212},"18":{"name":"(anonymous_18)","decl":{"start":{"line":236,"column":32},"end":{"line":236,"column":33}},"loc":{"start":{"line":236,"column":44},"end":{"line":274,"column":3}},"line":236},"19":{"name":"(anonymous_19)","decl":{"start":{"line":255,"column":23},"end":{"line":255,"column":24}},"loc":{"start":{"line":255,"column":29},"end":{"line":260,"column":15}},"line":255},"20":{"name":"(anonymous_20)","decl":{"start":{"line":256,"column":71},"end":{"line":256,"column":72}},"loc":{"start":{"line":256,"column":91},"end":{"line":259,"column":17}},"line":256},"21":{"name":"(anonymous_21)","decl":{"start":{"line":276,"column":22},"end":{"line":276,"column":23}},"loc":{"start":{"line":276,"column":34},"end":{"line":285,"column":3}},"line":276},"22":{"name":"(anonymous_22)","decl":{"start":{"line":349,"column":69},"end":{"line":349,"column":70}},"loc":{"start":{"line":349,"column":75},"end":{"line":349,"column":111}},"line":349},"23":{"name":"(anonymous_23)","decl":{"start":{"line":359,"column":65},"end":{"line":359,"column":66}},"loc":{"start":{"line":359,"column":71},"end":{"line":359,"column":109}},"line":359},"24":{"name":"(anonymous_24)","decl":{"start":{"line":360,"column":65},"end":{"line":360,"column":66}},"loc":{"start":{"line":360,"column":71},"end":{"line":360,"column":109}},"line":360}},"branchMap":{"0":{"loc":{"start":{"line":81,"column":2},"end":{"line":83,"column":3}},"type":"if","locations":[{"start":{"line":81,"column":2},"end":{"line":83,"column":3}},{"start":{},"end":{}}],"line":81},"1":{"loc":{"start":{"line":85,"column":2},"end":{"line":90,"column":3}},"type":"if","locations":[{"start":{"line":85,"column":2},"end":{"line":90,"column":3}},{"start":{},"end":{}}],"line":85},"2":{"loc":{"start":{"line":87,"column":4},"end":{"line":89,"column":5}},"type":"if","locations":[{"start":{"line":87,"column":4},"end":{"line":89,"column":5}},{"start":{},"end":{}}],"line":87},"3":{"loc":{"start":{"line":95,"column":33},"end":{"line":95,"column":48}},"type":"default-arg","locations":[{"start":{"line":95,"column":43},"end":{"line":95,"column":48}}],"line":95},"4":{"loc":{"start":{"line":99,"column":38},"end":{"line":99,"column":72}},"type":"binary-expr","locations":[{"start":{"line":99,"column":38},"end":{"line":99,"column":45}},{"start":{"line":99,"column":49},"end":{"line":99,"column":72}}],"line":99},"5":{"loc":{"start":{"line":104,"column":42},"end":{"line":104,"column":58}},"type":"default-arg","locations":[{"start":{"line":104,"column":53},"end":{"line":104,"column":58}}],"line":104},"6":{"loc":{"start":{"line":114,"column":8},"end":{"line":114,"column":42}},"type":"binary-expr","locations":[{"start":{"line":114,"column":8},"end":{"line":114,"column":16}},{"start":{"line":114,"column":20},"end":{"line":114,"column":42}}],"line":114},"7":{"loc":{"start":{"line":115,"column":8},"end":{"line":115,"column":46}},"type":"binary-expr","locations":[{"start":{"line":115,"column":8},"end":{"line":115,"column":15}},{"start":{"line":115,"column":19},"end":{"line":115,"column":28}},{"start":{"line":115,"column":32},"end":{"line":115,"column":46}}],"line":115},"8":{"loc":{"start":{"line":123,"column":37},"end":{"line":123,"column":69}},"type":"cond-expr","locations":[{"start":{"line":123,"column":48},"end":{"line":123,"column":57}},{"start":{"line":123,"column":60},"end":{"line":123,"column":69}}],"line":123},"9":{"loc":{"start":{"line":132,"column":2},"end":{"line":132,"column":18}},"type":"default-arg","locations":[{"start":{"line":132,"column":13},"end":{"line":132,"column":18}}],"line":132},"10":{"loc":{"start":{"line":133,"column":2},"end":{"line":133,"column":17}},"type":"default-arg","locations":[{"start":{"line":133,"column":12},"end":{"line":133,"column":17}}],"line":133},"11":{"loc":{"start":{"line":134,"column":2},"end":{"line":134,"column":17}},"type":"default-arg","locations":[{"start":{"line":134,"column":12},"end":{"line":134,"column":17}}],"line":134},"12":{"loc":{"start":{"line":140,"column":31},"end":{"line":140,"column":93}},"type":"cond-expr","locations":[{"start":{"line":140,"column":41},"end":{"line":140,"column":65}},{"start":{"line":140,"column":68},"end":{"line":140,"column":93}}],"line":140},"13":{"loc":{"start":{"line":141,"column":16},"end":{"line":141,"column":35}},"type":"binary-expr","locations":[{"start":{"line":141,"column":16},"end":{"line":141,"column":24}},{"start":{"line":141,"column":28},"end":{"line":141,"column":35}}],"line":141},"14":{"loc":{"start":{"line":145,"column":8},"end":{"line":145,"column":75}},"type":"cond-expr","locations":[{"start":{"line":145,"column":18},"end":{"line":145,"column":44}},{"start":{"line":145,"column":47},"end":{"line":145,"column":75}}],"line":145},"15":{"loc":{"start":{"line":146,"column":8},"end":{"line":146,"column":60}},"type":"binary-expr","locations":[{"start":{"line":146,"column":9},"end":{"line":146,"column":17}},{"start":{"line":146,"column":21},"end":{"line":146,"column":28}},{"start":{"line":146,"column":33},"end":{"line":146,"column":60}}],"line":146},"16":{"loc":{"start":{"line":147,"column":8},"end":{"line":147,"column":59}},"type":"binary-expr","locations":[{"start":{"line":147,"column":8},"end":{"line":147,"column":15}},{"start":{"line":147,"column":19},"end":{"line":147,"column":41}},{"start":{"line":147,"column":45},"end":{"line":147,"column":59}}],"line":147},"17":{"loc":{"start":{"line":147,"column":21},"end":{"line":147,"column":40}},"type":"binary-expr","locations":[{"start":{"line":147,"column":21},"end":{"line":147,"column":29}},{"start":{"line":147,"column":33},"end":{"line":147,"column":40}}],"line":147},"18":{"loc":{"start":{"line":149,"column":7},"end":{"line":153,"column":7}},"type":"cond-expr","locations":[{"start":{"line":150,"column":8},"end":{"line":150,"column":82}},{"start":{"line":152,"column":8},"end":{"line":152,"column":84}}],"line":149},"19":{"loc":{"start":{"line":150,"column":47},"end":{"line":150,"column":78}},"type":"cond-expr","locations":[{"start":{"line":150,"column":57},"end":{"line":150,"column":66}},{"start":{"line":150,"column":69},"end":{"line":150,"column":78}}],"line":150},"20":{"loc":{"start":{"line":152,"column":31},"end":{"line":152,"column":62}},"type":"cond-expr","locations":[{"start":{"line":152,"column":41},"end":{"line":152,"column":50}},{"start":{"line":152,"column":53},"end":{"line":152,"column":62}}],"line":152},"21":{"loc":{"start":{"line":154,"column":45},"end":{"line":154,"column":120}},"type":"cond-expr","locations":[{"start":{"line":154,"column":55},"end":{"line":154,"column":85}},{"start":{"line":154,"column":88},"end":{"line":154,"column":120}}],"line":154},"22":{"loc":{"start":{"line":213,"column":4},"end":{"line":216,"column":5}},"type":"if","locations":[{"start":{"line":213,"column":4},"end":{"line":216,"column":5}},{"start":{},"end":{}}],"line":213},"23":{"loc":{"start":{"line":213,"column":8},"end":{"line":213,"column":42}},"type":"binary-expr","locations":[{"start":{"line":213,"column":8},"end":{"line":213,"column":17}},{"start":{"line":213,"column":21},"end":{"line":213,"column":42}}],"line":213},"24":{"loc":{"start":{"line":219,"column":6},"end":{"line":224,"column":7}},"type":"if","locations":[{"start":{"line":219,"column":6},"end":{"line":224,"column":7}},{"start":{},"end":{}}],"line":219},"25":{"loc":{"start":{"line":227,"column":6},"end":{"line":229,"column":7}},"type":"if","locations":[{"start":{"line":227,"column":6},"end":{"line":229,"column":7}},{"start":{},"end":{}}],"line":227},"26":{"loc":{"start":{"line":237,"column":4},"end":{"line":240,"column":5}},"type":"if","locations":[{"start":{"line":237,"column":4},"end":{"line":240,"column":5}},{"start":{},"end":{}}],"line":237},"27":{"loc":{"start":{"line":247,"column":6},"end":{"line":265,"column":7}},"type":"if","locations":[{"start":{"line":247,"column":6},"end":{"line":265,"column":7}},{"start":{},"end":{}}],"line":247},"28":{"loc":{"start":{"line":257,"column":34},"end":{"line":257,"column":104}},"type":"cond-expr","locations":[{"start":{"line":257,"column":59},"end":{"line":257,"column":72}},{"start":{"line":257,"column":75},"end":{"line":257,"column":104}}],"line":257},"29":{"loc":{"start":{"line":269,"column":22},"end":{"line":269,"column":103}},"type":"cond-expr","locations":[{"start":{"line":269,"column":47},"end":{"line":269,"column":60}},{"start":{"line":269,"column":63},"end":{"line":269,"column":103}}],"line":269},"30":{"loc":{"start":{"line":316,"column":47},"end":{"line":316,"column":108}},"type":"cond-expr","locations":[{"start":{"line":316,"column":58},"end":{"line":316,"column":81}},{"start":{"line":316,"column":84},"end":{"line":316,"column":108}}],"line":316},"31":{"loc":{"start":{"line":317,"column":48},"end":{"line":317,"column":107}},"type":"cond-expr","locations":[{"start":{"line":317,"column":59},"end":{"line":317,"column":81}},{"start":{"line":317,"column":84},"end":{"line":317,"column":107}}],"line":317},"32":{"loc":{"start":{"line":318,"column":53},"end":{"line":318,"column":94}},"type":"binary-expr","locations":[{"start":{"line":318,"column":53},"end":{"line":318,"column":62}},{"start":{"line":318,"column":66},"end":{"line":318,"column":94}}],"line":318},"33":{"loc":{"start":{"line":319,"column":19},"end":{"line":319,"column":50}},"type":"cond-expr","locations":[{"start":{"line":319,"column":30},"end":{"line":319,"column":38}},{"start":{"line":319,"column":41},"end":{"line":319,"column":50}}],"line":319},"34":{"loc":{"start":{"line":331,"column":13},"end":{"line":336,"column":20}},"type":"cond-expr","locations":[{"start":{"line":332,"column":14},"end":{"line":335,"column":21}},{"start":{"line":336,"column":16},"end":{"line":336,"column":20}}],"line":331},"35":{"loc":{"start":{"line":331,"column":13},"end":{"line":331,"column":37}},"type":"binary-expr","locations":[{"start":{"line":331,"column":13},"end":{"line":331,"column":22}},{"start":{"line":331,"column":26},"end":{"line":331,"column":37}}],"line":331},"36":{"loc":{"start":{"line":349,"column":123},"end":{"line":349,"column":147}},"type":"binary-expr","locations":[{"start":{"line":349,"column":123},"end":{"line":349,"column":132}},{"start":{"line":349,"column":136},"end":{"line":349,"column":147}}],"line":349},"37":{"loc":{"start":{"line":370,"column":26},"end":{"line":370,"column":50}},"type":"binary-expr","locations":[{"start":{"line":370,"column":26},"end":{"line":370,"column":35}},{"start":{"line":370,"column":39},"end":{"line":370,"column":50}}],"line":370}},"s":{"0":1,"1":1,"2":1,"3":4,"4":4,"5":0,"6":4,"7":4,"8":4,"9":4,"10":0,"11":28,"12":12,"13":12,"14":8,"15":8,"16":4,"17":5,"18":5,"19":5,"20":5,"21":5,"22":5,"23":4,"24":5,"25":4,"26":5,"27":4,"28":5,"29":4,"30":5,"31":4,"32":5,"33":4,"34":5,"35":4,"36":5,"37":4,"38":5,"39":4,"40":5,"41":0,"42":0,"43":0,"44":0,"45":0,"46":0,"47":0,"48":0,"49":0,"50":0,"51":0,"52":0,"53":5,"54":1,"55":0,"56":0,"57":1,"58":1,"59":1,"60":1,"61":1,"62":1,"63":1,"64":0,"65":0,"66":1,"67":0,"68":0,"69":0,"70":1,"71":5,"72":1,"73":1,"74":0,"75":5,"76":5,"77":5,"78":0,"79":0,"80":0,"81":1},"f":{"0":4,"1":28,"2":12,"3":12,"4":8,"5":8,"6":4,"7":5,"8":4,"9":4,"10":4,"11":4,"12":4,"13":4,"14":4,"15":4,"16":4,"17":0,"18":1,"19":1,"20":0,"21":1,"22":0,"23":0,"24":0},"b":{"0":[0,4],"1":[4,0],"2":[4,0],"3":[24],"4":[28,0],"5":[8],"6":[12,1],"7":[12,0,0],"8":[1,11],"9":[4],"10":[4],"11":[4],"12":[4,4],"13":[8,7],"14":[4,4],"15":[8,7,1],"16":[8,0,0],"17":[0,0],"18":[0,8],"19":[0,0],"20":[4,4],"21":[4,4],"22":[0,0],"23":[0,0],"24":[0,0],"25":[0,0],"26":[0,1],"27":[1,0],"28":[0,0],"29":[0,0],"30":[4,1],"31":[4,1],"32":[5,1],"33":[4,1],"34":[1,4],"35":[5,1],"36":[5,1],"37":[5,1]},"_coverageSchema":"1a1c01bbd47fc00a2c39e90264f33305004495a9","hash":"ac70b7634ba61ecaa4b6e5220cf55c306fd2be0d"}
,"D:\\Android\\Apk\\SalesInsight\\app\\appbar-examples.tsx": {"path":"D:\\Android\\Apk\\SalesInsight\\app\\appbar-examples.tsx","statementMap":{"0":{"start":{"line":10,"column":2},"end":{"line":15,"column":4}},"1":{"start":{"line":19,"column":17},"end":{"line":19,"column":28}},"2":{"start":{"line":20,"column":2},"end":{"line":20,"column":23}},"3":{"start":{"line":22,"column":2},"end":{"line":99,"column":4}},"4":{"start":{"line":39,"column":36},"end":{"line":39,"column":89}},"5":{"start":{"line":92,"column":25},"end":{"line":92,"column":38}},"6":{"start":{"line":93,"column":34},"end":{"line":93,"column":80}},"7":{"start":{"line":102,"column":15},"end":{"line":157,"column":2}}},"fnMap":{"0":{"name":"DemoCard","decl":{"start":{"line":9,"column":9},"end":{"line":9,"column":17}},"loc":{"start":{"line":9,"column":85},"end":{"line":16,"column":1}},"line":9},"1":{"name":"AppBarExamplesScreen","decl":{"start":{"line":18,"column":24},"end":{"line":18,"column":44}},"loc":{"start":{"line":18,"column":47},"end":{"line":100,"column":1}},"line":18},"2":{"name":"(anonymous_2)","decl":{"start":{"line":33,"column":21},"end":{"line":33,"column":22}},"loc":{"start":{"line":33,"column":27},"end":{"line":33,"column":29}},"line":33},"3":{"name":"(anonymous_3)","decl":{"start":{"line":38,"column":21},"end":{"line":38,"column":22}},"loc":{"start":{"line":38,"column":27},"end":{"line":38,"column":29}},"line":38},"4":{"name":"(anonymous_4)","decl":{"start":{"line":39,"column":19},"end":{"line":39,"column":20}},"loc":{"start":{"line":39,"column":36},"end":{"line":39,"column":89}},"line":39},"5":{"name":"(anonymous_5)","decl":{"start":{"line":59,"column":25},"end":{"line":59,"column":26}},"loc":{"start":{"line":59,"column":31},"end":{"line":59,"column":33}},"line":59},"6":{"name":"(anonymous_6)","decl":{"start":{"line":74,"column":25},"end":{"line":74,"column":26}},"loc":{"start":{"line":74,"column":31},"end":{"line":74,"column":33}},"line":74},"7":{"name":"(anonymous_7)","decl":{"start":{"line":80,"column":25},"end":{"line":80,"column":26}},"loc":{"start":{"line":80,"column":31},"end":{"line":80,"column":33}},"line":80},"8":{"name":"(anonymous_8)","decl":{"start":{"line":85,"column":25},"end":{"line":85,"column":26}},"loc":{"start":{"line":85,"column":31},"end":{"line":85,"column":33}},"line":85},"9":{"name":"(anonymous_9)","decl":{"start":{"line":92,"column":19},"end":{"line":92,"column":20}},"loc":{"start":{"line":92,"column":25},"end":{"line":92,"column":38}},"line":92},"10":{"name":"(anonymous_10)","decl":{"start":{"line":93,"column":17},"end":{"line":93,"column":18}},"loc":{"start":{"line":93,"column":34},"end":{"line":93,"column":80}},"line":93}},"branchMap":{"0":{"loc":{"start":{"line":39,"column":63},"end":{"line":39,"column":88}},"type":"binary-expr","locations":[{"start":{"line":39,"column":63},"end":{"line":39,"column":70}},{"start":{"line":39,"column":74},"end":{"line":39,"column":88}}],"line":39},"1":{"loc":{"start":{"line":93,"column":54},"end":{"line":93,"column":79}},"type":"binary-expr","locations":[{"start":{"line":93,"column":54},"end":{"line":93,"column":61}},{"start":{"line":93,"column":65},"end":{"line":93,"column":79}}],"line":93}},"s":{"0":0,"1":0,"2":0,"3":0,"4":0,"5":0,"6":0,"7":0},"f":{"0":0,"1":0,"2":0,"3":0,"4":0,"5":0,"6":0,"7":0,"8":0,"9":0,"10":0},"b":{"0":[0,0],"1":[0,0]}}
,"D:\\Android\\Apk\\SalesInsight\\app\\index.tsx": {"path":"D:\\Android\\Apk\\SalesInsight\\app\\index.tsx","statementMap":{"0":{"start":{"line":8,"column":62},"end":{"line":8,"column":71}},"1":{"start":{"line":10,"column":2},"end":{"line":12,"column":3}},"2":{"start":{"line":11,"column":4},"end":{"line":11,"column":25}},"3":{"start":{"line":14,"column":2},"end":{"line":16,"column":3}},"4":{"start":{"line":15,"column":4},"end":{"line":15,"column":79}},"5":{"start":{"line":18,"column":2},"end":{"line":18,"column":36}}},"fnMap":{"0":{"name":"RootIndexScreen","decl":{"start":{"line":7,"column":24},"end":{"line":7,"column":39}},"loc":{"start":{"line":7,"column":42},"end":{"line":19,"column":1}},"line":7}},"branchMap":{"0":{"loc":{"start":{"line":10,"column":2},"end":{"line":12,"column":3}},"type":"if","locations":[{"start":{"line":10,"column":2},"end":{"line":12,"column":3}},{"start":{},"end":{}}],"line":10},"1":{"loc":{"start":{"line":14,"column":2},"end":{"line":16,"column":3}},"type":"if","locations":[{"start":{"line":14,"column":2},"end":{"line":16,"column":3}},{"start":{},"end":{}}],"line":14}},"s":{"0":0,"1":0,"2":0,"3":0,"4":0,"5":0},"f":{"0":0},"b":{"0":[0,0],"1":[0,0]}}
,"D:\\Android\\Apk\\SalesInsight\\app\\login.tsx": {"path":"D:\\Android\\Apk\\SalesInsight\\app\\login.tsx","statementMap":{"0":{"start":{"line":53,"column":53},"end":{"line":53,"column":77}},"1":{"start":{"line":54,"column":22},"end":{"line":54,"column":40}},"2":{"start":{"line":55,"column":17},"end":{"line":55,"column":35}},"3":{"start":{"line":58,"column":17},"end":{"line":58,"column":28}},"4":{"start":{"line":67,"column":6},"end":{"line":67,"column":15}},"5":{"start":{"line":68,"column":38},"end":{"line":68,"column":56}},"6":{"start":{"line":69,"column":2},"end":{"line":69,"column":73}},"7":{"start":{"line":70,"column":22},"end":{"line":70,"column":45}},"8":{"start":{"line":71,"column":35},"end":{"line":71,"column":48}},"9":{"start":{"line":72,"column":36},"end":{"line":72,"column":49}},"10":{"start":{"line":73,"column":27},"end":{"line":73,"column":38}},"11":{"start":{"line":75,"column":32},"end":{"line":75,"column":59}},"12":{"start":{"line":76,"column":34},"end":{"line":76,"column":46}},"13":{"start":{"line":77,"column":42},"end":{"line":77,"column":57}},"14":{"start":{"line":78,"column":32},"end":{"line":78,"column":47}},"15":{"start":{"line":79,"column":54},"end":{"line":79,"column":69}},"16":{"start":{"line":80,"column":62},"end":{"line":80,"column":77}},"17":{"start":{"line":81,"column":58},"end":{"line":81,"column":73}},"18":{"start":{"line":82,"column":52},"end":{"line":82,"column":66}},"19":{"start":{"line":83,"column":44},"end":{"line":83,"column":73}},"20":{"start":{"line":84,"column":56},"end":{"line":84,"column":71}},"21":{"start":{"line":85,"column":52},"end":{"line":85,"column":81}},"22":{"start":{"line":86,"column":36},"end":{"line":86,"column":65}},"23":{"start":{"line":87,"column":54},"end":{"line":87,"column":69}},"24":{"start":{"line":88,"column":54},"end":{"line":88,"column":69}},"25":{"start":{"line":89,"column":62},"end":{"line":89,"column":73}},"26":{"start":{"line":90,"column":56},"end":{"line":90,"column":85}},"27":{"start":{"line":91,"column":30},"end":{"line":91,"column":54}},"28":{"start":{"line":92,"column":48},"end":{"line":92,"column":83}},"29":{"start":{"line":93,"column":50},"end":{"line":93,"column":65}},"30":{"start":{"line":94,"column":52},"end":{"line":94,"column":67}},"31":{"start":{"line":96,"column":21},"end":{"line":96,"column":58}},"32":{"start":{"line":97,"column":21},"end":{"line":97,"column":58}},"33":{"start":{"line":98,"column":23},"end":{"line":98,"column":60}},"34":{"start":{"line":99,"column":19},"end":{"line":99,"column":56}},"35":{"start":{"line":100,"column":27},"end":{"line":100,"column":64}},"36":{"start":{"line":101,"column":40},"end":{"line":111,"column":50}},"37":{"start":{"line":102,"column":4},"end":{"line":104,"column":5}},"38":{"start":{"line":103,"column":6},"end":{"line":103,"column":64}},"39":{"start":{"line":106,"column":4},"end":{"line":108,"column":5}},"40":{"start":{"line":107,"column":6},"end":{"line":107,"column":73}},"41":{"start":{"line":110,"column":4},"end":{"line":110,"column":44}},"42":{"start":{"line":112,"column":56},"end":{"line":112,"column":98}},"43":{"start":{"line":115,"column":4},"end":{"line":120,"column":23}},"44":{"start":{"line":121,"column":32},"end":{"line":121,"column":87}},"45":{"start":{"line":123,"column":26},"end":{"line":160,"column":24}},"46":{"start":{"line":124,"column":4},"end":{"line":124,"column":31}},"47":{"start":{"line":125,"column":4},"end":{"line":125,"column":31}},"48":{"start":{"line":127,"column":4},"end":{"line":159,"column":5}},"49":{"start":{"line":128,"column":26},"end":{"line":128,"column":57}},"50":{"start":{"line":130,"column":6},"end":{"line":135,"column":7}},"51":{"start":{"line":131,"column":8},"end":{"line":131,"column":38}},"52":{"start":{"line":132,"column":8},"end":{"line":132,"column":50}},"53":{"start":{"line":133,"column":8},"end":{"line":133,"column":104}},"54":{"start":{"line":134,"column":8},"end":{"line":134,"column":21}},"55":{"start":{"line":137,"column":26},"end":{"line":137,"column":55}},"56":{"start":{"line":138,"column":6},"end":{"line":138,"column":50}},"57":{"start":{"line":139,"column":6},"end":{"line":139,"column":44}},"58":{"start":{"line":141,"column":26},"end":{"line":141,"column":85}},"59":{"start":{"line":142,"column":6},"end":{"line":142,"column":42}},"60":{"start":{"line":143,"column":6},"end":{"line":145,"column":7}},"61":{"start":{"line":144,"column":8},"end":{"line":144,"column":50}},"62":{"start":{"line":146,"column":6},"end":{"line":146,"column":33}},"63":{"start":{"line":147,"column":6},"end":{"line":147,"column":26}},"64":{"start":{"line":149,"column":6},"end":{"line":149,"column":36}},"65":{"start":{"line":150,"column":6},"end":{"line":150,"column":48}},"66":{"start":{"line":152,"column":8},"end":{"line":154,"column":71}},"67":{"start":{"line":155,"column":6},"end":{"line":155,"column":36}},"68":{"start":{"line":156,"column":6},"end":{"line":156,"column":19}},"69":{"start":{"line":158,"column":6},"end":{"line":158,"column":34}},"70":{"start":{"line":162,"column":2},"end":{"line":164,"column":26}},"71":{"start":{"line":163,"column":4},"end":{"line":163,"column":34}},"72":{"start":{"line":166,"column":2},"end":{"line":172,"column":33}},"73":{"start":{"line":167,"column":4},"end":{"line":167,"column":50}},"74":{"start":{"line":169,"column":4},"end":{"line":171,"column":5}},"75":{"start":{"line":170,"column":6},"end":{"line":170,"column":47}},"76":{"start":{"line":174,"column":2},"end":{"line":203,"column":45}},"77":{"start":{"line":175,"column":23},"end":{"line":180,"column":5}},"78":{"start":{"line":181,"column":23},"end":{"line":186,"column":5}},"79":{"start":{"line":187,"column":25},"end":{"line":192,"column":5}},"80":{"start":{"line":194,"column":4},"end":{"line":194,"column":23}},"81":{"start":{"line":195,"column":4},"end":{"line":195,"column":23}},"82":{"start":{"line":196,"column":4},"end":{"line":196,"column":25}},"83":{"start":{"line":198,"column":4},"end":{"line":202,"column":6}},"84":{"start":{"line":199,"column":6},"end":{"line":199,"column":24}},"85":{"start":{"line":200,"column":6},"end":{"line":200,"column":24}},"86":{"start":{"line":201,"column":6},"end":{"line":201,"column":26}},"87":{"start":{"line":205,"column":2},"end":{"line":212,"column":17}},"88":{"start":{"line":206,"column":4},"end":{"line":211,"column":15}},"89":{"start":{"line":214,"column":2},"end":{"line":291,"column":123}},"90":{"start":{"line":215,"column":4},"end":{"line":220,"column":5}},"91":{"start":{"line":216,"column":6},"end":{"line":216,"column":39}},"92":{"start":{"line":217,"column":6},"end":{"line":217,"column":35}},"93":{"start":{"line":218,"column":6},"end":{"line":218,"column":62}},"94":{"start":{"line":219,"column":6},"end":{"line":219,"column":23}},"95":{"start":{"line":222,"column":4},"end":{"line":222,"column":60}},"96":{"start":{"line":223,"column":26},"end":{"line":257,"column":5}},"97":{"start":{"line":226,"column":10},"end":{"line":232,"column":11}},"98":{"start":{"line":237,"column":10},"end":{"line":243,"column":11}},"99":{"start":{"line":248,"column":10},"end":{"line":254,"column":11}},"100":{"start":{"line":259,"column":4},"end":{"line":259,"column":35}},"101":{"start":{"line":260,"column":4},"end":{"line":285,"column":15}},"102":{"start":{"line":287,"column":4},"end":{"line":290,"column":6}},"103":{"start":{"line":288,"column":6},"end":{"line":288,"column":39}},"104":{"start":{"line":289,"column":6},"end":{"line":289,"column":42}},"105":{"start":{"line":293,"column":2},"end":{"line":295,"column":24}},"106":{"start":{"line":294,"column":4},"end":{"line":294,"column":27}},"107":{"start":{"line":297,"column":2},"end":{"line":305,"column":24}},"108":{"start":{"line":298,"column":25},"end":{"line":302,"column":6}},"109":{"start":{"line":299,"column":6},"end":{"line":301,"column":7}},"110":{"start":{"line":300,"column":8},"end":{"line":300,"column":31}},"111":{"start":{"line":304,"column":4},"end":{"line":304,"column":39}},"112":{"start":{"line":304,"column":17},"end":{"line":304,"column":38}},"113":{"start":{"line":307,"column":2},"end":{"line":314,"column":48}},"114":{"start":{"line":308,"column":4},"end":{"line":310,"column":5}},"115":{"start":{"line":309,"column":6},"end":{"line":309,"column":23}},"116":{"start":{"line":312,"column":25},"end":{"line":312,"column":86}},"117":{"start":{"line":312,"column":81},"end":{"line":312,"column":85}},"118":{"start":{"line":313,"column":4},"end":{"line":313,"column":39}},"119":{"start":{"line":313,"column":17},"end":{"line":313,"column":38}},"120":{"start":{"line":316,"column":30},"end":{"line":340,"column":17}},"121":{"start":{"line":317,"column":4},"end":{"line":339,"column":5}},"122":{"start":{"line":318,"column":6},"end":{"line":318,"column":34}},"123":{"start":{"line":319,"column":6},"end":{"line":319,"column":34}},"124":{"start":{"line":320,"column":6},"end":{"line":320,"column":35}},"125":{"start":{"line":321,"column":6},"end":{"line":321,"column":35}},"126":{"start":{"line":322,"column":6},"end":{"line":326,"column":9}},"127":{"start":{"line":324,"column":10},"end":{"line":324,"column":46}},"128":{"start":{"line":327,"column":6},"end":{"line":327,"column":35}},"129":{"start":{"line":329,"column":6},"end":{"line":329,"column":48}},"130":{"start":{"line":331,"column":8},"end":{"line":333,"column":58}},"131":{"start":{"line":334,"column":6},"end":{"line":334,"column":38}},"132":{"start":{"line":335,"column":6},"end":{"line":335,"column":35}},"133":{"start":{"line":336,"column":6},"end":{"line":336,"column":44}},"134":{"start":{"line":338,"column":6},"end":{"line":338,"column":35}},"135":{"start":{"line":342,"column":2},"end":{"line":363,"column":5}},"136":{"start":{"line":343,"column":4},"end":{"line":352,"column":5}},"137":{"start":{"line":351,"column":6},"end":{"line":351,"column":13}},"138":{"start":{"line":354,"column":4},"end":{"line":354,"column":45}},"139":{"start":{"line":355,"column":4},"end":{"line":355,"column":31}},"140":{"start":{"line":365,"column":22},"end":{"line":370,"column":3}},"141":{"start":{"line":372,"column":22},"end":{"line":378,"column":3}},"142":{"start":{"line":380,"column":24},"end":{"line":385,"column":3}},"143":{"start":{"line":387,"column":28},"end":{"line":397,"column":3}},"144":{"start":{"line":398,"column":28},"end":{"line":401,"column":4}},"145":{"start":{"line":403,"column":24},"end":{"line":406,"column":3}},"146":{"start":{"line":404,"column":4},"end":{"line":404,"column":22}},"147":{"start":{"line":405,"column":4},"end":{"line":405,"column":76}},"148":{"start":{"line":405,"column":25},"end":{"line":405,"column":73}},"149":{"start":{"line":408,"column":27},"end":{"line":411,"column":3}},"150":{"start":{"line":409,"column":4},"end":{"line":409,"column":23}},"151":{"start":{"line":410,"column":4},"end":{"line":410,"column":77}},"152":{"start":{"line":410,"column":25},"end":{"line":410,"column":74}},"153":{"start":{"line":413,"column":35},"end":{"line":426,"column":8}},"154":{"start":{"line":414,"column":4},"end":{"line":414,"column":34}},"155":{"start":{"line":415,"column":24},"end":{"line":415,"column":55}},"156":{"start":{"line":416,"column":4},"end":{"line":416,"column":35}},"157":{"start":{"line":418,"column":4},"end":{"line":423,"column":5}},"158":{"start":{"line":419,"column":22},"end":{"line":419,"column":88}},"159":{"start":{"line":420,"column":6},"end":{"line":420,"column":56}},"160":{"start":{"line":420,"column":27},"end":{"line":420,"column":53}},"161":{"start":{"line":421,"column":6},"end":{"line":421,"column":42}},"162":{"start":{"line":422,"column":6},"end":{"line":422,"column":19}},"163":{"start":{"line":425,"column":4},"end":{"line":425,"column":16}},"164":{"start":{"line":428,"column":37},"end":{"line":443,"column":24}},"165":{"start":{"line":429,"column":4},"end":{"line":431,"column":5}},"166":{"start":{"line":430,"column":6},"end":{"line":430,"column":36}},"167":{"start":{"line":433,"column":4},"end":{"line":442,"column":7}},"168":{"start":{"line":434,"column":6},"end":{"line":441,"column":8}},"169":{"start":{"line":438,"column":61},"end":{"line":438,"column":75}},"170":{"start":{"line":439,"column":43},"end":{"line":439,"column":56}},"171":{"start":{"line":445,"column":19},"end":{"line":457,"column":25}},"172":{"start":{"line":446,"column":35},"end":{"line":446,"column":37}},"173":{"start":{"line":448,"column":4},"end":{"line":450,"column":5}},"174":{"start":{"line":449,"column":6},"end":{"line":449,"column":48}},"175":{"start":{"line":451,"column":4},"end":{"line":453,"column":5}},"176":{"start":{"line":452,"column":6},"end":{"line":452,"column":55}},"177":{"start":{"line":455,"column":4},"end":{"line":455,"column":26}},"178":{"start":{"line":456,"column":4},"end":{"line":456,"column":48}},"179":{"start":{"line":459,"column":23},"end":{"line":488,"column":3}},"180":{"start":{"line":460,"column":4},"end":{"line":462,"column":5}},"181":{"start":{"line":461,"column":6},"end":{"line":461,"column":13}},"182":{"start":{"line":464,"column":23},"end":{"line":464,"column":46}},"183":{"start":{"line":465,"column":4},"end":{"line":467,"column":5}},"184":{"start":{"line":466,"column":6},"end":{"line":466,"column":13}},"185":{"start":{"line":469,"column":4},"end":{"line":471,"column":5}},"186":{"start":{"line":470,"column":6},"end":{"line":470,"column":13}},"187":{"start":{"line":473,"column":24},"end":{"line":473,"column":56}},"188":{"start":{"line":474,"column":4},"end":{"line":476,"column":5}},"189":{"start":{"line":475,"column":6},"end":{"line":475,"column":13}},"190":{"start":{"line":478,"column":4},"end":{"line":487,"column":5}},"191":{"start":{"line":479,"column":6},"end":{"line":479,"column":23}},"192":{"start":{"line":480,"column":6},"end":{"line":480,"column":83}},"193":{"start":{"line":481,"column":6},"end":{"line":481,"column":32}},"194":{"start":{"line":483,"column":22},"end":{"line":483,"column":96}},"195":{"start":{"line":484,"column":6},"end":{"line":484,"column":56}},"196":{"start":{"line":484,"column":27},"end":{"line":484,"column":53}},"197":{"start":{"line":486,"column":6},"end":{"line":486,"column":24}},"198":{"start":{"line":490,"column":40},"end":{"line":557,"column":4}},"199":{"start":{"line":491,"column":4},"end":{"line":493,"column":5}},"200":{"start":{"line":492,"column":6},"end":{"line":492,"column":13}},"201":{"start":{"line":495,"column":23},"end":{"line":495,"column":46}},"202":{"start":{"line":496,"column":4},"end":{"line":498,"column":5}},"203":{"start":{"line":497,"column":6},"end":{"line":497,"column":13}},"204":{"start":{"line":500,"column":4},"end":{"line":502,"column":5}},"205":{"start":{"line":501,"column":6},"end":{"line":501,"column":13}},"206":{"start":{"line":504,"column":4},"end":{"line":510,"column":5}},"207":{"start":{"line":505,"column":22},"end":{"line":507,"column":69}},"208":{"start":{"line":508,"column":6},"end":{"line":508,"column":56}},"209":{"start":{"line":508,"column":27},"end":{"line":508,"column":53}},"210":{"start":{"line":509,"column":6},"end":{"line":509,"column":13}},"211":{"start":{"line":512,"column":24},"end":{"line":512,"column":56}},"212":{"start":{"line":513,"column":4},"end":{"line":515,"column":5}},"213":{"start":{"line":514,"column":6},"end":{"line":514,"column":13}},"214":{"start":{"line":517,"column":4},"end":{"line":543,"column":5}},"215":{"start":{"line":518,"column":6},"end":{"line":518,"column":58}},"216":{"start":{"line":518,"column":27},"end":{"line":518,"column":55}},"217":{"start":{"line":519,"column":6},"end":{"line":519,"column":38}},"218":{"start":{"line":521,"column":36},"end":{"line":521,"column":70}},"219":{"start":{"line":522,"column":6},"end":{"line":524,"column":7}},"220":{"start":{"line":523,"column":8},"end":{"line":523,"column":15}},"221":{"start":{"line":526,"column":6},"end":{"line":531,"column":9}},"222":{"start":{"line":533,"column":6},"end":{"line":533,"column":103}},"223":{"start":{"line":534,"column":6},"end":{"line":534,"column":32}},"224":{"start":{"line":537,"column":8},"end":{"line":539,"column":64}},"225":{"start":{"line":540,"column":6},"end":{"line":540,"column":56}},"226":{"start":{"line":540,"column":27},"end":{"line":540,"column":53}},"227":{"start":{"line":542,"column":6},"end":{"line":542,"column":39}},"228":{"start":{"line":559,"column":31},"end":{"line":610,"column":4}},"229":{"start":{"line":560,"column":4},"end":{"line":562,"column":5}},"230":{"start":{"line":561,"column":6},"end":{"line":561,"column":13}},"231":{"start":{"line":564,"column":23},"end":{"line":564,"column":46}},"232":{"start":{"line":565,"column":4},"end":{"line":567,"column":5}},"233":{"start":{"line":566,"column":6},"end":{"line":566,"column":13}},"234":{"start":{"line":569,"column":24},"end":{"line":569,"column":56}},"235":{"start":{"line":570,"column":4},"end":{"line":572,"column":5}},"236":{"start":{"line":571,"column":6},"end":{"line":571,"column":13}},"237":{"start":{"line":574,"column":4},"end":{"line":599,"column":5}},"238":{"start":{"line":575,"column":6},"end":{"line":575,"column":58}},"239":{"start":{"line":575,"column":27},"end":{"line":575,"column":55}},"240":{"start":{"line":576,"column":6},"end":{"line":576,"column":34}},"241":{"start":{"line":577,"column":6},"end":{"line":577,"column":34}},"242":{"start":{"line":578,"column":6},"end":{"line":578,"column":32}},"243":{"start":{"line":580,"column":6},"end":{"line":582,"column":7}},"244":{"start":{"line":581,"column":8},"end":{"line":581,"column":15}},"245":{"start":{"line":585,"column":8},"end":{"line":589,"column":86}},"246":{"start":{"line":591,"column":6},"end":{"line":593,"column":7}},"247":{"start":{"line":592,"column":8},"end":{"line":592,"column":33}},"248":{"start":{"line":595,"column":6},"end":{"line":595,"column":22}},"249":{"start":{"line":596,"column":6},"end":{"line":596,"column":56}},"250":{"start":{"line":596,"column":27},"end":{"line":596,"column":53}},"251":{"start":{"line":598,"column":6},"end":{"line":598,"column":35}},"252":{"start":{"line":612,"column":2},"end":{"line":633,"column":5}},"253":{"start":{"line":613,"column":4},"end":{"line":622,"column":5}},"254":{"start":{"line":621,"column":6},"end":{"line":621,"column":13}},"255":{"start":{"line":624,"column":4},"end":{"line":624,"column":44}},"256":{"start":{"line":625,"column":4},"end":{"line":625,"column":32}},"257":{"start":{"line":635,"column":2},"end":{"line":637,"column":3}},"258":{"start":{"line":636,"column":4},"end":{"line":636,"column":25}},"259":{"start":{"line":639,"column":2},"end":{"line":641,"column":3}},"260":{"start":{"line":640,"column":4},"end":{"line":640,"column":39}},"261":{"start":{"line":643,"column":2},"end":{"line":1009,"column":4}},"262":{"start":{"line":658,"column":40},"end":{"line":658,"column":87}},"263":{"start":{"line":739,"column":51},"end":{"line":739,"column":79}},"264":{"start":{"line":741,"column":43},"end":{"line":741,"column":68}},"265":{"start":{"line":742,"column":42},"end":{"line":742,"column":68}},"266":{"start":{"line":783,"column":43},"end":{"line":783,"column":69}},"267":{"start":{"line":784,"column":42},"end":{"line":784,"column":69}},"268":{"start":{"line":787,"column":43},"end":{"line":787,"column":75}},"269":{"start":{"line":787,"column":69},"end":{"line":787,"column":74}},"270":{"start":{"line":828,"column":48},"end":{"line":828,"column":97}},"271":{"start":{"line":857,"column":28},"end":{"line":857,"column":50}},"272":{"start":{"line":858,"column":28},"end":{"line":858,"column":80}},"273":{"start":{"line":858,"column":49},"end":{"line":858,"column":77}},"274":{"start":{"line":860,"column":50},"end":{"line":860,"column":99}},"275":{"start":{"line":875,"column":50},"end":{"line":879,"column":27}},"276":{"start":{"line":911,"column":50},"end":{"line":915,"column":27}},"277":{"start":{"line":931,"column":30},"end":{"line":931,"column":82}},"278":{"start":{"line":931,"column":51},"end":{"line":931,"column":79}},"279":{"start":{"line":932,"column":30},"end":{"line":932,"column":56}},"280":{"start":{"line":935,"column":52},"end":{"line":938,"column":29}},"281":{"start":{"line":950,"column":48},"end":{"line":954,"column":25}},"282":{"start":{"line":973,"column":26},"end":{"line":973,"column":78}},"283":{"start":{"line":973,"column":47},"end":{"line":973,"column":75}},"284":{"start":{"line":974,"column":26},"end":{"line":974,"column":51}},"285":{"start":{"line":977,"column":48},"end":{"line":980,"column":25}},"286":{"start":{"line":1012,"column":15},"end":{"line":1456,"column":2}}},"fnMap":{"0":{"name":"LoginScreen","decl":{"start":{"line":57,"column":24},"end":{"line":57,"column":35}},"loc":{"start":{"line":57,"column":38},"end":{"line":1010,"column":1}},"line":57},"1":{"name":"(anonymous_1)","decl":{"start":{"line":101,"column":52},"end":{"line":101,"column":53}},"loc":{"start":{"line":101,"column":58},"end":{"line":111,"column":3}},"line":101},"2":{"name":"(anonymous_2)","decl":{"start":{"line":123,"column":38},"end":{"line":123,"column":39}},"loc":{"start":{"line":123,"column":68},"end":{"line":160,"column":3}},"line":123},"3":{"name":"(anonymous_3)","decl":{"start":{"line":162,"column":12},"end":{"line":162,"column":13}},"loc":{"start":{"line":162,"column":18},"end":{"line":164,"column":3}},"line":162},"4":{"name":"(anonymous_4)","decl":{"start":{"line":166,"column":12},"end":{"line":166,"column":13}},"loc":{"start":{"line":166,"column":18},"end":{"line":172,"column":3}},"line":166},"5":{"name":"(anonymous_5)","decl":{"start":{"line":174,"column":12},"end":{"line":174,"column":13}},"loc":{"start":{"line":174,"column":18},"end":{"line":203,"column":3}},"line":174},"6":{"name":"(anonymous_6)","decl":{"start":{"line":198,"column":11},"end":{"line":198,"column":12}},"loc":{"start":{"line":198,"column":17},"end":{"line":202,"column":5}},"line":198},"7":{"name":"(anonymous_7)","decl":{"start":{"line":205,"column":12},"end":{"line":205,"column":13}},"loc":{"start":{"line":205,"column":18},"end":{"line":212,"column":3}},"line":205},"8":{"name":"(anonymous_8)","decl":{"start":{"line":214,"column":12},"end":{"line":214,"column":13}},"loc":{"start":{"line":214,"column":18},"end":{"line":291,"column":3}},"line":214},"9":{"name":"(anonymous_9)","decl":{"start":{"line":225,"column":8},"end":{"line":225,"column":9}},"loc":{"start":{"line":226,"column":10},"end":{"line":232,"column":11}},"line":226},"10":{"name":"(anonymous_10)","decl":{"start":{"line":236,"column":8},"end":{"line":236,"column":9}},"loc":{"start":{"line":237,"column":10},"end":{"line":243,"column":11}},"line":237},"11":{"name":"(anonymous_11)","decl":{"start":{"line":247,"column":8},"end":{"line":247,"column":9}},"loc":{"start":{"line":248,"column":10},"end":{"line":254,"column":11}},"line":248},"12":{"name":"(anonymous_12)","decl":{"start":{"line":287,"column":11},"end":{"line":287,"column":12}},"loc":{"start":{"line":287,"column":17},"end":{"line":290,"column":5}},"line":287},"13":{"name":"(anonymous_13)","decl":{"start":{"line":293,"column":12},"end":{"line":293,"column":13}},"loc":{"start":{"line":293,"column":18},"end":{"line":295,"column":3}},"line":293},"14":{"name":"(anonymous_14)","decl":{"start":{"line":297,"column":12},"end":{"line":297,"column":13}},"loc":{"start":{"line":297,"column":18},"end":{"line":305,"column":3}},"line":297},"15":{"name":"(anonymous_15)","decl":{"start":{"line":298,"column":61},"end":{"line":298,"column":62}},"loc":{"start":{"line":298,"column":76},"end":{"line":302,"column":5}},"line":298},"16":{"name":"(anonymous_16)","decl":{"start":{"line":304,"column":11},"end":{"line":304,"column":12}},"loc":{"start":{"line":304,"column":17},"end":{"line":304,"column":38}},"line":304},"17":{"name":"(anonymous_17)","decl":{"start":{"line":307,"column":12},"end":{"line":307,"column":13}},"loc":{"start":{"line":307,"column":18},"end":{"line":314,"column":3}},"line":307},"18":{"name":"(anonymous_18)","decl":{"start":{"line":312,"column":75},"end":{"line":312,"column":76}},"loc":{"start":{"line":312,"column":81},"end":{"line":312,"column":85}},"line":312},"19":{"name":"(anonymous_19)","decl":{"start":{"line":313,"column":11},"end":{"line":313,"column":12}},"loc":{"start":{"line":313,"column":17},"end":{"line":313,"column":38}},"line":313},"20":{"name":"(anonymous_20)","decl":{"start":{"line":316,"column":42},"end":{"line":316,"column":43}},"loc":{"start":{"line":316,"column":54},"end":{"line":340,"column":3}},"line":316},"21":{"name":"(anonymous_21)","decl":{"start":{"line":323,"column":20},"end":{"line":323,"column":21}},"loc":{"start":{"line":323,"column":38},"end":{"line":325,"column":9}},"line":323},"22":{"name":"(anonymous_22)","decl":{"start":{"line":342,"column":12},"end":{"line":342,"column":13}},"loc":{"start":{"line":342,"column":18},"end":{"line":356,"column":3}},"line":342},"23":{"name":"(anonymous_23)","decl":{"start":{"line":403,"column":24},"end":{"line":403,"column":25}},"loc":{"start":{"line":403,"column":43},"end":{"line":406,"column":3}},"line":403},"24":{"name":"(anonymous_24)","decl":{"start":{"line":405,"column":14},"end":{"line":405,"column":15}},"loc":{"start":{"line":405,"column":25},"end":{"line":405,"column":73}},"line":405},"25":{"name":"(anonymous_25)","decl":{"start":{"line":408,"column":27},"end":{"line":408,"column":28}},"loc":{"start":{"line":408,"column":46},"end":{"line":411,"column":3}},"line":408},"26":{"name":"(anonymous_26)","decl":{"start":{"line":410,"column":14},"end":{"line":410,"column":15}},"loc":{"start":{"line":410,"column":25},"end":{"line":410,"column":74}},"line":410},"27":{"name":"(anonymous_27)","decl":{"start":{"line":413,"column":47},"end":{"line":413,"column":48}},"loc":{"start":{"line":413,"column":59},"end":{"line":426,"column":3}},"line":413},"28":{"name":"(anonymous_28)","decl":{"start":{"line":420,"column":16},"end":{"line":420,"column":17}},"loc":{"start":{"line":420,"column":27},"end":{"line":420,"column":53}},"line":420},"29":{"name":"(anonymous_29)","decl":{"start":{"line":428,"column":49},"end":{"line":428,"column":50}},"loc":{"start":{"line":428,"column":55},"end":{"line":443,"column":3}},"line":428},"30":{"name":"(anonymous_30)","decl":{"start":{"line":433,"column":32},"end":{"line":433,"column":33}},"loc":{"start":{"line":433,"column":45},"end":{"line":442,"column":5}},"line":433},"31":{"name":"(anonymous_31)","decl":{"start":{"line":438,"column":55},"end":{"line":438,"column":56}},"loc":{"start":{"line":438,"column":61},"end":{"line":438,"column":75}},"line":438},"32":{"name":"(anonymous_32)","decl":{"start":{"line":439,"column":37},"end":{"line":439,"column":38}},"loc":{"start":{"line":439,"column":43},"end":{"line":439,"column":56}},"line":439},"33":{"name":"(anonymous_33)","decl":{"start":{"line":445,"column":31},"end":{"line":445,"column":32}},"loc":{"start":{"line":445,"column":37},"end":{"line":457,"column":3}},"line":445},"34":{"name":"(anonymous_34)","decl":{"start":{"line":459,"column":23},"end":{"line":459,"column":24}},"loc":{"start":{"line":459,"column":35},"end":{"line":488,"column":3}},"line":459},"35":{"name":"(anonymous_35)","decl":{"start":{"line":484,"column":16},"end":{"line":484,"column":17}},"loc":{"start":{"line":484,"column":27},"end":{"line":484,"column":53}},"line":484},"36":{"name":"(anonymous_36)","decl":{"start":{"line":490,"column":52},"end":{"line":490,"column":53}},"loc":{"start":{"line":490,"column":64},"end":{"line":544,"column":3}},"line":490},"37":{"name":"(anonymous_37)","decl":{"start":{"line":508,"column":16},"end":{"line":508,"column":17}},"loc":{"start":{"line":508,"column":27},"end":{"line":508,"column":53}},"line":508},"38":{"name":"(anonymous_38)","decl":{"start":{"line":518,"column":16},"end":{"line":518,"column":17}},"loc":{"start":{"line":518,"column":27},"end":{"line":518,"column":55}},"line":518},"39":{"name":"(anonymous_39)","decl":{"start":{"line":540,"column":16},"end":{"line":540,"column":17}},"loc":{"start":{"line":540,"column":27},"end":{"line":540,"column":53}},"line":540},"40":{"name":"(anonymous_40)","decl":{"start":{"line":559,"column":43},"end":{"line":559,"column":44}},"loc":{"start":{"line":559,"column":55},"end":{"line":600,"column":3}},"line":559},"41":{"name":"(anonymous_41)","decl":{"start":{"line":575,"column":16},"end":{"line":575,"column":17}},"loc":{"start":{"line":575,"column":27},"end":{"line":575,"column":55}},"line":575},"42":{"name":"(anonymous_42)","decl":{"start":{"line":596,"column":16},"end":{"line":596,"column":17}},"loc":{"start":{"line":596,"column":27},"end":{"line":596,"column":53}},"line":596},"43":{"name":"(anonymous_43)","decl":{"start":{"line":612,"column":12},"end":{"line":612,"column":13}},"loc":{"start":{"line":612,"column":18},"end":{"line":626,"column":3}},"line":612},"44":{"name":"(anonymous_44)","decl":{"start":{"line":658,"column":23},"end":{"line":658,"column":24}},"loc":{"start":{"line":658,"column":40},"end":{"line":658,"column":87}},"line":658},"45":{"name":"(anonymous_45)","decl":{"start":{"line":739,"column":45},"end":{"line":739,"column":46}},"loc":{"start":{"line":739,"column":51},"end":{"line":739,"column":79}},"line":739},"46":{"name":"(anonymous_46)","decl":{"start":{"line":741,"column":37},"end":{"line":741,"column":38}},"loc":{"start":{"line":741,"column":43},"end":{"line":741,"column":68}},"line":741},"47":{"name":"(anonymous_47)","decl":{"start":{"line":742,"column":36},"end":{"line":742,"column":37}},"loc":{"start":{"line":742,"column":42},"end":{"line":742,"column":68}},"line":742},"48":{"name":"(anonymous_48)","decl":{"start":{"line":783,"column":37},"end":{"line":783,"column":38}},"loc":{"start":{"line":783,"column":43},"end":{"line":783,"column":69}},"line":783},"49":{"name":"(anonymous_49)","decl":{"start":{"line":784,"column":36},"end":{"line":784,"column":37}},"loc":{"start":{"line":784,"column":42},"end":{"line":784,"column":69}},"line":784},"50":{"name":"(anonymous_50)","decl":{"start":{"line":787,"column":37},"end":{"line":787,"column":38}},"loc":{"start":{"line":787,"column":43},"end":{"line":787,"column":75}},"line":787},"51":{"name":"(anonymous_51)","decl":{"start":{"line":787,"column":59},"end":{"line":787,"column":60}},"loc":{"start":{"line":787,"column":69},"end":{"line":787,"column":74}},"line":787},"52":{"name":"(anonymous_52)","decl":{"start":{"line":828,"column":31},"end":{"line":828,"column":32}},"loc":{"start":{"line":828,"column":48},"end":{"line":828,"column":97}},"line":828},"53":{"name":"(anonymous_53)","decl":{"start":{"line":856,"column":35},"end":{"line":856,"column":36}},"loc":{"start":{"line":856,"column":47},"end":{"line":859,"column":27}},"line":856},"54":{"name":"(anonymous_54)","decl":{"start":{"line":858,"column":38},"end":{"line":858,"column":39}},"loc":{"start":{"line":858,"column":49},"end":{"line":858,"column":77}},"line":858},"55":{"name":"(anonymous_55)","decl":{"start":{"line":860,"column":33},"end":{"line":860,"column":34}},"loc":{"start":{"line":860,"column":50},"end":{"line":860,"column":99}},"line":860},"56":{"name":"(anonymous_56)","decl":{"start":{"line":875,"column":33},"end":{"line":875,"column":34}},"loc":{"start":{"line":875,"column":50},"end":{"line":879,"column":27}},"line":875},"57":{"name":"(anonymous_57)","decl":{"start":{"line":911,"column":33},"end":{"line":911,"column":34}},"loc":{"start":{"line":911,"column":50},"end":{"line":915,"column":27}},"line":911},"58":{"name":"(anonymous_58)","decl":{"start":{"line":930,"column":37},"end":{"line":930,"column":38}},"loc":{"start":{"line":930,"column":43},"end":{"line":933,"column":29}},"line":930},"59":{"name":"(anonymous_59)","decl":{"start":{"line":931,"column":40},"end":{"line":931,"column":41}},"loc":{"start":{"line":931,"column":51},"end":{"line":931,"column":79}},"line":931},"60":{"name":"(anonymous_60)","decl":{"start":{"line":935,"column":35},"end":{"line":935,"column":36}},"loc":{"start":{"line":935,"column":52},"end":{"line":938,"column":29}},"line":935},"61":{"name":"(anonymous_61)","decl":{"start":{"line":950,"column":31},"end":{"line":950,"column":32}},"loc":{"start":{"line":950,"column":48},"end":{"line":954,"column":25}},"line":950},"62":{"name":"(anonymous_62)","decl":{"start":{"line":972,"column":33},"end":{"line":972,"column":34}},"loc":{"start":{"line":972,"column":39},"end":{"line":975,"column":25}},"line":972},"63":{"name":"(anonymous_63)","decl":{"start":{"line":973,"column":36},"end":{"line":973,"column":37}},"loc":{"start":{"line":973,"column":47},"end":{"line":973,"column":75}},"line":973},"64":{"name":"(anonymous_64)","decl":{"start":{"line":977,"column":31},"end":{"line":977,"column":32}},"loc":{"start":{"line":977,"column":48},"end":{"line":980,"column":25}},"line":977}},"branchMap":{"0":{"loc":{"start":{"line":102,"column":4},"end":{"line":104,"column":5}},"type":"if","locations":[{"start":{"line":102,"column":4},"end":{"line":104,"column":5}},{"start":{},"end":{}}],"line":102},"1":{"loc":{"start":{"line":106,"column":4},"end":{"line":108,"column":5}},"type":"if","locations":[{"start":{"line":106,"column":4},"end":{"line":108,"column":5}},{"start":{},"end":{}}],"line":106},"2":{"loc":{"start":{"line":115,"column":4},"end":{"line":120,"column":23}},"type":"binary-expr","locations":[{"start":{"line":115,"column":4},"end":{"line":115,"column":11}},{"start":{"line":116,"column":4},"end":{"line":116,"column":22}},{"start":{"line":117,"column":4},"end":{"line":117,"column":26}},{"start":{"line":118,"column":4},"end":{"line":118,"column":24}},{"start":{"line":119,"column":4},"end":{"line":119,"column":21}},{"start":{"line":120,"column":4},"end":{"line":120,"column":23}}],"line":115},"3":{"loc":{"start":{"line":121,"column":32},"end":{"line":121,"column":87}},"type":"binary-expr","locations":[{"start":{"line":121,"column":32},"end":{"line":121,"column":39}},{"start":{"line":121,"column":43},"end":{"line":121,"column":65}},{"start":{"line":121,"column":69},"end":{"line":121,"column":87}}],"line":121},"4":{"loc":{"start":{"line":130,"column":6},"end":{"line":135,"column":7}},"type":"if","locations":[{"start":{"line":130,"column":6},"end":{"line":135,"column":7}},{"start":{},"end":{}}],"line":130},"5":{"loc":{"start":{"line":143,"column":6},"end":{"line":145,"column":7}},"type":"if","locations":[{"start":{"line":143,"column":6},"end":{"line":145,"column":7}},{"start":{},"end":{}}],"line":143},"6":{"loc":{"start":{"line":152,"column":8},"end":{"line":154,"column":71}},"type":"cond-expr","locations":[{"start":{"line":153,"column":12},"end":{"line":153,"column":25}},{"start":{"line":154,"column":12},"end":{"line":154,"column":71}}],"line":152},"7":{"loc":{"start":{"line":152,"column":8},"end":{"line":152,"column":54}},"type":"binary-expr","locations":[{"start":{"line":152,"column":8},"end":{"line":152,"column":30}},{"start":{"line":152,"column":34},"end":{"line":152,"column":54}}],"line":152},"8":{"loc":{"start":{"line":169,"column":4},"end":{"line":171,"column":5}},"type":"if","locations":[{"start":{"line":169,"column":4},"end":{"line":171,"column":5}},{"start":{},"end":{}}],"line":169},"9":{"loc":{"start":{"line":215,"column":4},"end":{"line":220,"column":5}},"type":"if","locations":[{"start":{"line":215,"column":4},"end":{"line":220,"column":5}},{"start":{},"end":{}}],"line":215},"10":{"loc":{"start":{"line":227,"column":12},"end":{"line":231,"column":55}},"type":"cond-expr","locations":[{"start":{"line":228,"column":16},"end":{"line":228,"column":84}},{"start":{"line":229,"column":16},"end":{"line":231,"column":55}}],"line":227},"11":{"loc":{"start":{"line":229,"column":16},"end":{"line":231,"column":55}},"type":"cond-expr","locations":[{"start":{"line":230,"column":18},"end":{"line":230,"column":58}},{"start":{"line":231,"column":18},"end":{"line":231,"column":55}}],"line":229},"12":{"loc":{"start":{"line":238,"column":12},"end":{"line":242,"column":51}},"type":"cond-expr","locations":[{"start":{"line":239,"column":16},"end":{"line":239,"column":61}},{"start":{"line":240,"column":16},"end":{"line":242,"column":51}}],"line":238},"13":{"loc":{"start":{"line":240,"column":16},"end":{"line":242,"column":51}},"type":"cond-expr","locations":[{"start":{"line":241,"column":18},"end":{"line":241,"column":58}},{"start":{"line":242,"column":18},"end":{"line":242,"column":51}}],"line":240},"14":{"loc":{"start":{"line":249,"column":12},"end":{"line":253,"column":46}},"type":"cond-expr","locations":[{"start":{"line":250,"column":16},"end":{"line":250,"column":56}},{"start":{"line":251,"column":16},"end":{"line":253,"column":46}}],"line":249},"15":{"loc":{"start":{"line":251,"column":16},"end":{"line":253,"column":46}},"type":"cond-expr","locations":[{"start":{"line":252,"column":18},"end":{"line":252,"column":58}},{"start":{"line":253,"column":18},"end":{"line":253,"column":46}}],"line":251},"16":{"loc":{"start":{"line":299,"column":6},"end":{"line":301,"column":7}},"type":"if","locations":[{"start":{"line":299,"column":6},"end":{"line":301,"column":7}},{"start":{},"end":{}}],"line":299},"17":{"loc":{"start":{"line":308,"column":4},"end":{"line":310,"column":5}},"type":"if","locations":[{"start":{"line":308,"column":4},"end":{"line":310,"column":5}},{"start":{},"end":{}}],"line":308},"18":{"loc":{"start":{"line":308,"column":8},"end":{"line":308,"column":51}},"type":"binary-expr","locations":[{"start":{"line":308,"column":8},"end":{"line":308,"column":28}},{"start":{"line":308,"column":32},"end":{"line":308,"column":51}}],"line":308},"19":{"loc":{"start":{"line":331,"column":8},"end":{"line":333,"column":58}},"type":"cond-expr","locations":[{"start":{"line":332,"column":12},"end":{"line":332,"column":25}},{"start":{"line":333,"column":12},"end":{"line":333,"column":58}}],"line":331},"20":{"loc":{"start":{"line":343,"column":4},"end":{"line":352,"column":5}},"type":"if","locations":[{"start":{"line":343,"column":4},"end":{"line":352,"column":5}},{"start":{},"end":{}}],"line":343},"21":{"loc":{"start":{"line":344,"column":6},"end":{"line":349,"column":39}},"type":"binary-expr","locations":[{"start":{"line":344,"column":6},"end":{"line":344,"column":26}},{"start":{"line":345,"column":6},"end":{"line":345,"column":23}},{"start":{"line":346,"column":6},"end":{"line":346,"column":32}},{"start":{"line":347,"column":6},"end":{"line":347,"column":24}},{"start":{"line":348,"column":6},"end":{"line":348,"column":24}},{"start":{"line":349,"column":6},"end":{"line":349,"column":39}}],"line":344},"22":{"loc":{"start":{"line":418,"column":4},"end":{"line":423,"column":5}},"type":"if","locations":[{"start":{"line":418,"column":4},"end":{"line":423,"column":5}},{"start":{},"end":{}}],"line":418},"23":{"loc":{"start":{"line":429,"column":4},"end":{"line":431,"column":5}},"type":"if","locations":[{"start":{"line":429,"column":4},"end":{"line":431,"column":5}},{"start":{},"end":{}}],"line":429},"24":{"loc":{"start":{"line":448,"column":4},"end":{"line":450,"column":5}},"type":"if","locations":[{"start":{"line":448,"column":4},"end":{"line":450,"column":5}},{"start":{},"end":{}}],"line":448},"25":{"loc":{"start":{"line":451,"column":4},"end":{"line":453,"column":5}},"type":"if","locations":[{"start":{"line":451,"column":4},"end":{"line":453,"column":5}},{"start":{},"end":{}}],"line":451},"26":{"loc":{"start":{"line":460,"column":4},"end":{"line":462,"column":5}},"type":"if","locations":[{"start":{"line":460,"column":4},"end":{"line":462,"column":5}},{"start":{},"end":{}}],"line":460},"27":{"loc":{"start":{"line":460,"column":8},"end":{"line":460,"column":69}},"type":"binary-expr","locations":[{"start":{"line":460,"column":8},"end":{"line":460,"column":27}},{"start":{"line":460,"column":31},"end":{"line":460,"column":48}},{"start":{"line":460,"column":52},"end":{"line":460,"column":69}}],"line":460},"28":{"loc":{"start":{"line":465,"column":4},"end":{"line":467,"column":5}},"type":"if","locations":[{"start":{"line":465,"column":4},"end":{"line":467,"column":5}},{"start":{},"end":{}}],"line":465},"29":{"loc":{"start":{"line":469,"column":4},"end":{"line":471,"column":5}},"type":"if","locations":[{"start":{"line":469,"column":4},"end":{"line":471,"column":5}},{"start":{},"end":{}}],"line":469},"30":{"loc":{"start":{"line":474,"column":4},"end":{"line":476,"column":5}},"type":"if","locations":[{"start":{"line":474,"column":4},"end":{"line":476,"column":5}},{"start":{},"end":{}}],"line":474},"31":{"loc":{"start":{"line":483,"column":22},"end":{"line":483,"column":96}},"type":"cond-expr","locations":[{"start":{"line":483,"column":47},"end":{"line":483,"column":60}},{"start":{"line":483,"column":63},"end":{"line":483,"column":96}}],"line":483},"32":{"loc":{"start":{"line":491,"column":4},"end":{"line":493,"column":5}},"type":"if","locations":[{"start":{"line":491,"column":4},"end":{"line":493,"column":5}},{"start":{},"end":{}}],"line":491},"33":{"loc":{"start":{"line":491,"column":8},"end":{"line":491,"column":69}},"type":"binary-expr","locations":[{"start":{"line":491,"column":8},"end":{"line":491,"column":27}},{"start":{"line":491,"column":31},"end":{"line":491,"column":48}},{"start":{"line":491,"column":52},"end":{"line":491,"column":69}}],"line":491},"34":{"loc":{"start":{"line":496,"column":4},"end":{"line":498,"column":5}},"type":"if","locations":[{"start":{"line":496,"column":4},"end":{"line":498,"column":5}},{"start":{},"end":{}}],"line":496},"35":{"loc":{"start":{"line":500,"column":4},"end":{"line":502,"column":5}},"type":"if","locations":[{"start":{"line":500,"column":4},"end":{"line":502,"column":5}},{"start":{},"end":{}}],"line":500},"36":{"loc":{"start":{"line":504,"column":4},"end":{"line":510,"column":5}},"type":"if","locations":[{"start":{"line":504,"column":4},"end":{"line":510,"column":5}},{"start":{},"end":{}}],"line":504},"37":{"loc":{"start":{"line":505,"column":22},"end":{"line":507,"column":69}},"type":"cond-expr","locations":[{"start":{"line":506,"column":10},"end":{"line":506,"column":76}},{"start":{"line":507,"column":10},"end":{"line":507,"column":69}}],"line":505},"38":{"loc":{"start":{"line":513,"column":4},"end":{"line":515,"column":5}},"type":"if","locations":[{"start":{"line":513,"column":4},"end":{"line":515,"column":5}},{"start":{},"end":{}}],"line":513},"39":{"loc":{"start":{"line":522,"column":6},"end":{"line":524,"column":7}},"type":"if","locations":[{"start":{"line":522,"column":6},"end":{"line":524,"column":7}},{"start":{},"end":{}}],"line":522},"40":{"loc":{"start":{"line":537,"column":8},"end":{"line":539,"column":64}},"type":"cond-expr","locations":[{"start":{"line":538,"column":12},"end":{"line":538,"column":25}},{"start":{"line":539,"column":12},"end":{"line":539,"column":64}}],"line":537},"41":{"loc":{"start":{"line":560,"column":4},"end":{"line":562,"column":5}},"type":"if","locations":[{"start":{"line":560,"column":4},"end":{"line":562,"column":5}},{"start":{},"end":{}}],"line":560},"42":{"loc":{"start":{"line":560,"column":8},"end":{"line":560,"column":102}},"type":"binary-expr","locations":[{"start":{"line":560,"column":8},"end":{"line":560,"column":27}},{"start":{"line":560,"column":31},"end":{"line":560,"column":48}},{"start":{"line":560,"column":52},"end":{"line":560,"column":69}},{"start":{"line":560,"column":73},"end":{"line":560,"column":91}},{"start":{"line":560,"column":95},"end":{"line":560,"column":102}}],"line":560},"43":{"loc":{"start":{"line":565,"column":4},"end":{"line":567,"column":5}},"type":"if","locations":[{"start":{"line":565,"column":4},"end":{"line":567,"column":5}},{"start":{},"end":{}}],"line":565},"44":{"loc":{"start":{"line":570,"column":4},"end":{"line":572,"column":5}},"type":"if","locations":[{"start":{"line":570,"column":4},"end":{"line":572,"column":5}},{"start":{},"end":{}}],"line":570},"45":{"loc":{"start":{"line":580,"column":6},"end":{"line":582,"column":7}},"type":"if","locations":[{"start":{"line":580,"column":6},"end":{"line":582,"column":7}},{"start":{},"end":{}}],"line":580},"46":{"loc":{"start":{"line":580,"column":10},"end":{"line":580,"column":83}},"type":"binary-expr","locations":[{"start":{"line":580,"column":10},"end":{"line":580,"column":40}},{"start":{"line":580,"column":44},"end":{"line":580,"column":83}}],"line":580},"47":{"loc":{"start":{"line":585,"column":8},"end":{"line":589,"column":86}},"type":"cond-expr","locations":[{"start":{"line":586,"column":12},"end":{"line":586,"column":25}},{"start":{"line":587,"column":12},"end":{"line":589,"column":86}}],"line":585},"48":{"loc":{"start":{"line":585,"column":8},"end":{"line":585,"column":91}},"type":"binary-expr","locations":[{"start":{"line":585,"column":8},"end":{"line":585,"column":38}},{"start":{"line":585,"column":42},"end":{"line":585,"column":91}}],"line":585},"49":{"loc":{"start":{"line":587,"column":12},"end":{"line":589,"column":86}},"type":"cond-expr","locations":[{"start":{"line":588,"column":14},"end":{"line":588,"column":27}},{"start":{"line":589,"column":14},"end":{"line":589,"column":86}}],"line":587},"50":{"loc":{"start":{"line":591,"column":6},"end":{"line":593,"column":7}},"type":"if","locations":[{"start":{"line":591,"column":6},"end":{"line":593,"column":7}},{"start":{},"end":{}}],"line":591},"51":{"loc":{"start":{"line":591,"column":10},"end":{"line":591,"column":93}},"type":"binary-expr","locations":[{"start":{"line":591,"column":10},"end":{"line":591,"column":40}},{"start":{"line":591,"column":44},"end":{"line":591,"column":93}}],"line":591},"52":{"loc":{"start":{"line":613,"column":4},"end":{"line":622,"column":5}},"type":"if","locations":[{"start":{"line":613,"column":4},"end":{"line":622,"column":5}},{"start":{},"end":{}}],"line":613},"53":{"loc":{"start":{"line":614,"column":6},"end":{"line":619,"column":32}},"type":"binary-expr","locations":[{"start":{"line":614,"column":6},"end":{"line":614,"column":21}},{"start":{"line":615,"column":6},"end":{"line":615,"column":38}},{"start":{"line":616,"column":6},"end":{"line":616,"column":31}},{"start":{"line":617,"column":6},"end":{"line":617,"column":23}},{"start":{"line":618,"column":6},"end":{"line":618,"column":25}},{"start":{"line":619,"column":6},"end":{"line":619,"column":32}}],"line":614},"54":{"loc":{"start":{"line":635,"column":2},"end":{"line":637,"column":3}},"type":"if","locations":[{"start":{"line":635,"column":2},"end":{"line":637,"column":3}},{"start":{},"end":{}}],"line":635},"55":{"loc":{"start":{"line":639,"column":2},"end":{"line":641,"column":3}},"type":"if","locations":[{"start":{"line":639,"column":2},"end":{"line":641,"column":3}},{"start":{},"end":{}}],"line":639},"56":{"loc":{"start":{"line":650,"column":11},"end":{"line":662,"column":18}},"type":"cond-expr","locations":[{"start":{"line":651,"column":12},"end":{"line":661,"column":19}},{"start":{"line":662,"column":14},"end":{"line":662,"column":18}}],"line":650},"57":{"loc":{"start":{"line":658,"column":61},"end":{"line":658,"column":86}},"type":"binary-expr","locations":[{"start":{"line":658,"column":61},"end":{"line":658,"column":68}},{"start":{"line":658,"column":72},"end":{"line":658,"column":86}}],"line":658},"58":{"loc":{"start":{"line":666,"column":22},"end":{"line":666,"column":66}},"type":"cond-expr","locations":[{"start":{"line":666,"column":46},"end":{"line":666,"column":55}},{"start":{"line":666,"column":58},"end":{"line":666,"column":66}}],"line":666},"59":{"loc":{"start":{"line":696,"column":23},"end":{"line":696,"column":77}},"type":"cond-expr","locations":[{"start":{"line":696,"column":41},"end":{"line":696,"column":55}},{"start":{"line":696,"column":58},"end":{"line":696,"column":77}}],"line":696},"60":{"loc":{"start":{"line":699,"column":23},"end":{"line":701,"column":68}},"type":"cond-expr","locations":[{"start":{"line":700,"column":26},"end":{"line":700,"column":51}},{"start":{"line":701,"column":26},"end":{"line":701,"column":68}}],"line":699},"61":{"loc":{"start":{"line":706,"column":19},"end":{"line":812,"column":19}},"type":"cond-expr","locations":[{"start":{"line":707,"column":20},"end":{"line":802,"column":27}},{"start":{"line":804,"column":20},"end":{"line":811,"column":27}}],"line":706},"62":{"loc":{"start":{"line":713,"column":28},"end":{"line":713,"column":67}},"type":"binary-expr","locations":[{"start":{"line":713,"column":28},"end":{"line":713,"column":44}},{"start":{"line":713,"column":48},"end":{"line":713,"column":67}}],"line":713},"63":{"loc":{"start":{"line":714,"column":28},"end":{"line":714,"column":69}},"type":"cond-expr","locations":[{"start":{"line":714,"column":45},"end":{"line":714,"column":62}},{"start":{"line":714,"column":65},"end":{"line":714,"column":69}}],"line":714},"64":{"loc":{"start":{"line":720,"column":32},"end":{"line":724,"column":62}},"type":"cond-expr","locations":[{"start":{"line":721,"column":36},"end":{"line":721,"column":45}},{"start":{"line":722,"column":36},"end":{"line":724,"column":62}}],"line":720},"65":{"loc":{"start":{"line":722,"column":36},"end":{"line":724,"column":62}},"type":"cond-expr","locations":[{"start":{"line":723,"column":38},"end":{"line":723,"column":47}},{"start":{"line":724,"column":38},"end":{"line":724,"column":62}}],"line":722},"66":{"loc":{"start":{"line":745,"column":25},"end":{"line":747,"column":32}},"type":"cond-expr","locations":[{"start":{"line":746,"column":26},"end":{"line":746,"column":81}},{"start":{"line":747,"column":28},"end":{"line":747,"column":32}}],"line":745},"67":{"loc":{"start":{"line":756,"column":28},"end":{"line":756,"column":68}},"type":"binary-expr","locations":[{"start":{"line":756,"column":28},"end":{"line":756,"column":45}},{"start":{"line":756,"column":49},"end":{"line":756,"column":68}}],"lin
[...]
,"D:\\Android\\Apk\\SalesInsight\\utils\\access-control.ts": {"path":"D:\\Android\\Apk\\SalesInsight\\utils\\access-control.ts","statementMap":{"0":{"start":{"line":4,"column":2},"end":{"line":4,"column":56}},"1":{"start":{"line":8,"column":2},"end":{"line":8,"column":91}},"2":{"start":{"line":12,"column":2},"end":{"line":14,"column":3}},"3":{"start":{"line":13,"column":4},"end":{"line":13,"column":32}},"4":{"start":{"line":16,"column":2},"end":{"line":18,"column":3}},"5":{"start":{"line":17,"column":4},"end":{"line":17,"column":40}},"6":{"start":{"line":20,"column":2},"end":{"line":20,"column":14}},"7":{"start":{"line":24,"column":2},"end":{"line":24,"column":60}},"8":{"start":{"line":28,"column":2},"end":{"line":30,"column":3}},"9":{"start":{"line":29,"column":4},"end":{"line":29,"column":17}},"10":{"start":{"line":32,"column":2},"end":{"line":34,"column":3}},"11":{"start":{"line":33,"column":4},"end":{"line":33,"column":47}},"12":{"start":{"line":36,"column":2},"end":{"line":38,"column":3}},"13":{"start":{"line":37,"column":4},"end":{"line":37,"column":54}},"14":{"start":{"line":40,"column":2},"end":{"line":40,"column":15}}},"fnMap":{"0":{"name":"hasAnyAccessPermission","decl":{"start":{"line":3,"column":16},"end":{"line":3,"column":38}},"loc":{"start":{"line":3,"column":86},"end":{"line":5,"column":1}},"line":3},"1":{"name":"hasAnyQsrReportAccess","decl":{"start":{"line":7,"column":16},"end":{"line":7,"column":37}},"loc":{"start":{"line":7,"column":85},"end":{"line":9,"column":1}},"line":7},"2":{"name":"getDefaultQsrRoute","decl":{"start":{"line":11,"column":16},"end":{"line":11,"column":34}},"loc":{"start":{"line":11,"column":88},"end":{"line":21,"column":1}},"line":11},"3":{"name":"getDefaultAuthenticatedRoute","decl":{"start":{"line":23,"column":16},"end":{"line":23,"column":44}},"loc":{"start":{"line":23,"column":91},"end":{"line":25,"column":1}},"line":23},"4":{"name":"canAccessQsrRoute","decl":{"start":{"line":27,"column":16},"end":{"line":27,"column":33}},"loc":{"start":{"line":27,"column":99},"end":{"line":41,"column":1}},"line":27}},"branchMap":{"0":{"loc":{"start":{"line":8,"column":9},"end":{"line":8,"column":90}},"type":"binary-expr","locations":[{"start":{"line":8,"column":9},"end":{"line":8,"column":44}},{"start":{"line":8,"column":48},"end":{"line":8,"column":90}}],"line":8},"1":{"loc":{"start":{"line":12,"column":2},"end":{"line":14,"column":3}},"type":"if","locations":[{"start":{"line":12,"column":2},"end":{"line":14,"column":3}},{"start":{},"end":{}}],"line":12},"2":{"loc":{"start":{"line":16,"column":2},"end":{"line":18,"column":3}},"type":"if","locations":[{"start":{"line":16,"column":2},"end":{"line":18,"column":3}},{"start":{},"end":{}}],"line":16},"3":{"loc":{"start":{"line":24,"column":9},"end":{"line":24,"column":59}},"type":"binary-expr","locations":[{"start":{"line":24,"column":9},"end":{"line":24,"column":46}},{"start":{"line":24,"column":50},"end":{"line":24,"column":59}}],"line":24},"4":{"loc":{"start":{"line":28,"column":2},"end":{"line":30,"column":3}},"type":"if","locations":[{"start":{"line":28,"column":2},"end":{"line":30,"column":3}},{"start":{},"end":{}}],"line":28},"5":{"loc":{"start":{"line":32,"column":2},"end":{"line":34,"column":3}},"type":"if","locations":[{"start":{"line":32,"column":2},"end":{"line":34,"column":3}},{"start":{},"end":{}}],"line":32},"6":{"loc":{"start":{"line":36,"column":2},"end":{"line":38,"column":3}},"type":"if","locations":[{"start":{"line":36,"column":2},"end":{"line":38,"column":3}},{"start":{},"end":{}}],"line":36}},"s":{"0":5,"1":5,"2":5,"3":2,"4":3,"5":1,"6":2,"7":2,"8":6,"9":0,"10":6,"11":3,"12":3,"13":3,"14":0},"f":{"0":5,"1":5,"2":5,"3":2,"4":6},"b":{"0":[5,2],"1":[2,3],"2":[1,2],"3":[2,1],"4":[0,6],"5":[3,3],"6":[3,0]},"_coverageSchema":"1a1c01bbd47fc00a2c39e90264f33305004495a9","hash":"64b5595401781f186e1995550bef8b1b74dbf099"}
,"D:\\Android\\Apk\\SalesInsight\\utils\\app-config.ts": {"path":"D:\\Android\\Apk\\SalesInsight\\utils\\app-config.ts","statementMap":{"0":{"start":{"line":13,"column":2},"end":{"line":13,"column":97}},"1":{"start":{"line":17,"column":20},"end":{"line":17,"column":78}},"2":{"start":{"line":18,"column":16},"end":{"line":18,"column":42}},"3":{"start":{"line":19,"column":21},"end":{"line":19,"column":48}},"4":{"start":{"line":20,"column":26},"end":{"line":20,"column":53}},"5":{"start":{"line":22,"column":2},"end":{"line":22,"column":47}},"6":{"start":{"line":26,"column":26},"end":{"line":26,"column":63}},"7":{"start":{"line":27,"column":2},"end":{"line":29,"column":3}},"8":{"start":{"line":28,"column":4},"end":{"line":28,"column":42}},"9":{"start":{"line":31,"column":24},"end":{"line":31,"column":99}},"10":{"start":{"line":32,"column":2},"end":{"line":34,"column":3}},"11":{"start":{"line":33,"column":4},"end":{"line":33,"column":40}},"12":{"start":{"line":36,"column":2},"end":{"line":36,"column":39}},"13":{"start":{"line":40,"column":2},"end":{"line":40,"column":39}},"14":{"start":{"line":44,"column":16},"end":{"line":44,"column":42}},"15":{"start":{"line":45,"column":2},"end":{"line":45,"column":55}},"16":{"start":{"line":49,"column":15},"end":{"line":49,"column":41}},"17":{"start":{"line":50,"column":2},"end":{"line":50,"column":91}},"18":{"start":{"line":54,"column":16},"end":{"line":54,"column":49}},"19":{"start":{"line":55,"column":2},"end":{"line":55,"column":106}},"20":{"start":{"line":59,"column":16},"end":{"line":59,"column":47}},"21":{"start":{"line":60,"column":2},"end":{"line":60,"column":104}},"22":{"start":{"line":64,"column":16},"end":{"line":64,"column":47}},"23":{"start":{"line":65,"column":2},"end":{"line":65,"column":96}},"24":{"start":{"line":69,"column":16},"end":{"line":69,"column":48}},"25":{"start":{"line":70,"column":2},"end":{"line":70,"column":114}}},"fnMap":{"0":{"name":"toObject","decl":{"start":{"line":12,"column":9},"end":{"line":12,"column":17}},"loc":{"start":{"line":12,"column":66},"end":{"line":14,"column":1}},"line":12},"1":{"name":"getExtraFromManifest2","decl":{"start":{"line":16,"column":9},"end":{"line":16,"column":30}},"loc":{"start":{"line":16,"column":53},"end":{"line":23,"column":1}},"line":16},"2":{"name":"getAppExtra","decl":{"start":{"line":25,"column":16},"end":{"line":25,"column":27}},"loc":{"start":{"line":25,"column":43},"end":{"line":37,"column":1}},"line":25},"3":{"name":"isUatEnabled","decl":{"start":{"line":39,"column":16},"end":{"line":39,"column":28}},"loc":{"start":{"line":39,"column":40},"end":{"line":41,"column":1}},"line":39},"4":{"name":"getWebViewToken","decl":{"start":{"line":43,"column":16},"end":{"line":43,"column":31}},"loc":{"start":{"line":43,"column":42},"end":{"line":46,"column":1}},"line":43},"5":{"name":"getAppName","decl":{"start":{"line":48,"column":16},"end":{"line":48,"column":26}},"loc":{"start":{"line":48,"column":37},"end":{"line":51,"column":1}},"line":48},"6":{"name":"getAboutCompanyWebsite","decl":{"start":{"line":53,"column":16},"end":{"line":53,"column":38}},"loc":{"start":{"line":53,"column":49},"end":{"line":56,"column":1}},"line":53},"7":{"name":"getAboutSupportEmail","decl":{"start":{"line":58,"column":16},"end":{"line":58,"column":36}},"loc":{"start":{"line":58,"column":47},"end":{"line":61,"column":1}},"line":58},"8":{"name":"getAboutSupportPhone","decl":{"start":{"line":63,"column":16},"end":{"line":63,"column":36}},"loc":{"start":{"line":63,"column":47},"end":{"line":66,"column":1}},"line":63},"9":{"name":"getAboutDeveloperName","decl":{"start":{"line":68,"column":16},"end":{"line":68,"column":37}},"loc":{"start":{"line":68,"column":48},"end":{"line":71,"column":1}},"line":68}},"branchMap":{"0":{"loc":{"start":{"line":13,"column":9},"end":{"line":13,"column":96}},"type":"cond-expr","locations":[{"start":{"line":13,"column":56},"end":{"line":13,"column":88}},{"start":{"line":13,"column":92},"end":{"line":13,"column":96}}],"line":13},"1":{"loc":{"start":{"line":13,"column":9},"end":{"line":13,"column":52}},"type":"binary-expr","locations":[{"start":{"line":13,"column":9},"end":{"line":13,"column":34}},{"start":{"line":13,"column":38},"end":{"line":13,"column":52}}],"line":13},"2":{"loc":{"start":{"line":27,"column":2},"end":{"line":29,"column":3}},"type":"if","locations":[{"start":{"line":27,"column":2},"end":{"line":29,"column":3}},{"start":{},"end":{}}],"line":27},"3":{"loc":{"start":{"line":32,"column":2},"end":{"line":34,"column":3}},"type":"if","locations":[{"start":{"line":32,"column":2},"end":{"line":34,"column":3}},{"start":{},"end":{}}],"line":32},"4":{"loc":{"start":{"line":36,"column":9},"end":{"line":36,"column":38}},"type":"binary-expr","locations":[{"start":{"line":36,"column":9},"end":{"line":36,"column":32}},{"start":{"line":36,"column":36},"end":{"line":36,"column":38}}],"line":36},"5":{"loc":{"start":{"line":45,"column":9},"end":{"line":45,"column":54}},"type":"cond-expr","locations":[{"start":{"line":45,"column":37},"end":{"line":45,"column":49}},{"start":{"line":45,"column":52},"end":{"line":45,"column":54}}],"line":45},"6":{"loc":{"start":{"line":50,"column":9},"end":{"line":50,"column":90}},"type":"cond-expr","locations":[{"start":{"line":50,"column":62},"end":{"line":50,"column":73}},{"start":{"line":50,"column":76},"end":{"line":50,"column":90}}],"line":50},"7":{"loc":{"start":{"line":50,"column":9},"end":{"line":50,"column":59}},"type":"binary-expr","locations":[{"start":{"line":50,"column":9},"end":{"line":50,"column":33}},{"start":{"line":50,"column":37},"end":{"line":50,"column":59}}],"line":50},"8":{"loc":{"start":{"line":55,"column":9},"end":{"line":55,"column":105}},"type":"cond-expr","locations":[{"start":{"line":55,"column":64},"end":{"line":55,"column":76}},{"start":{"line":55,"column":79},"end":{"line":55,"column":105}}],"line":55},"9":{"loc":{"start":{"line":55,"column":9},"end":{"line":55,"column":61}},"type":"binary-expr","locations":[{"start":{"line":55,"column":9},"end":{"line":55,"column":34}},{"start":{"line":55,"column":38},"end":{"line":55,"column":61}}],"line":55},"10":{"loc":{"start":{"line":60,"column":9},"end":{"line":60,"column":103}},"type":"cond-expr","locations":[{"start":{"line":60,"column":64},"end":{"line":60,"column":76}},{"start":{"line":60,"column":79},"end":{"line":60,"column":103}}],"line":60},"11":{"loc":{"start":{"line":60,"column":9},"end":{"line":60,"column":61}},"type":"binary-expr","locations":[{"start":{"line":60,"column":9},"end":{"line":60,"column":34}},{"start":{"line":60,"column":38},"end":{"line":60,"column":61}}],"line":60},"12":{"loc":{"start":{"line":65,"column":9},"end":{"line":65,"column":95}},"type":"cond-expr","locations":[{"start":{"line":65,"column":64},"end":{"line":65,"column":76}},{"start":{"line":65,"column":79},"end":{"line":65,"column":95}}],"line":65},"13":{"loc":{"start":{"line":65,"column":9},"end":{"line":65,"column":61}},"type":"binary-expr","locations":[{"start":{"line":65,"column":9},"end":{"line":65,"column":34}},{"start":{"line":65,"column":38},"end":{"line":65,"column":61}}],"line":65},"14":{"loc":{"start":{"line":70,"column":9},"end":{"line":70,"column":113}},"type":"cond-expr","locations":[{"start":{"line":70,"column":64},"end":{"line":70,"column":76}},{"start":{"line":70,"column":79},"end":{"line":70,"column":113}}],"line":70},"15":{"loc":{"start":{"line":70,"column":9},"end":{"line":70,"column":61}},"type":"binary-expr","locations":[{"start":{"line":70,"column":9},"end":{"line":70,"column":34}},{"start":{"line":70,"column":38},"end":{"line":70,"column":61}}],"line":70}},"s":{"0":30,"1":2,"2":2,"3":2,"4":2,"5":2,"6":14,"7":14,"8":6,"9":8,"10":8,"11":6,"12":2,"13":3,"14":3,"15":3,"16":65,"17":65,"18":2,"19":2,"20":2,"21":2,"22":2,"23":2,"24":2,"25":2},"f":{"0":30,"1":2,"2":14,"3":3,"4":3,"5":65,"6":2,"7":2,"8":2,"9":2},"b":{"0":[20,10],"1":[30,20],"2":[6,8],"3":[6,2],"4":[2,0],"5":[3,0],"6":[1,64],"7":[65,1],"8":[1,1],"9":[2,1],"10":[1,1],"11":[2,1],"12":[1,1],"13":[2,1],"14":[1,1],"15":[2,1]},"_coverageSchema":"1a1c01bbd47fc00a2c39e90264f33305004495a9","hash":"4e91a3b9d330c883398dbd8678972493a9d5a642"}
,"D:\\Android\\Apk\\SalesInsight\\utils\\check-internet.ts": {"path":"D:\\Android\\Apk\\SalesInsight\\utils\\check-internet.ts","statementMap":{"0":{"start":{"line":6,"column":21},"end":{"line":6,"column":47}},"1":{"start":{"line":7,"column":28},"end":{"line":7,"column":63}},"2":{"start":{"line":8,"column":2},"end":{"line":8,"column":41}},"3":{"start":{"line":12,"column":16},"end":{"line":12,"column":37}},"4":{"start":{"line":13,"column":2},"end":{"line":13,"column":34}}},"fnMap":{"0":{"name":"hasInternetAccess","decl":{"start":{"line":3,"column":16},"end":{"line":3,"column":33}},"loc":{"start":{"line":5,"column":11},"end":{"line":9,"column":1}},"line":5},"1":{"name":"checkInternetConnection","decl":{"start":{"line":11,"column":22},"end":{"line":11,"column":45}},"loc":{"start":{"line":11,"column":66},"end":{"line":14,"column":1}},"line":11}},"branchMap":{"0":{"loc":{"start":{"line":8,"column":9},"end":{"line":8,"column":40}},"type":"binary-expr","locations":[{"start":{"line":8,"column":9},"end":{"line":8,"column":19}},{"start":{"line":8,"column":23},"end":{"line":8,"column":40}}],"line":8}},"s":{"0":7,"1":7,"2":7,"3":1,"4":1},"f":{"0":7,"1":1},"b":{"0":[7,6]},"_coverageSchema":"1a1c01bbd47fc00a2c39e90264f33305004495a9","hash":"65b2334d5911a3474fde96c37a66e8d9e009dec6"}
,"D:\\Android\\Apk\\SalesInsight\\utils\\deviceInfo.ts": {"path":"D:\\Android\\Apk\\SalesInsight\\utils\\deviceInfo.ts","statementMap":{"0":{"start":{"line":8,"column":2},"end":{"line":23,"column":3}},"1":{"start":{"line":9,"column":45},"end":{"line":12,"column":5}},"2":{"start":{"line":13,"column":22},"end":{"line":13,"column":55}},"3":{"start":{"line":14,"column":4},"end":{"line":16,"column":5}},"4":{"start":{"line":15,"column":6},"end":{"line":15,"column":48}},"5":{"start":{"line":17,"column":4},"end":{"line":19,"column":5}},"6":{"start":{"line":18,"column":6},"end":{"line":18,"column":48}},"7":{"start":{"line":20,"column":4},"end":{"line":20,"column":35}},"8":{"start":{"line":22,"column":4},"end":{"line":22,"column":99}}},"fnMap":{"0":{"name":"getMobileDetailsForLogin","decl":{"start":{"line":7,"column":16},"end":{"line":7,"column":40}},"loc":{"start":{"line":7,"column":51},"end":{"line":24,"column":1}},"line":7}},"branchMap":{"0":{"loc":{"start":{"line":14,"column":4},"end":{"line":16,"column":5}},"type":"if","locations":[{"start":{"line":14,"column":4},"end":{"line":16,"column":5}},{"start":{},"end":{}}],"line":14},"1":{"loc":{"start":{"line":17,"column":4},"end":{"line":19,"column":5}},"type":"if","locations":[{"start":{"line":17,"column":4},"end":{"line":19,"column":5}},{"start":{},"end":{}}],"line":17},"2":{"loc":{"start":{"line":22,"column":38},"end":{"line":22,"column":62}},"type":"binary-expr","locations":[{"start":{"line":22,"column":38},"end":{"line":22,"column":49}},{"start":{"line":22,"column":53},"end":{"line":22,"column":62}}],"line":22},"3":{"loc":{"start":{"line":22,"column":73},"end":{"line":22,"column":95}},"type":"binary-expr","locations":[{"start":{"line":22,"column":73},"end":{"line":22,"column":89}},{"start":{"line":22,"column":93},"end":{"line":22,"column":95}}],"line":22}},"s":{"0":2,"1":2,"2":2,"3":1,"4":1,"5":1,"6":1,"7":1,"8":1},"f":{"0":2},"b":{"0":[1,0],"1":[1,0],"2":[1,0],"3":[1,0]},"_coverageSchema":"1a1c01bbd47fc00a2c39e90264f33305004495a9","hash":"633b5f188c9c2b366045cf40af7e982c9d90b675"}
,"D:\\Android\\Apk\\SalesInsight\\utils\\versionCompare.ts": {"path":"D:\\Android\\Apk\\SalesInsight\\utils\\versionCompare.ts","statementMap":{"0":{"start":{"line":2,"column":18},"end":{"line":2,"column":39}},"1":{"start":{"line":3,"column":2},"end":{"line":5,"column":3}},"2":{"start":{"line":4,"column":4},"end":{"line":4,"column":15}},"3":{"start":{"line":7,"column":2},"end":{"line":7,"column":98}},"4":{"start":{"line":7,"column":31},"end":{"line":7,"column":56}},"5":{"start":{"line":7,"column":75},"end":{"line":7,"column":96}},"6":{"start":{"line":11,"column":20},"end":{"line":11,"column":47}},"7":{"start":{"line":12,"column":21},"end":{"line":12,"column":49}},"8":{"start":{"line":13,"column":20},"end":{"line":13,"column":65}},"9":{"start":{"line":15,"column":2},"end":{"line":25,"column":3}},"10":{"start":{"line":15,"column":19},"end":{"line":15,"column":20}},"11":{"start":{"line":16,"column":17},"end":{"line":16,"column":38}},"12":{"start":{"line":17,"column":18},"end":{"line":17,"column":40}},"13":{"start":{"line":19,"column":4},"end":{"line":21,"column":5}},"14":{"start":{"line":20,"column":6},"end":{"line":20,"column":16}},"15":{"start":{"line":22,"column":4},"end":{"line":24,"column":5}},"16":{"start":{"line":23,"column":6},"end":{"line":23,"column":15}},"17":{"start":{"line":27,"column":2},"end":{"line":27,"column":11}},"18":{"start":{"line":31,"column":2},"end":{"line":31,"column":62}}},"fnMap":{"0":{"name":"toVersionParts","decl":{"start":{"line":1,"column":9},"end":{"line":1,"column":23}},"loc":{"start":{"line":1,"column":51},"end":{"line":8,"column":1}},"line":1},"1":{"name":"(anonymous_1)","decl":{"start":{"line":7,"column":21},"end":{"line":7,"column":22}},"loc":{"start":{"line":7,"column":31},"end":{"line":7,"column":56}},"line":7},"2":{"name":"(anonymous_2)","decl":{"start":{"line":7,"column":65},"end":{"line":7,"column":66}},"loc":{"start":{"line":7,"column":75},"end":{"line":7,"column":96}},"line":7},"3":{"name":"compareVersions","decl":{"start":{"line":10,"column":16},"end":{"line":10,"column":31}},"loc":{"start":{"line":10,"column":83},"end":{"line":28,"column":1}},"line":10},"4":{"name":"isVersionLower","decl":{"start":{"line":30,"column":16},"end":{"line":30,"column":30}},"loc":{"start":{"line":30,"column":89},"end":{"line":32,"column":1}},"line":30}},"branchMap":{"0":{"loc":{"start":{"line":3,"column":2},"end":{"line":5,"column":3}},"type":"if","locations":[{"start":{"line":3,"column":2},"end":{"line":5,"column":3}},{"start":{},"end":{}}],"line":3},"1":{"loc":{"start":{"line":16,"column":17},"end":{"line":16,"column":38}},"type":"binary-expr","locations":[{"start":{"line":16,"column":17},"end":{"line":16,"column":33}},{"start":{"line":16,"column":37},"end":{"line":16,"column":38}}],"line":16},"2":{"loc":{"start":{"line":17,"column":18},"end":{"line":17,"column":40}},"type":"binary-expr","locations":[{"start":{"line":17,"column":18},"end":{"line":17,"column":35}},{"start":{"line":17,"column":39},"end":{"line":17,"column":40}}],"line":17},"3":{"loc":{"start":{"line":19,"column":4},"end":{"line":21,"column":5}},"type":"if","locations":[{"start":{"line":19,"column":4},"end":{"line":21,"column":5}},{"start":{},"end":{}}],"line":19},"4":{"loc":{"start":{"line":22,"column":4},"end":{"line":24,"column":5}},"type":"if","locations":[{"start":{"line":22,"column":4},"end":{"line":24,"column":5}},{"start":{},"end":{}}],"line":22}},"s":{"0":54,"1":54,"2":0,"3":54,"4":161,"5":161,"6":27,"7":27,"8":27,"9":27,"10":27,"11":78,"12":78,"13":78,"14":4,"15":74,"16":2,"17":21,"18":22},"f":{"0":54,"1":161,"2":161,"3":27,"4":22},"b":{"0":[0,54],"1":[78,1],"2":[78,0],"3":[4,74],"4":[2,72]},"_coverageSchema":"1a1c01bbd47fc00a2c39e90264f33305004495a9","hash":"1ed213e1be8ef6e95235d8158f7b418a41a3f4c2"}
}
