TN:
SF:app\_layout.tsx
FN:23,(anonymous_0)
FN:25,RootLayoutContent
FN:33,(anonymous_2)
FN:34,(anonymous_3)
FN:38,(anonymous_4)
FN:43,(anonymous_5)
FN:47,(anonymous_6)
FN:50,(anonymous_7)
FN:81,RootLayout
FNF:9
FNH:0
FNDA:0,(anonymous_0)
FNDA:0,RootLayoutContent
FNDA:0,(anonymous_2)
FNDA:0,(anonymous_3)
FNDA:0,(anonymous_4)
FNDA:0,(anonymous_5)
FNDA:0,(anonymous_6)
FNDA:0,(anonymous_7)
FNDA:0,RootLayout
DA:10,0
DA:19,0
DA:23,0
DA:26,0
DA:27,0
DA:28,0
DA:29,0
DA:30,0
DA:31,0
DA:33,0
DA:34,0
DA:35,0
DA:38,0
DA:41,0
DA:43,0
DA:44,0
DA:45,0
DA:47,0
DA:50,0
DA:51,0
DA:52,0
DA:55,0
DA:56,0
DA:59,0
DA:82,0
LF:25
LH:0
BRDA:41,0,0,0
BRDA:41,0,1,0
BRDA:41,0,2,0
BRDA:44,1,0,0
BRDA:44,1,1,0
BRDA:51,2,0,0
BRDA:51,2,1,0
BRDA:51,3,0,0
BRDA:51,3,1,0
BRDA:60,4,0,0
BRDA:60,4,1,0
BRDA:73,5,0,0
BRDA:73,5,1,0
BRF:13
BRH:0
end_of_record
TN:
SF:app\about.tsx
FN:79,getLastUpdatedLabel
FN:95,InfoRow
FN:104,LinkRow
FN:112,(anonymous_3)
FN:128,ActionButton
FN:143,(anonymous_5)
FN:161,HeroStat
FN:175,AboutAppScreen
FN:182,(anonymous_8)
FN:203,(anonymous_9)
FN:204,(anonymous_10)
FN:205,(anonymous_11)
FN:206,(anonymous_12)
FN:207,(anonymous_13)
FN:208,(anonymous_14)
FN:209,(anonymous_15)
FN:210,(anonymous_16)
FN:212,(anonymous_17)
FN:236,(anonymous_18)
FN:255,(anonymous_19)
FN:256,(anonymous_20)
FN:276,(anonymous_21)
FN:349,(anonymous_22)
FN:359,(anonymous_23)
FN:360,(anonymous_24)
FNF:25
FNH:20
FNDA:4,getLastUpdatedLabel
FNDA:28,InfoRow
FNDA:12,LinkRow
FNDA:12,(anonymous_3)
FNDA:8,ActionButton
FNDA:8,(anonymous_5)
FNDA:4,HeroStat
FNDA:5,AboutAppScreen
FNDA:4,(anonymous_8)
FNDA:4,(anonymous_9)
FNDA:4,(anonymous_10)
FNDA:4,(anonymous_11)
FNDA:4,(anonymous_12)
FNDA:4,(anonymous_13)
FNDA:4,(anonymous_14)
FNDA:4,(anonymous_15)
FNDA:4,(anonymous_16)
FNDA:0,(anonymous_17)
FNDA:1,(anonymous_18)
FNDA:1,(anonymous_19)
FNDA:0,(anonymous_20)
FNDA:1,(anonymous_21)
FNDA:0,(anonymous_22)
FNDA:0,(anonymous_23)
FNDA:0,(anonymous_24)
DA:46,1
DA:48,1
DA:49,1
DA:80,4
DA:81,4
DA:82,0
DA:85,4
DA:86,4
DA:87,4
DA:88,4
DA:92,0
DA:96,28
DA:105,12
DA:112,12
DA:136,8
DA:143,8
DA:162,4
DA:176,5
DA:177,5
DA:178,5
DA:179,5
DA:180,5
DA:182,5
DA:183,4
DA:203,5
DA:204,5
DA:205,5
DA:206,5
DA:207,5
DA:208,5
DA:209,5
DA:210,5
DA:212,5
DA:213,0
DA:214,0
DA:215,0
DA:218,0
DA:219,0
DA:220,0
DA:223,0
DA:226,0
DA:227,0
DA:228,0
DA:230,0
DA:232,0
DA:236,5
DA:237,1
DA:238,0
DA:239,0
DA:242,1
DA:243,1
DA:244,1
DA:245,1
DA:247,1
DA:248,1
DA:256,1
DA:257,0
DA:258,0
DA:264,1
DA:267,0
DA:269,0
DA:270,0
DA:272,1
DA:276,5
DA:277,1
DA:278,1
DA:283,0
DA:287,5
DA:292,5
DA:296,5
DA:349,0
DA:359,0
DA:360,0
DA:388,1
LF:74
LH:49
BRDA:81,0,0,0
BRDA:81,0,1,4
BRDA:85,1,0,4
BRDA:85,1,1,0
BRDA:87,2,0,4
BRDA:87,2,1,0
BRDA:95,3,0,24
BRDA:99,4,0,28
BRDA:99,4,1,0
BRDA:104,5,0,8
BRDA:114,6,0,12
BRDA:114,6,1,1
BRDA:115,7,0,12
BRDA:115,7,1,0
BRDA:115,7,2,0
BRDA:123,8,0,1
BRDA:123,8,1,11
BRDA:132,9,0,4
BRDA:133,10,0,4
BRDA:134,11,0,4
BRDA:140,12,0,4
BRDA:140,12,1,4
BRDA:141,13,0,8
BRDA:141,13,1,7
BRDA:145,14,0,4
BRDA:145,14,1,4
BRDA:146,15,0,8
BRDA:146,15,1,7
BRDA:146,15,2,1
BRDA:147,16,0,8
BRDA:147,16,1,0
BRDA:147,16,2,0
BRDA:147,17,0,0
BRDA:147,17,1,0
BRDA:149,18,0,0
BRDA:149,18,1,8
BRDA:150,19,0,0
BRDA:150,19,1,0
BRDA:152,20,0,4
BRDA:152,20,1,4
BRDA:154,21,0,4
BRDA:154,21,1,4
BRDA:213,22,0,0
BRDA:213,22,1,0
BRDA:213,23,0,0
BRDA:213,23,1,0
BRDA:219,24,0,0
BRDA:219,24,1,0
BRDA:227,25,0,0
BRDA:227,25,1,0
BRDA:237,26,0,0
BRDA:237,26,1,1
BRDA:247,27,0,1
BRDA:247,27,1,0
BRDA:257,28,0,0
BRDA:257,28,1,0
BRDA:269,29,0,0
BRDA:269,29,1,0
BRDA:316,30,0,4
BRDA:316,30,1,1
BRDA:317,31,0,4
BRDA:317,31,1,1
BRDA:318,32,0,5
BRDA:318,32,1,1
BRDA:319,33,0,4
BRDA:319,33,1,1
BRDA:331,34,0,1
BRDA:331,34,1,4
BRDA:331,35,0,5
BRDA:331,35,1,1
BRDA:349,36,0,5
BRDA:349,36,1,1
BRDA:370,37,0,5
BRDA:370,37,1,1
BRF:74
BRH:47
end_of_record
TN:
SF:app\appbar-examples.tsx
FN:9,DemoCard
FN:18,AppBarExamplesScreen
FN:33,(anonymous_2)
FN:38,(anonymous_3)
FN:39,(anonymous_4)
FN:59,(anonymous_5)
FN:74,(anonymous_6)
FN:80,(anonymous_7)
FN:85,(anonymous_8)
FN:92,(anonymous_9)
FN:93,(anonymous_10)
FNF:11
FNH:0
FNDA:0,DemoCard
FNDA:0,AppBarExamplesScreen
FNDA:0,(anonymous_2)
FNDA:0,(anonymous_3)
FNDA:0,(anonymous_4)
FNDA:0,(anonymous_5)
FNDA:0,(anonymous_6)
FNDA:0,(anonymous_7)
FNDA:0,(anonymous_8)
FNDA:0,(anonymous_9)
FNDA:0,(anonymous_10)
DA:10,0
DA:19,0
DA:20,0
DA:22,0
DA:39,0
DA:92,0
DA:93,0
DA:102,0
LF:8
LH:0
BRDA:39,0,0,0
BRDA:39,0,1,0
BRDA:93,1,0,0
BRDA:93,1,1,0
BRF:4
BRH:0
end_of_record
TN:
SF:app\index.tsx
FN:7,RootIndexScreen
FNF:1
FNH:0
FNDA:0,RootIndexScreen
DA:8,0
DA:10,0
DA:11,0
DA:14,0
DA:15,0
DA:18,0
LF:6
LH:0
BRDA:10,0,0,0
BRDA:10,0,1,0
BRDA:14,1,0,0
BRDA:14,1,1,0
BRF:4
BRH:0
end_of_record
TN:
SF:app\login.tsx
FN:57,LoginScreen
FN:101,(anonymous_1)
FN:123,(anonymous_2)
FN:162,(anonymous_3)
FN:166,(anonymous_4)
FN:174,(anonymous_5)
FN:198,(anonymous_6)
FN:205,(anonymous_7)
FN:214,(anonymous_8)
FN:225,(anonymous_9)
FN:236,(anonymous_10)
FN:247,(anonymous_11)
FN:287,(anonymous_12)
FN:293,(anonymous_13)
FN:297,(anonymous_14)
FN:298,(anonymous_15)
FN:304,(anonymous_16)
FN:307,(anonymous_17)
FN:312,(anonymous_18)
FN:313,(anonymous_19)
FN:316,(anonymous_20)
FN:323,(anonymous_21)
FN:342,(anonymous_22)
FN:403,(anonymous_23)
FN:405,(anonymous_24)
FN:408,(anonymous_25)
FN:410,(anonymous_26)
FN:413,(anonymous_27)
FN:420,(anonymous_28)
FN:428,(anonymous_29)
FN:433,(anonymous_30)
FN:438,(anonymous_31)
FN:439,(anonymous_32)
FN:445,(anonymous_33)
FN:459,(anonymous_34)
FN:484,(anonymous_35)
FN:490,(anonymous_36)
FN:508,(anonymous_37)
FN:518,(anonymous_38)
FN:540,(anonymous_39)
FN:559,(anonymous_40)
FN:575,(anonymous_41)
FN:596,(anonymous_42)
FN:612,(anonymous_43)
FN:658,(anonymous_44)
FN:739,(anonymous_45)
FN:741,(anonymous_46)
FN:742,(anonymous_47)
FN:783,(anonymous_48)
FN:784,(anonymous_49)
FN:787,(anonymous_50)
FN:787,(anonymous_51)
FN:828,(anonymous_52)
FN:856,(anonymous_53)
FN:858,(anonymous_54)
FN:860,(anonymous_55)
FN:875,(anonymous_56)
FN:911,(anonymous_57)
FN:930,(anonymous_58)
FN:931,(anonymous_59)
FN:935,(anonymous_60)
FN:950,(anonymous_61)
FN:972,(anonymous_62)
FN:973,(anonymous_63)
FN:977,(anonymous_64)
FNF:65
FNH:40
FNDA:62,LoginScreen
FNDA:19,(anonymous_1)
FNDA:20,(anonymous_2)
FNDA:11,(anonymous_3)
FNDA:11,(anonymous_4)
FNDA:11,(anonymous_5)
FNDA:11,(anonymous_6)
FNDA:11,(anonymous_7)
FNDA:19,(anonymous_8)
FNDA:0,(anonymous_9)
FNDA:0,(anonymous_10)
FNDA:0,(anonymous_11)
FNDA:5,(anonymous_12)
FNDA:11,(anonymous_13)
FNDA:11,(anonymous_14)
FNDA:0,(anonymous_15)
FNDA:11,(anonymous_16)
FNDA:12,(anonymous_17)
FNDA:0,(anonymous_18)
FNDA:1,(anonymous_19)
FNDA:1,(anonymous_20)
FNDA:0,(anonymous_21)
FNDA:40,(anonymous_22)
FNDA:5,(anonymous_23)
FNDA:5,(anonymous_24)
FNDA:5,(anonymous_25)
FNDA:5,(anonymous_26)
FNDA:8,(anonymous_27)
FNDA:1,(anonymous_28)
FNDA:2,(anonymous_29)
FNDA:2,(anonymous_30)
FNDA:0,(anonymous_31)
FNDA:1,(anonymous_32)
FNDA:6,(anonymous_33)
FNDA:4,(anonymous_34)
FNDA:0,(anonymous_35)
FNDA:2,(anonymous_36)
FNDA:0,(anonymous_37)
FNDA:2,(anonymous_38)
FNDA:0,(anonymous_39)
FNDA:3,(anonymous_40)
FNDA:3,(anonymous_41)
FNDA:1,(anonymous_42)
FNDA:42,(anonymous_43)
FNDA:0,(anonymous_44)
FNDA:0,(anonymous_45)
FNDA:0,(anonymous_46)
FNDA:0,(anonymous_47)
FNDA:0,(anonymous_48)
FNDA:0,(anonymous_49)
FNDA:0,(anonymous_50)
FNDA:0,(anonymous_51)
FNDA:0,(anonymous_52)
FNDA:0,(anonymous_53)
FNDA:0,(anonymous_54)
FNDA:1,(anonymous_55)
FNDA:44,(anonymous_56)
FNDA:44,(anonymous_57)
FNDA:0,(anonymous_58)
FNDA:0,(anonymous_59)
FNDA:1,(anonymous_60)
FNDA:16,(anonymous_61)
FNDA:0,(anonymous_62)
FNDA:0,(anonymous_63)
FNDA:15,(anonymous_64)
DA:53,1
DA:54,1
DA:55,1
DA:58,62
DA:67,62
DA:68,62
DA:69,62
DA:70,62
DA:71,62
DA:72,62
DA:73,62
DA:75,62
DA:76,62
DA:77,62
DA:78,62
DA:79,62
DA:80,62
DA:81,62
DA:82,62
DA:83,62
DA:84,62
DA:85,62
DA:86,62
DA:87,62
DA:88,62
DA:89,62
DA:90,62
DA:91,62
DA:92,62
DA:93,62
DA:94,62
DA:96,62
DA:97,62
DA:98,62
DA:99,62
DA:100,62
DA:101,62
DA:102,19
DA:103,2
DA:106,17
DA:107,2
DA:110,15
DA:112,62
DA:115,62
DA:121,62
DA:123,62
DA:124,20
DA:125,20
DA:127,20
DA:128,20
DA:130,20
DA:131,0
DA:132,0
DA:133,0
DA:134,0
DA:137,20
DA:138,20
DA:139,20
DA:141,20
DA:142,20
DA:143,20
DA:144,19
DA:146,20
DA:147,20
DA:149,0
DA:150,0
DA:152,0
DA:155,0
DA:156,0
DA:158,20
DA:162,62
DA:163,11
DA:166,62
DA:167,11
DA:169,11
DA:170,8
DA:174,62
DA:175,11
DA:181,11
DA:187,11
DA:194,11
DA:195,11
DA:196,11
DA:198,11
DA:199,11
DA:200,11
DA:201,11
DA:205,62
DA:206,11
DA:214,62
DA:215,19
DA:216,14
DA:217,14
DA:218,14
DA:219,14
DA:222,5
DA:223,5
DA:226,0
DA:237,0
DA:248,0
DA:259,5
DA:260,5
DA:287,5
DA:288,5
DA:289,5
DA:293,62
DA:294,11
DA:297,62
DA:298,11
DA:299,0
DA:300,0
DA:304,11
DA:307,62
DA:308,12
DA:309,11
DA:312,1
DA:313,1
DA:316,62
DA:317,1
DA:318,1
DA:319,1
DA:320,1
DA:321,1
DA:322,1
DA:324,0
DA:327,1
DA:329,0
DA:331,0
DA:334,0
DA:335,0
DA:336,0
DA:338,1
DA:342,62
DA:343,40
DA:351,39
DA:354,1
DA:355,1
DA:365,62
DA:372,62
DA:380,62
DA:387,62
DA:398,62
DA:403,62
DA:404,5
DA:405,5
DA:408,62
DA:409,5
DA:410,5
DA:413,62
DA:414,8
DA:415,8
DA:416,8
DA:418,8
DA:419,1
DA:420,1
DA:421,1
DA:422,1
DA:425,7
DA:428,62
DA:429,2
DA:430,0
DA:433,2
DA:434,2
DA:438,0
DA:439,1
DA:445,62
DA:446,6
DA:448,6
DA:449,1
DA:451,6
DA:452,1
DA:455,6
DA:456,6
DA:459,62
DA:460,4
DA:461,0
DA:464,4
DA:465,4
DA:466,0
DA:469,4
DA:470,1
DA:473,3
DA:474,3
DA:475,1
DA:478,2
DA:479,2
DA:480,2
DA:481,2
DA:483,0
DA:484,0
DA:486,2
DA:490,62
DA:491,2
DA:492,0
DA:495,2
DA:496,2
DA:497,0
DA:500,2
DA:501,0
DA:504,2
DA:505,0
DA:508,0
DA:509,0
DA:512,2
DA:513,2
DA:514,0
DA:517,2
DA:518,2
DA:519,2
DA:521,2
DA:522,1
DA:523,0
DA:526,1
DA:533,1
DA:534,1
DA:537,0
DA:540,0
DA:542,1
DA:559,62
DA:560,3
DA:561,0
DA:564,3
DA:565,3
DA:566,0
DA:569,3
DA:570,3
DA:571,0
DA:574,3
DA:575,3
DA:576,3
DA:577,3
DA:578,1
DA:580,1
DA:581,0
DA:585,1
DA:591,1
DA:592,1
DA:595,1
DA:596,1
DA:598,2
DA:612,62
DA:613,42
DA:621,39
DA:624,3
DA:625,3
DA:635,62
DA:636,0
DA:639,62
DA:640,0
DA:643,62
DA:658,0
DA:739,0
DA:741,0
DA:742,0
DA:783,0
DA:784,0
DA:787,0
DA:828,0
DA:857,0
DA:858,0
DA:860,1
DA:875,44
DA:911,44
DA:931,0
DA:932,0
DA:935,1
DA:950,16
DA:973,0
DA:974,0
DA:977,15
DA:1012,1
LF:271
LH:215
BRDA:102,0,0,2
BRDA:102,0,1,17
BRDA:106,1,0,2
BRDA:106,1,1,15
BRDA:115,2,0,62
BRDA:115,2,1,60
BRDA:115,2,2,56
BRDA:115,2,3,52
BRDA:115,2,4,52
BRDA:115,2,5,32
BRDA:121,3,0,62
BRDA:121,3,1,60
BRDA:121,3,2,56
BRDA:130,4,0,0
BRDA:130,4,1,20
BRDA:143,5,0,19
BRDA:143,5,1,1
BRDA:152,6,0,0
BRDA:152,6,1,0
BRDA:152,7,0,0
BRDA:152,7,1,0
BRDA:169,8,0,8
BRDA:169,8,1,3
BRDA:215,9,0,14
BRDA:215,9,1,5
BRDA:227,10,0,0
BRDA:227,10,1,0
BRDA:229,11,0,0
BRDA:229,11,1,0
BRDA:238,12,0,0
BRDA:238,12,1,0
BRDA:240,13,0,0
BRDA:240,13,1,0
BRDA:249,14,0,0
BRDA:249,14,1,0
BRDA:251,15,0,0
BRDA:251,15,1,0
BRDA:299,16,0,0
BRDA:299,16,1,0
BRDA:308,17,0,11
BRDA:308,17,1,1
BRDA:308,18,0,12
BRDA:308,18,1,11
BRDA:331,19,0,0
BRDA:331,19,1,0
BRDA:343,20,0,39
BRDA:343,20,1,1
BRDA:344,21,0,40
BRDA:344,21,1,1
BRDA:344,21,2,1
BRDA:344,21,3,1
BRDA:344,21,4,1
BRDA:344,21,5,1
BRDA:418,22,0,1
BRDA:418,22,1,7
BRDA:429,23,0,0
BRDA:429,23,1,2
BRDA:448,24,0,1
BRDA:448,24,1,5
BRDA:451,25,0,1
BRDA:451,25,1,5
BRDA:460,26,0,0
BRDA:460,26,1,4
BRDA:460,27,0,4
BRDA:460,27,1,4
BRDA:460,27,2,4
BRDA:465,28,0,0
BRDA:465,28,1,4
BRDA:469,29,0,1
BRDA:469,29,1,3
BRDA:474,30,0,1
BRDA:474,30,1,2
BRDA:483,31,0,0
BRDA:483,31,1,0
BRDA:491,32,0,0
BRDA:491,32,1,2
BRDA:491,33,0,2
BRDA:491,33,1,2
BRDA:491,33,2,2
BRDA:496,34,0,0
BRDA:496,34,1,2
BRDA:500,35,0,0
BRDA:500,35,1,2
BRDA:504,36,0,0
BRDA:504,36,1,2
BRDA:505,37,0,0
BRDA:505,37,1,0
BRDA:513,38,0,0
BRDA:513,38,1,2
BRDA:522,39,0,0
BRDA:522,39,1,1
BRDA:537,40,0,0
BRDA:537,40,1,0
BRDA:560,41,0,0
BRDA:560,41,1,3
BRDA:560,42,0,3
BRDA:560,42,1,3
BRDA:560,42,2,3
BRDA:560,42,3,3
BRDA:560,42,4,3
BRDA:565,43,0,0
BRDA:565,43,1,3
BRDA:570,44,0,0
BRDA:570,44,1,3
BRDA:580,45,0,0
BRDA:580,45,1,1
BRDA:580,46,0,1
BRDA:580,46,1,1
BRDA:585,47,0,1
BRDA:585,47,1,0
BRDA:585,48,0,1
BRDA:585,48,1,1
BRDA:587,49,0,0
BRDA:587,49,1,0
BRDA:591,50,0,1
BRDA:591,50,1,0
BRDA:591,51,0,1
BRDA:591,51,1,1
BRDA:613,52,0,39
BRDA:613,52,1,3
BRDA:614,53,0,42
BRDA:614,53,1,12
BRDA:614,53,2,6
BRDA:614,53,3,6
BRDA:614,53,4,3
BRDA:614,53,5,3
BRDA:635,54,0,0
BRDA:635,54,1,62
BRDA:639,55,0,0
BRDA:639,55,1,62
BRDA:650,56,0,0
BRDA:650,56,1,62
BRDA:658,57,0,0
BRDA:658,57,1,0
BRDA:666,58,0,62
BRDA:666,58,1,0
BRDA:696,59,0,47
BRDA:696,59,1,15
BRDA:699,60,0,47
BRDA:699,60,1,15
BRDA:706,61,0,47
BRDA:706,61,1,15
BRDA:713,62,0,47
BRDA:713,62,1,0
BRDA:714,63,0,1
BRDA:714,63,1,46
BRDA:720,64,0,1
BRDA:720,64,1,46
BRDA:722,65,0,0
BRDA:722,65,1,46
BRDA:745,66,0,1
BRDA:745,66,1,46
BRDA:756,67,0,47
BRDA:756,67,1,0
BRDA:757,68,0,1
BRDA:757,68,1,46
BRDA:763,69,0,1
BRDA:763,69,1,46
BRDA:765,70,0,0
BRDA:765,70,1,46
BRDA:791,71,0,0
BRDA:791,71,1,47
BRDA:798,72,0,1
BRDA:798,72,1,46
BRDA:815,73,0,20
BRDA:815,73,1,42
BRDA:823,74,0,0
BRDA:823,74,1,62
BRDA:828,75,0,0
BRDA:828,75,1,0
BRDA:834,76,0,10
BRDA:834,76,1,52
BRDA:839,77,0,4
BRDA:839,77,1,6
BRDA:851,78,0,2
BRDA:851,78,1,60
BRDA:854,79,0,1
BRDA:854,79,1,1
BRDA:860,80,0,1
BRDA:860,80,1,0
BRDA:869,81,0,47
BRDA:869,81,1,15
BRDA:874,82,0,47
BRDA:874,82,1,25
BRDA:877,83,0,44
BRDA:877,83,1,24
BRDA:877,83,2,20
BRDA:878,84,0,44
BRDA:878,84,1,0
BRDA:878,84,2,0
BRDA:878,84,3,0
BRDA:880,85,0,2
BRDA:880,85,1,45
BRDA:880,86,0,47
BRDA:880,86,1,45
BRDA:884,87,0,0
BRDA:884,87,1,2
BRDA:887,88,0,14
BRDA:887,88,1,31
BRDA:910,89,0,47
BRDA:910,89,1,25
BRDA:913,90,0,44
BRDA:913,90,1,24
BRDA:913,90,2,20
BRDA:914,91,0,44
BRDA:914,91,1,0
BRDA:914,91,2,0
BRDA:914,91,3,0
BRDA:917,92,0,4
BRDA:917,92,1,43
BRDA:923,93,0,4
BRDA:923,93,1,43
BRDA:928,94,0,1
BRDA:928,94,1,46
BRDA:934,95,0,1
BRDA:934,95,1,1
BRDA:937,96,0,1
BRDA:937,96,1,0
BRDA:937,96,2,0
BRDA:937,96,3,0
BRDA:946,97,0,16
BRDA:946,97,1,46
BRDA:949,98,0,16
BRDA:949,98,1,6
BRDA:952,99,0,16
BRDA:952,99,1,6
BRDA:952,99,2,10
BRDA:953,100,0,16
BRDA:953,100,1,0
BRDA:953,100,2,0
BRDA:953,100,3,0
BRDA:956,101,0,4
BRDA:956,101,1,12
BRDA:962,102,0,4
BRDA:962,102,1,12
BRDA:964,103,0,12
BRDA:964,103,1,0
BRDA:970,104,0,15
BRDA:970,104,1,47
BRDA:970,105,0,62
BRDA:970,105,1,15
BRDA:976,106,0,15
BRDA:976,106,1,5
BRDA:979,107,0,15
BRDA:979,107,1,0
BRDA:979,107,2,0
BRDA:979,107,3,0
BRDA:993,108,0,62
BRDA:993,108,1,2
BRDA:995,109,0,62
BRDA:995,109,1,11
BRDA:1002,110,0,62
BRDA:1002,110,1,0
BRDA:1002,110,2,0
BRDA:1067,111,0,1
BRDA:1067,111,1,0
BRDA:1068,112,0,0
BRDA:1068,112,1,1
BRDA:1098,113,0,0
BRDA:1098,113,1,1
BRDA:1105,114,0,0
BRDA:1105,114,1,1
BRDA:1145,115,0,0
BRDA:1145,115,1,1
BRDA:1153,116,0,0
BRDA:1153,116,1,1
BRF:266
BRH:182
end_of_record
TN:
SF:app\modal.tsx
FN:8,ModalScreen
FNF:1
FNH:0
FNDA:0,ModalScreen
DA:9,0
DA:11,0
DA:21,0
LF:3
LH:0
BRF:0
BRH:0
end_of_record
TN:
SF:app\navigation-panel.tsx
FN:22,Section
FN:27,(anonymous_1)
FN:37,(anonymous_2)
FN:54,QsrReportsGroup
FN:70,(anonymous_4)
FN:80,(anonymous_5)
FN:83,(anonymous_6)
FN:84,(anonymous_7)
FN:87,(anonymous_8)
FN:101,(anonymous_9)
FN:101,(anonymous_10)
FN:102,(anonymous_11)
FN:126,(anonymous_12)
FN:137,(anonymous_13)
FN:165,NavigationPanelScreen
FN:180,(anonymous_15)
FN:191,(anonymous_16)
FNF:17
FNH:10
FNDA:6,Section
FNDA:9,(anonymous_1)
FNDA:9,(anonymous_2)
FNDA:2,QsrReportsGroup
FNDA:0,(anonymous_4)
FNDA:0,(anonymous_5)
FNDA:4,(anonymous_6)
FNDA:4,(anonymous_7)
FNDA:2,(anonymous_8)
FNDA:0,(anonymous_9)
FNDA:0,(anonymous_10)
FNDA:2,(anonymous_11)
FNDA:0,(anonymous_12)
FNDA:0,(anonymous_13)
FNDA:3,NavigationPanelScreen
FNDA:0,(anonymous_15)
FNDA:1,(anonymous_16)
DA:23,6
DA:28,9
DA:29,9
DA:30,9
DA:37,9
DA:61,2
DA:62,2
DA:70,0
DA:80,0
DA:83,4
DA:84,4
DA:85,2
DA:87,2
DA:88,2
DA:89,0
DA:93,2
DA:101,0
DA:102,2
DA:127,0
DA:128,0
DA:130,0
DA:137,0
DA:166,3
DA:167,3
DA:168,3
DA:169,3
DA:170,3
DA:171,3
DA:173,3
DA:180,0
DA:184,3
DA:191,1
DA:202,3
DA:234,1
LF:34
LH:25
BRDA:29,0,0,9
BRDA:29,0,1,6
BRDA:37,1,0,9
BRDA:37,1,1,3
BRDA:37,2,0,9
BRDA:37,2,1,0
BRDA:38,3,0,9
BRDA:38,3,1,3
BRDA:39,4,0,3
BRDA:39,4,1,6
BRDA:42,5,0,9
BRDA:42,5,1,3
BRDA:43,6,0,9
BRDA:43,6,1,0
BRDA:43,7,0,9
BRDA:43,7,1,3
BRDA:45,8,0,3
BRDA:45,8,1,6
BRDA:63,9,0,2
BRDA:63,9,1,0
BRDA:73,10,0,2
BRDA:73,10,1,0
BRDA:88,11,0,0
BRDA:88,11,1,2
BRDA:105,12,0,2
BRDA:105,12,1,0
BRDA:106,13,0,2
BRDA:106,13,1,0
BRDA:108,14,0,2
BRDA:108,14,1,0
BRDA:109,15,0,0
BRDA:109,15,1,2
BRDA:112,16,0,2
BRDA:112,16,1,0
BRDA:113,17,0,2
BRDA:113,17,1,0
BRDA:117,18,0,0
BRDA:117,18,1,2
BRDA:118,19,0,0
BRDA:118,19,1,0
BRDA:120,20,0,0
BRDA:120,20,1,2
BRDA:124,21,0,0
BRDA:124,21,1,2
BRDA:140,22,0,0
BRDA:140,22,1,0
BRDA:141,23,0,0
BRDA:141,23,1,0
BRDA:143,24,0,0
BRDA:143,24,1,0
BRDA:144,25,0,0
BRDA:144,25,1,0
BRDA:147,26,0,0
BRDA:147,26,1,0
BRDA:150,27,0,0
BRDA:150,27,1,0
BRDA:151,28,0,0
BRDA:151,28,1,0
BRDA:154,29,0,0
BRDA:154,29,1,0
BRDA:170,30,0,0
BRDA:170,30,1,3
BRDA:170,31,0,3
BRDA:170,31,1,0
BRDA:213,32,0,1
BRDA:213,32,1,2
BRDA:222,33,0,2
BRDA:222,33,1,1
BRF:68
BRH:34
end_of_record
TN:
SF:app\(tabs)\_layout.tsx
FN:7,TabLayout
FNF:1
FNH:0
FNDA:0,TabLayout
DA:8,0
DA:10,0
DA:11,0
DA:14,0
DA:15,0
DA:18,0
LF:6
LH:0
BRDA:10,0,0,0
BRDA:10,0,1,0
BRDA:14,1,0,0
BRDA:14,1,1,0
BRF:4
BRH:0
end_of_record
TN:
SF:app\(tabs)\create.tsx
FN:7,CreateScreen
FNF:1
FNH:0
FNDA:0,CreateScreen
DA:8,0
DA:22,0
LF:2
LH:0
BRF:0
BRH:0
end_of_record
TN:
SF:app\(tabs)\explore.tsx
FN:12,TabTwoScreen
FNF:1
FNH:0
FNDA:0,TabTwoScreen
DA:13,0
DA:101,0
LF:2
LH:0
BRF:0
BRH:0
end_of_record
TN:
SF:app\(tabs)\index.tsx
FN:27,HomeScreen
FN:53,(anonymous_1)
FN:136,(anonymous_2)
FN:174,(anonymous_3)
FN:187,(anonymous_4)
FN:211,(anonymous_5)
FN:212,(anonymous_6)
FN:240,(anonymous_7)
FN:241,(anonymous_8)
FNF:9
FNH:0
FNDA:0,HomeScreen
FNDA:0,(anonymous_1)
FNDA:0,(anonymous_2)
FNDA:0,(anonymous_3)
FNDA:0,(anonymous_4)
FNDA:0,(anonymous_5)
FNDA:0,(anonymous_6)
FNDA:0,(anonymous_7)
FNDA:0,(anonymous_8)
DA:22,0
DA:23,0
DA:25,0
DA:28,0
DA:29,0
DA:30,0
DA:31,0
DA:32,0
DA:33,0
DA:34,0
DA:35,0
DA:37,0
DA:40,0
DA:42,0
DA:43,0
DA:44,0
DA:45,0
DA:46,0
DA:47,0
DA:48,0
DA:49,0
DA:50,0
DA:51,0
DA:53,0
DA:54,0
DA:73,0
DA:89,0
DA:102,0
DA:115,0
DA:128,0
DA:134,0
DA:135,0
DA:136,0
DA:139,0
DA:146,0
DA:149,0
DA:153,0
DA:157,0
DA:162,0
DA:174,0
DA:187,0
DA:211,0
DA:212,0
DA:240,0
DA:241,0
DA:253,0
LF:46
LH:0
BRDA:37,0,0,0
BRDA:37,0,1,0
BRDA:38,1,0,0
BRDA:38,1,1,0
BRDA:40,2,0,0
BRDA:40,2,1,0
BRDA:130,3,0,0
BRDA:130,3,1,0
BRDA:131,4,0,0
BRDA:131,4,1,0
BRDA:131,5,0,0
BRDA:131,5,1,0
BRDA:169,6,0,0
BRDA:169,6,1,0
BRDA:181,7,0,0
BRDA:181,7,1,0
BRDA:191,8,0,0
BRDA:191,8,1,0
BRDA:194,9,0,0
BRDA:194,9,1,0
BRDA:208,10,0,0
BRDA:208,10,1,0
BRDA:208,11,0,0
BRDA:208,11,1,0
BRDA:211,12,0,0
BRDA:211,12,1,0
BRDA:214,13,0,0
BRDA:214,13,1,0
BRDA:241,14,0,0
BRDA:241,14,1,0
BRF:30
BRH:0
end_of_record
TN:
SF:app\(tabs)\logout.tsx
FN:7,LogoutScreen
FN:12,(anonymous_1)
FN:14,(anonymous_2)
FN:19,(anonymous_3)
FNF:4
FNH:0
FNDA:0,LogoutScreen
FNDA:0,(anonymous_1)
FNDA:0,(anonymous_2)
FNDA:0,(anonymous_3)
DA:8,0
DA:9,0
DA:11,0
DA:13,0
DA:15,0
DA:19,0
DA:25,0
LF:7
LH:0
BRF:0
BRH:0
end_of_record
TN:
SF:app\(tabs)\notifications.tsx
FN:7,NotificationsScreen
FNF:1
FNH:0
FNDA:0,NotificationsScreen
DA:8,0
DA:22,0
LF:2
LH:0
BRF:0
BRH:0
end_of_record
TN:
SF:app\(tabs)\profile.tsx
FN:9,ProfileScreen
FN:28,(anonymous_1)
FNF:2
FNH:0
FNDA:0,ProfileScreen
FNDA:0,(anonymous_1)
DA:10,0
DA:11,0
DA:13,0
DA:28,0
DA:37,0
LF:5
LH:0
BRDA:17,0,0,0
BRDA:17,0,1,0
BRDA:25,1,0,0
BRDA:25,1,1,0
BRDA:26,2,0,0
BRDA:26,2,1,0
BRDA:28,3,0,0
BRDA:28,3,1,0
BRF:8
BRH:0
end_of_record
TN:
SF:app\qsr-reports\_layout.tsx
FN:6,QsrReportsLayout
FNF:1
FNH:0
FNDA:0,QsrReportsLayout
DA:7,0
DA:9,0
DA:10,0
DA:13,0
DA:14,0
DA:17,0
LF:6
LH:0
BRDA:9,0,0,0
BRDA:9,0,1,0
BRDA:13,1,0,0
BRDA:13,1,1,0
BRF:4
BRH:0
end_of_record
TN:
SF:app\qsr-reports\sales-summary.tsx
FN:21,SalesSummaryScreen
FN:27,(anonymous_1)
FN:28,(anonymous_2)
FN:40,(anonymous_3)
FN:61,(anonymous_4)
FN:74,(anonymous_5)
FN:76,(anonymous_6)
FN:80,(anonymous_7)
FNF:8
FNH:0
FNDA:0,SalesSummaryScreen
FNDA:0,(anonymous_1)
FNDA:0,(anonymous_2)
FNDA:0,(anonymous_3)
FNDA:0,(anonymous_4)
FNDA:0,(anonymous_5)
FNDA:0,(anonymous_6)
FNDA:0,(anonymous_7)
DA:16,0
DA:17,0
DA:22,0
DA:23,0
DA:24,0
DA:25,0
DA:27,0
DA:28,0
DA:31,0
DA:32,0
DA:35,0
DA:36,0
DA:40,0
DA:56,0
DA:61,0
DA:74,0
DA:77,0
DA:78,0
DA:81,0
DA:82,0
DA:89,0
LF:21
LH:0
BRDA:17,0,0,0
BRDA:17,0,1,0
BRDA:31,1,0,0
BRDA:31,1,1,0
BRDA:35,2,0,0
BRDA:35,2,1,0
BRF:6
BRH:0
end_of_record
TN:
SF:app\qsr-reports\sales.tsx
FN:21,SalesScreen
FN:27,(anonymous_1)
FN:28,(anonymous_2)
FN:40,(anonymous_3)
FN:61,(anonymous_4)
FN:74,(anonymous_5)
FN:76,(anonymous_6)
FN:80,(anonymous_7)
FNF:8
FNH:0
FNDA:0,SalesScreen
FNDA:0,(anonymous_1)
FNDA:0,(anonymous_2)
FNDA:0,(anonymous_3)
FNDA:0,(anonymous_4)
FNDA:0,(anonymous_5)
FNDA:0,(anonymous_6)
FNDA:0,(anonymous_7)
DA:16,0
DA:17,0
DA:22,0
DA:23,0
DA:24,0
DA:25,0
DA:27,0
DA:28,0
DA:31,0
DA:32,0
DA:35,0
DA:36,0
DA:40,0
DA:56,0
DA:61,0
DA:74,0
DA:77,0
DA:78,0
DA:81,0
DA:82,0
DA:89,0
LF:21
LH:0
BRDA:17,0,0,0
BRDA:17,0,1,0
BRDA:31,1,0,0
BRDA:31,1,1,0
BRDA:35,2,0,0
BRDA:35,2,1,0
BRF:6
BRH:0
end_of_record
TN:
SF:components\AppFooter.tsx
FN:10,AppFooter
FNF:1
FNH:0
FNDA:0,AppFooter
DA:11,0
DA:19,0
LF:2
LH:0
BRDA:10,0,0,0
BRDA:10,1,0,0
BRDA:13,2,0,0
BRDA:13,2,1,0
BRDA:14,3,0,0
BRDA:14,3,1,0
BRF:6
BRH:0
end_of_record
TN:
SF:components\ConfirmLogoutModal.tsx
FN:20,ConfirmLogoutModal
FN:31,(anonymous_1)
FN:76,(anonymous_2)
FN:123,(anonymous_3)
FN:133,(anonymous_4)
FNF:5
FNH:5
FNDA:12,ConfirmLogoutModal
FNDA:10,(anonymous_1)
FNDA:2,(anonymous_2)
FNDA:4,(anonymous_3)
FNDA:4,(anonymous_4)
DA:26,12
DA:27,12
DA:28,12
DA:29,12
DA:31,12
DA:32,10
DA:33,4
DA:34,4
DA:53,4
DA:56,6
DA:57,4
DA:60,2
DA:77,2
DA:78,2
DA:83,12
DA:84,6
DA:87,6
DA:123,4
DA:133,4
DA:154,1
LF:20
LH:20
BRDA:24,0,0,0
BRDA:32,1,0,4
BRDA:32,1,1,6
BRDA:56,2,0,4
BRDA:56,2,1,2
BRDA:77,3,0,2
BRDA:77,3,1,0
BRDA:83,4,0,6
BRDA:83,4,1,6
BRDA:93,5,0,1
BRDA:93,5,1,5
BRDA:98,6,0,1
BRDA:98,6,1,5
BRDA:125,7,0,0
BRDA:125,7,1,4
BRDA:125,8,0,4
BRDA:125,8,1,0
BRDA:135,9,0,0
BRDA:135,9,1,4
BRDA:135,10,0,4
BRDA:135,10,1,0
BRDA:137,11,0,1
BRDA:137,11,1,5
BRF:23
BRH:17
end_of_record
TN:
SF:components\ForceUpdateModal.tsx
FN:14,ForceUpdateModal
FN:22,(anonymous_1)
FN:45,(anonymous_2)
FNF:3
FNH:2
FNDA:1,ForceUpdateModal
FNDA:0,(anonymous_1)
FNDA:1,(anonymous_2)
DA:21,1
DA:22,0
DA:45,1
DA:65,1
LF:4
LH:3
BRDA:19,0,0,1
BRDA:47,1,0,0
BRDA:47,1,1,1
BRDA:48,2,0,0
BRDA:48,2,1,1
BRDA:48,3,0,1
BRDA:48,3,1,0
BRDA:50,4,0,0
BRDA:50,4,1,1
BRF:9
BRH:5
end_of_record
TN:
SF:components\PreLoader.tsx
FN:18,PreLoader
FN:22,(anonymous_1)
FN:58,(anonymous_2)
FNF:3
FNH:0
FNDA:0,PreLoader
FNDA:0,(anonymous_1)
FNDA:0,(anonymous_2)
DA:19,0
DA:20,0
DA:22,0
DA:23,0
DA:56,0
DA:58,0
DA:59,0
DA:63,0
DA:82,0
LF:9
LH:0
BRDA:18,0,0,0
BRDA:18,1,0,0
BRDA:72,2,0,0
BRDA:72,2,1,0
BRF:4
BRH:0
end_of_record
TN:
SF:components\UatRibbon.tsx
FN:6,UatRibbon
FNF:1
FNH:0
FNDA:0,UatRibbon
DA:7,0
DA:8,0
DA:11,0
DA:20,0
LF:4
LH:0
BRDA:7,0,0,0
BRDA:7,0,1,0
BRF:2
BRH:0
end_of_record
TN:
SF:components\UpdateDownloadModal.tsx
FN:20,UpdateDownloadModal
FN:29,(anonymous_1)
FN:46,(anonymous_2)
FN:77,(anonymous_3)
FNF:4
FNH:3
FNDA:2,UpdateDownloadModal
FNDA:2,(anonymous_1)
FNDA:0,(anonymous_2)
FNDA:1,(anonymous_3)
DA:27,2
DA:29,2
DA:30,2
DA:37,2
DA:42,2
DA:43,2
DA:45,2
DA:46,0
DA:77,1
DA:87,1
LF:10
LH:9
BRDA:23,0,0,1
BRDA:24,1,0,1
BRDA:55,2,0,1
BRDA:55,2,1,1
BRDA:57,3,0,1
BRDA:57,3,1,0
BRDA:67,4,0,1
BRDA:67,4,1,1
BRDA:74,5,0,1
BRDA:74,5,1,1
BRDA:74,6,0,2
BRDA:74,6,1,1
BRDA:76,7,0,1
BRDA:76,7,1,1
BRDA:76,8,0,2
BRDA:76,8,1,1
BRDA:77,9,0,1
BRDA:77,9,1,0
BRF:18
BRH:16
end_of_record
TN:
SF:components\auth-provider.tsx
FN:71,(anonymous_0)
FN:77,AuthProvider
FN:87,(anonymous_2)
FN:90,restoreSession
FN:125,(anonymous_4)
FN:131,(anonymous_5)
FN:182,(anonymous_6)
FN:196,(anonymous_7)
FN:241,(anonymous_8)
FN:253,(anonymous_9)
FN:261,(anonymous_10)
FN:295,useAuth
FNF:12
FNH:11
FNDA:1,(anonymous_0)
FNDA:11,AuthProvider
FNDA:4,(anonymous_2)
FNDA:4,restoreSession
FNDA:4,(anonymous_4)
FNDA:1,(anonymous_5)
FNDA:1,(anonymous_6)
FNDA:1,(anonymous_7)
FNDA:0,(anonymous_8)
FNDA:1,(anonymous_9)
FNDA:11,(anonymous_10)
FNDA:11,useAuth
DA:56,1
DA:58,1
DA:64,1
DA:65,1
DA:66,1
DA:72,1
DA:73,1
DA:78,11
DA:79,11
DA:80,11
DA:81,11
DA:82,11
DA:83,11
DA:84,11
DA:85,11
DA:87,11
DA:88,4
DA:99,4
DA:109,4
DA:110,0
DA:113,4
DA:114,4
DA:115,4
DA:116,4
DA:117,4
DA:118,4
DA:119,4
DA:120,4
DA:123,4
DA:125,4
DA:126,4
DA:130,11
DA:142,1
DA:143,1
DA:144,1
DA:145,1
DA:146,1
DA:148,1
DA:154,1
DA:155,1
DA:157,0
DA:160,1
DA:161,1
DA:167,1
DA:169,1
DA:170,1
DA:171,1
DA:172,1
DA:173,1
DA:174,1
DA:176,1
DA:181,11
DA:192,1
DA:196,11
DA:197,1
DA:198,0
DA:201,1
DA:202,1
DA:203,1
DA:204,1
DA:205,1
DA:206,1
DA:212,0
DA:213,0
DA:214,0
DA:217,0
DA:218,0
DA:225,0
DA:226,0
DA:227,0
DA:228,0
DA:230,0
DA:231,0
DA:237,0
DA:241,11
DA:242,0
DA:248,0
DA:249,0
DA:250,0
DA:253,11
DA:254,1
DA:255,1
DA:256,1
DA:257,1
DA:260,11
DA:261,11
DA:292,11
DA:296,11
DA:297,11
DA:298,0
DA:300,11
LF:91
LH:71
BRDA:109,0,0,0
BRDA:109,0,1,4
BRDA:114,1,0,4
BRDA:114,1,1,0
BRDA:135,2,0,0
BRDA:144,3,0,1
BRDA:144,3,1,0
BRDA:145,4,0,1
BRDA:145,4,1,0
BRDA:146,5,0,1
BRDA:146,5,1,0
BRDA:154,6,0,1
BRDA:154,6,1,0
BRDA:160,7,0,1
BRDA:160,7,1,0
BRDA:169,8,0,1
BRDA:169,8,1,0
BRDA:186,9,0,0
BRDA:197,10,0,0
BRDA:197,10,1,1
BRDA:197,11,0,1
BRDA:197,11,1,1
BRDA:202,12,0,1
BRDA:202,12,1,0
BRDA:213,13,0,0
BRDA:213,13,1,0
BRDA:230,14,0,0
BRDA:230,14,1,0
BRDA:270,15,0,11
BRDA:270,15,1,7
BRDA:270,15,2,6
BRDA:297,16,0,0
BRDA:297,16,1,11
BRF:33
BRH:16
end_of_record
TN:
SF:components\external-link.tsx
FN:7,ExternalLink
FN:13,(anonymous_1)
FNF:2
FNH:0
FNDA:0,ExternalLink
FNDA:0,(anonymous_1)
DA:8,0
DA:14,0
DA:16,0
DA:18,0
LF:4
LH:0
BRDA:14,0,0,0
BRDA:14,0,1,0
BRF:2
BRH:0
end_of_record
TN:
SF:components\global-loader-provider.tsx
FN:13,GlobalLoaderProvider
FN:17,(anonymous_1)
FN:19,(anonymous_2)
FN:22,(anonymous_3)
FN:23,(anonymous_4)
FN:27,(anonymous_5)
FN:41,useGlobalLoader
FNF:7
FNH:0
FNDA:0,GlobalLoaderProvider
FNDA:0,(anonymous_1)
FNDA:0,(anonymous_2)
FNDA:0,(anonymous_3)
FNDA:0,(anonymous_4)
FNDA:0,(anonymous_5)
FNDA:0,useGlobalLoader
DA:11,0
DA:14,0
DA:15,0
DA:17,0
DA:18,0
DA:19,0
DA:22,0
DA:23,0
DA:26,0
DA:27,0
DA:29,0
DA:42,0
DA:43,0
DA:44,0
DA:46,0
DA:49,0
LF:16
LH:0
BRDA:18,0,0,0
BRDA:18,0,1,0
BRDA:32,1,0,0
BRDA:32,1,1,0
BRDA:43,2,0,0
BRDA:43,2,1,0
BRF:6
BRH:0
end_of_record
TN:
SF:components\haptic-tab.tsx
FN:5,HapticTab
FN:9,(anonymous_1)
FNF:2
FNH:0
FNDA:0,HapticTab
FNDA:0,(anonymous_1)
DA:6,0
DA:10,0
DA:12,0
DA:14,0
LF:4
LH:0
BRDA:10,0,0,0
BRDA:10,0,1,0
BRF:2
BRH:0
end_of_record
TN:
SF:components\hello-wave.tsx
FN:3,HelloWave
FNF:1
FNH:0
FNDA:0,HelloWave
DA:4,0
LF:1
LH:0
BRF:0
BRH:0
end_of_record
TN:
SF:components\logout-confirmation-provider.tsx
FN:18,LogoutConfirmationProvider
FN:26,(anonymous_1)
FN:31,(anonymous_2)
FN:37,(anonymous_3)
FN:41,(anonymous_4)
FN:56,(anonymous_5)
FN:66,(anonymous_6)
FN:75,useLogoutConfirmation
FNF:8
FNH:8
FNDA:7,LogoutConfirmationProvider
FNDA:2,(anonymous_1)
FNDA:1,(anonymous_2)
FNDA:1,(anonymous_3)
FNDA:1,(anonymous_4)
FNDA:2,(anonymous_5)
FNDA:1,(anonymous_6)
FNDA:2,useLogoutConfirmation
DA:16,1
DA:19,7
DA:20,7
DA:21,7
DA:22,7
DA:23,7
DA:24,7
DA:26,7
DA:27,2
DA:28,2
DA:31,7
DA:32,1
DA:33,1
DA:34,1
DA:37,7
DA:38,1
DA:39,1
DA:41,1
DA:43,1
DA:45,1
DA:46,1
DA:47,1
DA:49,1
DA:50,1
DA:51,1
DA:55,7
DA:56,2
DA:60,7
DA:67,1
DA:76,2
DA:77,2
DA:78,0
DA:81,2
LF:33
LH:32
BRDA:77,0,0,0
BRDA:77,0,1,2
BRF:2
BRH:1
end_of_record
TN:
SF:components\parallax-scroll-view.tsx
FN:21,ParallaxScrollView
FN:30,(anonymous_1)
FNF:2
FNH:0
FNDA:0,ParallaxScrollView
FNDA:0,(anonymous_1)
DA:14,0
DA:26,0
DA:27,0
DA:28,0
DA:29,0
DA:30,0
DA:31,0
DA:47,0
DA:65,0
LF:9
LH:0
BRDA:27,0,0,0
BRDA:27,0,1,0
BRF:2
BRH:0
end_of_record
TN:
SF:components\themed-text.tsx
FN:11,ThemedText
FNF:1
FNH:0
FNDA:0,ThemedText
DA:18,0
DA:20,0
DA:36,0
LF:3
LH:0
BRDA:15,0,0,0
BRDA:24,1,0,0
BRDA:24,1,1,0
BRDA:25,2,0,0
BRDA:25,2,1,0
BRDA:26,3,0,0
BRDA:26,3,1,0
BRDA:27,4,0,0
BRDA:27,4,1,0
BRDA:28,5,0,0
BRDA:28,5,1,0
BRF:11
BRH:0
end_of_record
TN:
SF:components\themed-view.tsx
FN:10,ThemedView
FNF:1
FNH:0
FNDA:0,ThemedView
DA:11,0
DA:13,0
LF:2
LH:0
BRF:0
BRH:0
end_of_record
TN:
SF:components\about\AboutCard.tsx
FN:11,AboutCard
FNF:1
FNH:1
FNDA:20,AboutCard
DA:12,20
DA:26,1
LF:2
LH:2
BRF:0
BRH:0
end_of_record
TN:
SF:components\navigation\AppBar.tsx
FN:49,AppBar
FN:75,(anonymous_1)
FN:81,(anonymous_2)
FN:131,(anonymous_3)
FN:146,(anonymous_4)
FN:160,AppBarAvatarFallback
FNF:6
FNH:3
FNDA:3,AppBar
FNDA:1,(anonymous_1)
FNDA:1,(anonymous_2)
FNDA:0,(anonymous_3)
FNDA:0,(anonymous_4)
FNDA:0,AppBarAvatarFallback
DA:72,3
DA:73,3
DA:75,3
DA:76,1
DA:77,1
DA:81,3
DA:82,1
DA:83,0
DA:84,0
DA:87,1
DA:88,1
DA:89,2
DA:90,2
DA:91,1
DA:92,1
DA:94,1
DA:100,3
DA:132,0
DA:146,0
DA:161,0
DA:162,0
DA:169,1
LF:22
LH:16
BRDA:52,0,0,2
BRDA:53,1,0,2
BRDA:54,2,0,3
BRDA:55,3,0,3
BRDA:57,4,0,3
BRDA:58,5,0,3
BRDA:59,6,0,3
BRDA:60,7,0,3
BRDA:61,8,0,3
BRDA:62,9,0,3
BRDA:63,10,0,3
BRDA:64,11,0,3
BRDA:65,12,0,3
BRDA:67,13,0,3
BRDA:73,14,0,3
BRDA:73,14,1,2
BRDA:76,15,0,1
BRDA:76,15,1,0
BRDA:82,16,0,0
BRDA:82,16,1,1
BRDA:90,17,0,1
BRDA:90,17,1,1
BRDA:106,18,0,3
BRDA:106,18,1,0
BRDA:107,19,0,3
BRDA:107,19,1,0
BRDA:111,20,0,2
BRDA:111,20,1,1
BRDA:113,21,0,1
BRDA:113,21,1,1
BRDA:114,22,0,1
BRDA:114,22,1,1
BRDA:115,23,0,1
BRDA:115,23,1,1
BRDA:126,24,0,3
BRDA:126,24,1,0
BRDA:135,25,0,0
BRDA:135,25,1,0
BRDA:139,26,0,0
BRDA:139,26,1,3
BRDA:139,27,0,3
BRDA:139,27,1,3
BRDA:139,27,2,0
BRDA:146,28,0,0
BRDA:146,28,1,0
BRDA:147,29,0,0
BRDA:147,29,1,0
BRDA:149,30,0,0
BRDA:149,30,1,3
BRDA:149,31,0,3
BRDA:149,31,1,3
BRDA:151,32,0,0
BRDA:151,32,1,0
BRF:53
BRH:37
end_of_record
TN:
SF:components\navigation\AppBarAction.tsx
FN:17,AppBarAction
FN:37,(anonymous_1)
FNF:2
FNH:2
FNDA:2,AppBarAction
FNDA:2,(anonymous_1)
DA:28,2
DA:37,2
DA:49,1
LF:3
LH:3
BRDA:21,0,0,0
BRDA:22,1,0,2
BRDA:23,2,0,2
BRDA:24,3,0,2
BRDA:25,4,0,2
BRDA:37,5,0,2
BRDA:37,5,1,0
BRDA:37,6,0,2
BRDA:37,6,1,0
BRDA:38,7,0,0
BRDA:38,7,1,2
BRDA:40,8,0,0
BRDA:40,8,1,2
BRDA:42,9,0,0
BRDA:42,9,1,0
BRF:15
BRH:8
end_of_record
TN:
SF:components\navigation\AppBarTitle.tsx
FN:14,AppBarTitle
FNF:1
FNH:1
FNDA:3,AppBarTitle
DA:23,3
DA:37,1
LF:2
LH:2
BRDA:17,0,0,0
BRDA:18,1,0,0
BRDA:28,2,0,1
BRDA:28,2,1,2
BRF:4
BRH:2
end_of_record
TN:
SF:components\navigation\BottomNavBar.tsx
FN:13,BottomNavBar
FN:19,(anonymous_1)
FN:35,(anonymous_2)
FN:38,(anonymous_3)
FN:39,(anonymous_4)
FN:41,(anonymous_5)
FN:51,(anonymous_6)
FN:75,(anonymous_7)
FNF:8
FNH:0
FNDA:0,BottomNavBar
FNDA:0,(anonymous_1)
FNDA:0,(anonymous_2)
FNDA:0,(anonymous_3)
FNDA:0,(anonymous_4)
FNDA:0,(anonymous_5)
FNDA:0,(anonymous_6)
FNDA:0,(anonymous_7)
DA:14,0
DA:15,0
DA:16,0
DA:17,0
DA:18,0
DA:19,0
DA:20,0
DA:21,0
DA:23,0
DA:26,0
DA:35,0
DA:39,0
DA:40,0
DA:41,0
DA:42,0
DA:43,0
DA:45,0
DA:51,0
DA:52,0
DA:53,0
DA:59,0
DA:60,0
DA:62,0
DA:65,0
DA:66,0
DA:67,0
DA:68,0
DA:71,0
DA:75,0
DA:76,0
DA:77,0
DA:79,0
DA:85,0
DA:103,0
LF:34
LH:0
BRDA:17,0,0,0
BRDA:17,0,1,0
BRDA:20,1,0,0
BRDA:20,1,1,0
BRDA:40,2,0,0
BRDA:40,2,1,0
BRDA:41,3,0,0
BRDA:41,3,1,0
BRDA:45,4,0,0
BRDA:45,4,1,0
BRDA:47,5,0,0
BRDA:47,5,1,0
BRDA:52,6,0,0
BRDA:52,6,1,0
BRDA:52,7,0,0
BRDA:52,7,1,0
BRDA:59,8,0,0
BRDA:59,8,1,0
BRDA:59,9,0,0
BRDA:59,9,1,0
BRDA:65,10,0,0
BRDA:65,10,1,0
BRDA:66,11,0,0
BRDA:66,11,1,0
BRDA:66,12,0,0
BRDA:66,12,1,0
BRDA:76,13,0,0
BRDA:76,13,1,0
BRF:28
BRH:0
end_of_record
TN:
SF:components\navigation\BottomNavItem.tsx
FN:15,BottomNavItem
FN:32,(anonymous_1)
FNF:2
FNH:0
FNDA:0,BottomNavItem
FNDA:0,(anonymous_1)
DA:24,0
DA:32,0
DA:49,0
LF:3
LH:0
BRDA:22,0,0,0
BRDA:32,1,0,0
BRDA:32,1,1,0
BRDA:34,2,0,0
BRDA:34,2,1,0
BRDA:35,3,0,0
BRDA:35,3,1,0
BRDA:36,4,0,0
BRDA:36,4,1,0
BRDA:38,5,0,0
BRDA:38,5,1,0
BRDA:42,6,0,0
BRDA:42,6,1,0
BRF:13
BRH:0
end_of_record
TN:
SF:components\navigation\StandaloneBottomNavBar.tsx
FN:16,StandaloneBottomNavBar
FN:21,(anonymous_1)
FN:36,(anonymous_2)
FN:39,(anonymous_3)
FN:50,(anonymous_4)
FNF:5
FNH:0
FNDA:0,StandaloneBottomNavBar
FNDA:0,(anonymous_1)
FNDA:0,(anonymous_2)
FNDA:0,(anonymous_3)
FNDA:0,(anonymous_4)
DA:17,0
DA:18,0
DA:19,0
DA:20,0
DA:21,0
DA:22,0
DA:23,0
DA:25,0
DA:28,0
DA:36,0
DA:40,0
DA:52,0
DA:56,0
DA:57,0
DA:60,0
DA:61,0
DA:62,0
DA:65,0
DA:75,0
LF:19
LH:0
BRDA:22,0,0,0
BRDA:22,0,1,0
BRDA:46,1,0,0
BRDA:46,1,1,0
BRDA:47,2,0,0
BRDA:47,2,1,0
BRDA:52,3,0,0
BRDA:52,3,1,0
BRDA:53,4,0,0
BRDA:53,4,1,0
BRDA:56,5,0,0
BRDA:56,5,1,0
BRDA:60,6,0,0
BRDA:60,6,1,0
BRDA:60,7,0,0
BRDA:60,7,1,0
BRDA:67,8,0,0
BRDA:67,8,1,0
BRF:18
BRH:0
end_of_record
TN:
SF:components\navigation\bottom-nav-config.ts
FNF:0
FNH:0
DA:14,0
LF:1
LH:0
BRF:0
BRH:0
end_of_record
TN:
SF:components\ui\collapsible.tsx
FN:10,Collapsible
FN:18,(anonymous_1)
FN:18,(anonymous_2)
FNF:3
FNH:0
FNDA:0,Collapsible
FNDA:0,(anonymous_1)
FNDA:0,(anonymous_2)
DA:11,0
DA:12,0
DA:14,0
DA:18,0
DA:35,0
LF:5
LH:0
BRDA:12,0,0,0
BRDA:12,0,1,0
BRDA:24,1,0,0
BRDA:24,1,1,0
BRDA:25,2,0,0
BRDA:25,2,1,0
BRDA:30,3,0,0
BRDA:30,3,1,0
BRF:8
BRH:0
end_of_record
TN:
SF:components\ui\icon-symbol.ios.tsx
FN:4,IconSymbol
FNF:1
FNH:0
FNDA:0,IconSymbol
DA:17,0
LF:1
LH:0
BRDA:6,0,0,0
BRDA:9,1,0,0
BRF:2
BRH:0
end_of_record
TN:
SF:components\ui\icon-symbol.tsx
FN:28,IconSymbol
FNF:1
FNH:0
FNDA:0,IconSymbol
DA:16,0
DA:40,0
LF:2
LH:0
BRDA:30,0,0,0
BRF:1
BRH:0
end_of_record
TN:
SF:services\appUpdateService.ts
FN:30,getFileSystemModule
FN:41,toObject
FN:45,pickFirstString
FN:55,extractLatestVersion
FN:94,extractDownloadUrl
FN:113,normalizeDownloadUrl
FN:130,getApkDownloadUrl
FN:135,fetchLatestAppVersion
FN:170,sanitizeAppName
FN:175,downloadAndInstallApk
FN:207,(anonymous_10)
FN:256,openUpdateDownload
FNF:12
FNH:9
FNDA:0,getFileSystemModule
FNDA:4,toObject
FNDA:4,pickFirstString
FNDA:1,extractLatestVersion
FNDA:1,extractDownloadUrl
FNDA:2,normalizeDownloadUrl
FNDA:1,getApkDownloadUrl
FNDA:1,fetchLatestAppVersion
FNDA:0,sanitizeAppName
FNDA:1,downloadAndInstallApk
FNDA:0,(anonymous_10)
FNDA:1,openUpdateDownload
DA:7,1
DA:8,1
DA:9,1
DA:10,1
DA:11,1
DA:12,1
DA:13,1
DA:31,0
DA:36,0
DA:42,4
DA:46,4
DA:47,11
DA:48,11
DA:49,2
DA:52,2
DA:56,1
DA:57,0
DA:60,1
DA:61,1
DA:62,0
DA:65,1
DA:72,1
DA:73,0
DA:76,1
DA:77,0
DA:80,1
DA:81,1
DA:82,0
DA:85,1
DA:95,1
DA:96,1
DA:97,0
DA:100,1
DA:101,1
DA:102,0
DA:105,1
DA:106,1
DA:107,0
DA:110,1
DA:114,2
DA:115,2
DA:116,0
DA:119,2
DA:120,2
DA:122,2
DA:123,2
DA:125,0
DA:131,1
DA:132,1
DA:136,1
DA:137,1
DA:139,1
DA:146,1
DA:147,0
DA:150,1
DA:152,1
DA:153,1
DA:154,1
DA:156,0
DA:159,1
DA:160,1
DA:161,0
DA:164,1
DA:171,0
DA:172,0
DA:180,1
DA:181,1
DA:185,0
DA:187,0
DA:188,0
DA:191,0
DA:192,0
DA:193,0
DA:196,0
DA:197,0
DA:199,0
DA:209,0
DA:213,0
DA:221,0
DA:222,0
DA:223,0
DA:226,0
DA:232,0
DA:233,0
DA:235,0
DA:242,0
DA:243,0
DA:244,0
DA:245,0
DA:246,0
DA:248,0
DA:252,0
DA:253,0
DA:257,1
DA:258,1
DA:260,1
DA:261,0
DA:264,1
LF:98
LH:54
BRDA:8,0,0,0
BRDA:8,0,1,1
BRDA:36,1,0,0
BRDA:36,1,1,0
BRDA:42,2,0,4
BRDA:42,2,1,0
BRDA:42,3,0,4
BRDA:42,3,1,4
BRDA:48,4,0,2
BRDA:48,4,1,9
BRDA:48,5,0,11
BRDA:48,5,1,2
BRDA:56,6,0,0
BRDA:56,6,1,1
BRDA:56,7,0,1
BRDA:56,7,1,0
BRDA:61,8,0,0
BRDA:61,8,1,1
BRDA:72,9,0,0
BRDA:72,9,1,1
BRDA:76,10,0,0
BRDA:76,10,1,1
BRDA:76,11,0,1
BRDA:76,11,1,0
BRDA:81,12,0,0
BRDA:81,12,1,1
BRDA:96,13,0,0
BRDA:96,13,1,1
BRDA:101,14,0,0
BRDA:101,14,1,1
BRDA:106,15,0,0
BRDA:106,15,1,1
BRDA:113,16,0,0
BRDA:114,17,0,2
BRDA:114,17,1,0
BRDA:115,18,0,0
BRDA:115,18,1,2
BRDA:130,19,0,0
BRDA:135,20,0,0
BRDA:146,21,0,0
BRDA:146,21,1,1
BRDA:160,22,0,0
BRDA:160,22,1,1
BRDA:172,23,0,0
BRDA:172,23,1,0
BRDA:177,24,0,1
BRDA:180,25,0,1
BRDA:180,25,1,0
BRDA:185,26,0,0
BRDA:185,26,1,0
BRDA:187,27,0,0
BRDA:187,27,1,0
BRDA:191,28,0,0
BRDA:191,28,1,0
BRDA:192,29,0,0
BRDA:192,29,1,0
BRDA:209,30,0,0
BRDA:209,30,1,0
BRDA:222,31,0,0
BRDA:222,31,1,0
BRDA:233,32,0,0
BRDA:233,32,1,0
BRDA:233,33,0,0
BRDA:233,33,1,0
BRDA:248,34,0,0
BRDA:248,34,1,0
BRDA:253,35,0,0
BRDA:253,35,1,0
BRDA:256,36,0,0
BRDA:260,37,0,0
BRDA:260,37,1,1
BRF:71
BRH:25
end_of_record
TN:
SF:services\auth-api.ts
FN:10,getAuthHost
FN:19,getLoginPayload
FN:51,isObject
FN:55,pickString
FN:70,pickToken
FN:91,pickUserName
FN:116,pickUserImage
FN:141,pickMessage
FN:154,normalizeLoginError
FN:174,parseAccessPermissions
FN:177,visitNode
FN:197,pickAccessList
FN:228,mockSuccess
FN:243,loginWithMockApi
FN:247,(anonymous_14)
FNF:15
FNH:14
FNDA:0,getAuthHost
FNDA:6,getLoginPayload
FNDA:63,isObject
FNDA:37,pickString
FNDA:3,pickToken
FNDA:3,pickUserName
FNDA:3,pickUserImage
FNDA:5,pickMessage
FNDA:2,normalizeLoginError
FNDA:3,parseAccessPermissions
FNDA:5,visitNode
FNDA:3,pickAccessList
FNDA:1,mockSuccess
FNDA:6,loginWithMockApi
FNDA:6,(anonymous_14)
DA:7,1
DA:11,0
DA:12,0
DA:13,0
DA:15,0
DA:20,6
DA:21,6
DA:22,6
DA:23,6
DA:24,6
DA:28,6
DA:31,1
DA:32,1
DA:52,63
DA:56,37
DA:57,13
DA:60,24
DA:61,90
DA:62,90
DA:63,8
DA:67,16
DA:71,3
DA:72,0
DA:75,3
DA:76,3
DA:77,1
DA:80,2
DA:81,2
DA:82,2
DA:83,2
DA:84,2
DA:88,0
DA:92,3
DA:93,3
DA:94,1
DA:97,2
DA:98,0
DA:101,2
DA:102,2
DA:103,6
DA:104,6
DA:105,0
DA:109,2
DA:110,2
DA:113,0
DA:117,3
DA:118,3
DA:119,0
DA:122,3
DA:123,0
DA:126,3
DA:127,3
DA:128,9
DA:129,9
DA:130,0
DA:134,3
DA:135,2
DA:138,1
DA:142,5
DA:143,5
DA:144,2
DA:147,3
DA:148,2
DA:151,1
DA:155,2
DA:156,2
DA:157,2
DA:159,2
DA:160,1
DA:163,1
DA:164,0
DA:167,1
DA:168,1
DA:171,0
DA:175,3
DA:178,5
DA:179,0
DA:182,5
DA:183,5
DA:185,5
DA:186,5
DA:188,5
DA:189,0
DA:192,5
DA:193,2
DA:198,3
DA:199,0
DA:202,3
DA:203,1
DA:206,2
DA:207,2
DA:210,0
DA:213,3
DA:215,3
DA:216,3
DA:218,3
DA:221,3
DA:229,1
DA:244,6
DA:245,6
DA:247,6
DA:249,6
DA:250,6
DA:262,3
DA:264,3
DA:265,3
DA:266,3
DA:276,3
DA:277,1
DA:280,2
DA:281,2
DA:284,0
DA:285,0
DA:287,0
DA:290,0
DA:291,0
DA:294,0
LF:117
LH:93
BRDA:22,0,0,6
BRDA:22,0,1,0
BRDA:23,1,0,6
BRDA:23,1,1,0
BRDA:52,2,0,63
BRDA:52,2,1,49
BRDA:56,3,0,13
BRDA:56,3,1,24
BRDA:62,4,0,8
BRDA:62,4,1,82
BRDA:62,5,0,90
BRDA:62,5,1,8
BRDA:71,6,0,0
BRDA:71,6,1,3
BRDA:76,7,0,1
BRDA:76,7,1,2
BRDA:81,8,0,2
BRDA:81,8,1,0
BRDA:83,9,0,2
BRDA:83,9,1,0
BRDA:93,10,0,1
BRDA:93,10,1,2
BRDA:97,11,0,0
BRDA:97,11,1,2
BRDA:104,12,0,0
BRDA:104,12,1,6
BRDA:109,13,0,2
BRDA:109,13,1,0
BRDA:118,14,0,0
BRDA:118,14,1,3
BRDA:122,15,0,0
BRDA:122,15,1,3
BRDA:129,16,0,0
BRDA:129,16,1,9
BRDA:134,17,0,2
BRDA:134,17,1,1
BRDA:143,18,0,2
BRDA:143,18,1,3
BRDA:147,19,0,2
BRDA:147,19,1,1
BRDA:147,20,0,3
BRDA:147,20,1,3
BRDA:157,21,0,2
BRDA:157,21,1,0
BRDA:159,22,0,1
BRDA:159,22,1,1
BRDA:159,23,0,2
BRDA:159,23,1,1
BRDA:163,24,0,0
BRDA:163,24,1,1
BRDA:167,25,0,1
BRDA:167,25,1,0
BRDA:167,26,0,1
BRDA:167,26,1,1
BRDA:167,26,2,0
BRDA:171,27,0,0
BRDA:171,27,1,0
BRDA:171,28,0,0
BRDA:171,28,1,0
BRDA:178,29,0,0
BRDA:178,29,1,5
BRDA:182,30,0,5
BRDA:182,30,1,0
BRDA:183,31,0,0
BRDA:183,31,1,5
BRDA:185,32,0,5
BRDA:185,32,1,0
BRDA:188,33,0,0
BRDA:188,33,1,5
BRDA:192,34,0,2
BRDA:192,34,1,3
BRDA:198,35,0,0
BRDA:198,35,1,3
BRDA:202,36,0,1
BRDA:202,36,1,2
BRDA:206,37,0,2
BRDA:206,37,1,0
BRDA:206,38,0,2
BRDA:206,38,1,2
BRDA:216,39,0,3
BRDA:216,39,1,2
BRDA:216,39,2,1
BRDA:218,40,0,3
BRDA:218,40,1,2
BRDA:218,40,2,1
BRDA:265,41,0,3
BRDA:265,41,1,0
BRDA:269,42,0,3
BRDA:269,42,1,1
BRDA:271,43,0,3
BRDA:271,43,1,3
BRDA:276,44,0,1
BRDA:276,44,1,2
BRDA:276,45,0,3
BRDA:276,45,1,1
BRDA:280,46,0,2
BRDA:280,46,1,0
BRDA:284,47,0,0
BRDA:284,47,1,0
BRDA:290,48,0,0
BRDA:290,48,1,0
BRDA:290,49,0,0
BRDA:290,49,1,0
BRF:103
BRH:69
end_of_record
TN:
SF:services\auth-storage.ts
FN:32,saveAuthToken
FN:40,getAuthToken
FN:48,clearAuthToken
FN:56,saveRememberedLogin
FN:64,getRememberedLogin
FN:72,clearRememberedLogin
FN:80,saveUserProfile
FN:88,getUserProfile
FN:109,clearUserProfile
FN:117,saveAccessPermissions
FN:129,getAccessPermissions
FN:147,clearAccessPermissions
FN:155,saveBiometricCredentials
FN:167,getBiometricCredentials
FN:191,clearBiometricCredentials
FN:199,saveBiometricEnabled
FN:212,getBiometricEnabled
FN:220,clearBiometricEnabled
FNF:18
FNH:18
FNDA:1,saveAuthToken
FNDA:1,getAuthToken
FNDA:1,clearAuthToken
FNDA:1,saveRememberedLogin
FNDA:2,getRememberedLogin
FNDA:1,clearRememberedLogin
FNDA:1,saveUserProfile
FNDA:3,getUserProfile
FNDA:1,clearUserProfile
FNDA:1,saveAccessPermissions
FNDA:2,getAccessPermissions
FNDA:1,clearAccessPermissions
FNDA:1,saveBiometricCredentials
FNDA:2,getBiometricCredentials
FNDA:1,clearBiometricCredentials
FNDA:1,saveBiometricEnabled
FNDA:1,getBiometricEnabled
FNDA:1,clearBiometricEnabled
DA:5,1
DA:6,1
DA:7,1
DA:8,1
DA:9,1
DA:10,1
DA:22,1
DA:28,1
DA:33,1
DA:34,1
DA:41,1
DA:42,1
DA:44,0
DA:49,1
DA:50,1
DA:57,1
DA:58,1
DA:65,2
DA:66,2
DA:68,0
DA:73,1
DA:74,1
DA:81,1
DA:82,1
DA:89,3
DA:90,3
DA:91,3
DA:92,0
DA:95,3
DA:96,3
DA:97,1
DA:100,2
DA:105,0
DA:110,1
DA:111,1
DA:118,1
DA:119,1
DA:130,2
DA:131,2
DA:132,2
DA:133,0
DA:136,2
DA:137,1
DA:143,1
DA:148,1
DA:149,1
DA:156,1
DA:157,1
DA:168,2
DA:169,2
DA:170,2
DA:171,0
DA:174,2
DA:175,2
DA:176,1
DA:178,1
DA:179,0
DA:182,1
DA:187,0
DA:192,1
DA:193,1
DA:200,1
DA:201,1
DA:202,0
DA:203,0
DA:206,1
DA:213,1
DA:214,1
DA:216,0
DA:221,1
DA:222,1
LF:71
LH:60
BRDA:91,0,0,0
BRDA:91,0,1,3
BRDA:96,1,0,1
BRDA:96,1,1,2
BRDA:96,2,0,3
BRDA:96,2,1,3
BRDA:102,3,0,1
BRDA:102,3,1,1
BRDA:102,4,0,2
BRDA:102,4,1,1
BRDA:132,5,0,0
BRDA:132,5,1,2
BRDA:170,6,0,0
BRDA:170,6,1,2
BRDA:175,7,0,1
BRDA:175,7,1,1
BRDA:175,8,0,2
BRDA:175,8,1,2
BRDA:178,9,0,0
BRDA:178,9,1,1
BRDA:178,10,0,1
BRDA:178,10,1,1
BRDA:201,11,0,0
BRDA:201,11,1,1
BRF:24
BRH:19
end_of_record
TN:
SF:services\biometric-auth.ts
FN:11,mapAuthenticationLabel
FN:26,getBiometricSupport
FN:44,authenticateWithBiometrics
FNF:3
FNH:3
FNDA:2,mapAuthenticationLabel
FNDA:2,getBiometricSupport
FNDA:1,authenticateWithBiometrics
DA:12,2
DA:13,1
DA:16,1
DA:20,1
DA:23,0
DA:27,2
DA:33,2
DA:35,2
DA:45,1
DA:52,1
LF:10
LH:9
BRDA:12,0,0,1
BRDA:12,0,1,1
BRDA:16,1,0,1
BRDA:16,1,1,0
BRDA:17,2,0,1
BRDA:17,2,1,0
BRDA:33,3,0,2
BRDA:33,3,1,2
BRDA:33,3,2,2
BRDA:46,4,0,1
BRDA:46,4,1,0
BRF:11
BRH:8
end_of_record
TN:
SF:utils\access-control.ts
FN:3,hasAnyAccessPermission
FN:7,hasAnyQsrReportAccess
FN:11,getDefaultQsrRoute
FN:23,getDefaultAuthenticatedRoute
FN:27,canAccessQsrRoute
FNF:5
FNH:5
FNDA:5,hasAnyAccessPermission
FNDA:5,hasAnyQsrReportAccess
FNDA:5,getDefaultQsrRoute
FNDA:2,getDefaultAuthenticatedRoute
FNDA:6,canAccessQsrRoute
DA:4,5
DA:8,5
DA:12,5
DA:13,2
DA:16,3
DA:17,1
DA:20,2
DA:24,2
DA:28,6
DA:29,0
DA:32,6
DA:33,3
DA:36,3
DA:37,3
DA:40,0
LF:15
LH:13
BRDA:8,0,0,5
BRDA:8,0,1,2
BRDA:12,1,0,2
BRDA:12,1,1,3
BRDA:16,2,0,1
BRDA:16,2,1,2
BRDA:24,3,0,2
BRDA:24,3,1,1
BRDA:28,4,0,0
BRDA:28,4,1,6
BRDA:32,5,0,3
BRDA:32,5,1,3
BRDA:36,6,0,3
BRDA:36,6,1,0
BRF:14
BRH:12
end_of_record
TN:
SF:utils\app-config.ts
FN:12,toObject
FN:16,getExtraFromManifest2
FN:25,getAppExtra
FN:39,isUatEnabled
FN:43,getWebViewToken
FN:48,getAppName
FN:53,getAboutCompanyWebsite
FN:58,getAboutSupportEmail
FN:63,getAboutSupportPhone
FN:68,getAboutDeveloperName
FNF:10
FNH:10
FNDA:30,toObject
FNDA:2,getExtraFromManifest2
FNDA:14,getAppExtra
FNDA:3,isUatEnabled
FNDA:3,getWebViewToken
FNDA:65,getAppName
FNDA:2,getAboutCompanyWebsite
FNDA:2,getAboutSupportEmail
FNDA:2,getAboutSupportPhone
FNDA:2,getAboutDeveloperName
DA:13,30
DA:17,2
DA:18,2
DA:19,2
DA:20,2
DA:22,2
DA:26,14
DA:27,14
DA:28,6
DA:31,8
DA:32,8
DA:33,6
DA:36,2
DA:40,3
DA:44,3
DA:45,3
DA:49,65
DA:50,65
DA:54,2
DA:55,2
DA:59,2
DA:60,2
DA:64,2
DA:65,2
DA:69,2
DA:70,2
LF:26
LH:26
BRDA:13,0,0,20
BRDA:13,0,1,10
BRDA:13,1,0,30
BRDA:13,1,1,20
BRDA:27,2,0,6
BRDA:27,2,1,8
BRDA:32,3,0,6
BRDA:32,3,1,2
BRDA:36,4,0,2
BRDA:36,4,1,0
BRDA:45,5,0,3
BRDA:45,5,1,0
BRDA:50,6,0,1
BRDA:50,6,1,64
BRDA:50,7,0,65
BRDA:50,7,1,1
BRDA:55,8,0,1
BRDA:55,8,1,1
BRDA:55,9,0,2
BRDA:55,9,1,1
BRDA:60,10,0,1
BRDA:60,10,1,1
BRDA:60,11,0,2
BRDA:60,11,1,1
BRDA:65,12,0,1
BRDA:65,12,1,1
BRDA:65,13,0,2
BRDA:65,13,1,1
BRDA:70,14,0,1
BRDA:70,14,1,1
BRDA:70,15,0,2
BRDA:70,15,1,1
BRF:32
BRH:30
end_of_record
TN:
SF:utils\check-internet.ts
FN:3,hasInternetAccess
FN:11,checkInternetConnection
FNF:2
FNH:2
FNDA:7,hasInternetAccess
FNDA:1,checkInternetConnection
DA:6,7
DA:7,7
DA:8,7
DA:12,1
DA:13,1
LF:5
LH:5
BRDA:8,0,0,7
BRDA:8,0,1,6
BRF:2
BRH:2
end_of_record
TN:
SF:utils\deviceInfo.ts
FN:7,getMobileDetailsForLogin
FNF:1
FNH:1
FNDA:2,getMobileDetailsForLogin
DA:8,2
DA:9,2
DA:13,2
DA:14,1
DA:15,1
DA:17,1
DA:18,1
DA:20,1
DA:22,1
LF:9
LH:9
BRDA:14,0,0,1
BRDA:14,0,1,0
BRDA:17,1,0,1
BRDA:17,1,1,0
BRDA:22,2,0,1
BRDA:22,2,1,0
BRDA:22,3,0,1
BRDA:22,3,1,0
BRF:8
BRH:4
end_of_record
TN:
SF:utils\versionCompare.ts
FN:1,toVersionParts
FN:7,(anonymous_1)
FN:7,(anonymous_2)
FN:10,compareVersions
FN:30,isVersionLower
FNF:5
FNH:5
FNDA:54,toVersionParts
FNDA:161,(anonymous_1)
FNDA:161,(anonymous_2)
FNDA:27,compareVersions
FNDA:22,isVersionLower
DA:2,54
DA:3,54
DA:4,0
DA:7,161
DA:11,27
DA:12,27
DA:13,27
DA:15,27
DA:16,78
DA:17,78
DA:19,78
DA:20,4
DA:22,74
DA:23,2
DA:27,21
DA:31,22
LF:16
LH:15
BRDA:3,0,0,0
BRDA:3,0,1,54
BRDA:16,1,0,78
BRDA:16,1,1,1
BRDA:17,2,0,78
BRDA:17,2,1,0
BRDA:19,3,0,4
BRDA:19,3,1,74
BRDA:22,4,0,2
BRDA:22,4,1,72
BRF:10
BRH:8
end_of_record
